[2023-11-09T10:14:41.833-0300] {processor.py:157} INFO - Started process (PID=16386) to work on /Users/lucasmorrone/Documents/airflow/env/lib/python3.11/site-packages/airflow/example_dags/plugins/event_listener.py
[2023-11-09T10:14:41.834-0300] {processor.py:826} INFO - Processing file /Users/lucasmorrone/Documents/airflow/env/lib/python3.11/site-packages/airflow/example_dags/plugins/event_listener.py for tasks to queue
[2023-11-09T10:14:41.835-0300] {logging_mixin.py:149} INFO - [2023-11-09T10:14:41.834-0300] {dagbag.py:541} INFO - Filling up the DagBag from /Users/lucasmorrone/Documents/airflow/env/lib/python3.11/site-packages/airflow/example_dags/plugins/event_listener.py
[2023-11-09T10:14:41.838-0300] {processor.py:838} WARNING - No viable dags retrieved from /Users/lucasmorrone/Documents/airflow/env/lib/python3.11/site-packages/airflow/example_dags/plugins/event_listener.py
[2023-11-09T10:14:43.038-0300] {processor.py:179} INFO - Processing /Users/lucasmorrone/Documents/airflow/env/lib/python3.11/site-packages/airflow/example_dags/plugins/event_listener.py took 1.207 seconds
[2023-11-09T10:18:10.659-0300] {processor.py:157} INFO - Started process (PID=16603) to work on /Users/lucasmorrone/Documents/airflow/env/lib/python3.11/site-packages/airflow/example_dags/plugins/event_listener.py
[2023-11-09T10:18:10.661-0300] {processor.py:826} INFO - Processing file /Users/lucasmorrone/Documents/airflow/env/lib/python3.11/site-packages/airflow/example_dags/plugins/event_listener.py for tasks to queue
[2023-11-09T10:18:10.662-0300] {logging_mixin.py:149} INFO - [2023-11-09T10:18:10.662-0300] {dagbag.py:541} INFO - Filling up the DagBag from /Users/lucasmorrone/Documents/airflow/env/lib/python3.11/site-packages/airflow/example_dags/plugins/event_listener.py
[2023-11-09T10:18:10.664-0300] {processor.py:838} WARNING - No viable dags retrieved from /Users/lucasmorrone/Documents/airflow/env/lib/python3.11/site-packages/airflow/example_dags/plugins/event_listener.py
[2023-11-09T10:18:12.544-0300] {processor.py:179} INFO - Processing /Users/lucasmorrone/Documents/airflow/env/lib/python3.11/site-packages/airflow/example_dags/plugins/event_listener.py took 1.886 seconds
[2023-11-09T10:21:26.482-0300] {processor.py:157} INFO - Started process (PID=16732) to work on /Users/lucasmorrone/Documents/airflow/env/lib/python3.11/site-packages/airflow/example_dags/plugins/event_listener.py
[2023-11-09T10:21:26.484-0300] {processor.py:826} INFO - Processing file /Users/lucasmorrone/Documents/airflow/env/lib/python3.11/site-packages/airflow/example_dags/plugins/event_listener.py for tasks to queue
[2023-11-09T10:21:26.485-0300] {logging_mixin.py:149} INFO - [2023-11-09T10:21:26.484-0300] {dagbag.py:541} INFO - Filling up the DagBag from /Users/lucasmorrone/Documents/airflow/env/lib/python3.11/site-packages/airflow/example_dags/plugins/event_listener.py
[2023-11-09T10:21:26.486-0300] {processor.py:838} WARNING - No viable dags retrieved from /Users/lucasmorrone/Documents/airflow/env/lib/python3.11/site-packages/airflow/example_dags/plugins/event_listener.py
[2023-11-09T10:21:27.549-0300] {processor.py:179} INFO - Processing /Users/lucasmorrone/Documents/airflow/env/lib/python3.11/site-packages/airflow/example_dags/plugins/event_listener.py took 1.068 seconds
[2023-11-09T10:24:32.138-0300] {processor.py:157} INFO - Started process (PID=17007) to work on /Users/lucasmorrone/Documents/airflow/env/lib/python3.11/site-packages/airflow/example_dags/plugins/event_listener.py
[2023-11-09T10:24:32.141-0300] {processor.py:826} INFO - Processing file /Users/lucasmorrone/Documents/airflow/env/lib/python3.11/site-packages/airflow/example_dags/plugins/event_listener.py for tasks to queue
[2023-11-09T10:24:32.143-0300] {logging_mixin.py:149} INFO - [2023-11-09T10:24:32.142-0300] {dagbag.py:541} INFO - Filling up the DagBag from /Users/lucasmorrone/Documents/airflow/env/lib/python3.11/site-packages/airflow/example_dags/plugins/event_listener.py
[2023-11-09T10:24:32.146-0300] {processor.py:838} WARNING - No viable dags retrieved from /Users/lucasmorrone/Documents/airflow/env/lib/python3.11/site-packages/airflow/example_dags/plugins/event_listener.py
[2023-11-09T10:24:33.449-0300] {processor.py:179} INFO - Processing /Users/lucasmorrone/Documents/airflow/env/lib/python3.11/site-packages/airflow/example_dags/plugins/event_listener.py took 1.313 seconds
[2023-11-09T10:27:01.319-0300] {processor.py:157} INFO - Started process (PID=17232) to work on /Users/lucasmorrone/Documents/airflow/env/lib/python3.11/site-packages/airflow/example_dags/plugins/event_listener.py
[2023-11-09T10:27:01.320-0300] {processor.py:826} INFO - Processing file /Users/lucasmorrone/Documents/airflow/env/lib/python3.11/site-packages/airflow/example_dags/plugins/event_listener.py for tasks to queue
[2023-11-09T10:27:01.321-0300] {logging_mixin.py:149} INFO - [2023-11-09T10:27:01.321-0300] {dagbag.py:541} INFO - Filling up the DagBag from /Users/lucasmorrone/Documents/airflow/env/lib/python3.11/site-packages/airflow/example_dags/plugins/event_listener.py
[2023-11-09T10:27:01.322-0300] {processor.py:838} WARNING - No viable dags retrieved from /Users/lucasmorrone/Documents/airflow/env/lib/python3.11/site-packages/airflow/example_dags/plugins/event_listener.py
[2023-11-09T10:27:02.949-0300] {processor.py:179} INFO - Processing /Users/lucasmorrone/Documents/airflow/env/lib/python3.11/site-packages/airflow/example_dags/plugins/event_listener.py took 1.632 seconds
[2023-11-09T10:31:13.799-0300] {processor.py:157} INFO - Started process (PID=17628) to work on /Users/lucasmorrone/Documents/airflow/env/lib/python3.11/site-packages/airflow/example_dags/plugins/event_listener.py
[2023-11-09T10:31:13.801-0300] {processor.py:826} INFO - Processing file /Users/lucasmorrone/Documents/airflow/env/lib/python3.11/site-packages/airflow/example_dags/plugins/event_listener.py for tasks to queue
[2023-11-09T10:31:13.802-0300] {logging_mixin.py:149} INFO - [2023-11-09T10:31:13.802-0300] {dagbag.py:541} INFO - Filling up the DagBag from /Users/lucasmorrone/Documents/airflow/env/lib/python3.11/site-packages/airflow/example_dags/plugins/event_listener.py
[2023-11-09T10:31:13.803-0300] {processor.py:838} WARNING - No viable dags retrieved from /Users/lucasmorrone/Documents/airflow/env/lib/python3.11/site-packages/airflow/example_dags/plugins/event_listener.py
[2023-11-09T10:31:14.868-0300] {processor.py:179} INFO - Processing /Users/lucasmorrone/Documents/airflow/env/lib/python3.11/site-packages/airflow/example_dags/plugins/event_listener.py took 1.070 seconds
[2023-11-09T10:34:36.667-0300] {processor.py:157} INFO - Started process (PID=17910) to work on /Users/lucasmorrone/Documents/airflow/env/lib/python3.11/site-packages/airflow/example_dags/plugins/event_listener.py
[2023-11-09T10:34:36.670-0300] {processor.py:826} INFO - Processing file /Users/lucasmorrone/Documents/airflow/env/lib/python3.11/site-packages/airflow/example_dags/plugins/event_listener.py for tasks to queue
[2023-11-09T10:34:36.671-0300] {logging_mixin.py:149} INFO - [2023-11-09T10:34:36.671-0300] {dagbag.py:541} INFO - Filling up the DagBag from /Users/lucasmorrone/Documents/airflow/env/lib/python3.11/site-packages/airflow/example_dags/plugins/event_listener.py
[2023-11-09T10:34:36.673-0300] {processor.py:838} WARNING - No viable dags retrieved from /Users/lucasmorrone/Documents/airflow/env/lib/python3.11/site-packages/airflow/example_dags/plugins/event_listener.py
[2023-11-09T10:34:37.540-0300] {processor.py:179} INFO - Processing /Users/lucasmorrone/Documents/airflow/env/lib/python3.11/site-packages/airflow/example_dags/plugins/event_listener.py took 0.874 seconds
