[2023-11-09T10:14:37.738-0300] {processor.py:157} INFO - Started process (PID=16384) to work on /Users/lucasmorrone/Documents/airflow/env/lib/python3.11/site-packages/airflow/example_dags/plugins/listener_plugin.py
[2023-11-09T10:14:37.739-0300] {processor.py:826} INFO - Processing file /Users/lucasmorrone/Documents/airflow/env/lib/python3.11/site-packages/airflow/example_dags/plugins/listener_plugin.py for tasks to queue
[2023-11-09T10:14:37.740-0300] {logging_mixin.py:149} INFO - [2023-11-09T10:14:37.739-0300] {dagbag.py:541} INFO - Filling up the DagBag from /Users/lucasmorrone/Documents/airflow/env/lib/python3.11/site-packages/airflow/example_dags/plugins/listener_plugin.py
[2023-11-09T10:14:37.742-0300] {processor.py:838} WARNING - No viable dags retrieved from /Users/lucasmorrone/Documents/airflow/env/lib/python3.11/site-packages/airflow/example_dags/plugins/listener_plugin.py
[2023-11-09T10:14:39.067-0300] {processor.py:179} INFO - Processing /Users/lucasmorrone/Documents/airflow/env/lib/python3.11/site-packages/airflow/example_dags/plugins/listener_plugin.py took 1.331 seconds
[2023-11-09T10:18:04.863-0300] {processor.py:157} INFO - Started process (PID=16601) to work on /Users/lucasmorrone/Documents/airflow/env/lib/python3.11/site-packages/airflow/example_dags/plugins/listener_plugin.py
[2023-11-09T10:18:04.864-0300] {processor.py:826} INFO - Processing file /Users/lucasmorrone/Documents/airflow/env/lib/python3.11/site-packages/airflow/example_dags/plugins/listener_plugin.py for tasks to queue
[2023-11-09T10:18:04.865-0300] {logging_mixin.py:149} INFO - [2023-11-09T10:18:04.864-0300] {dagbag.py:541} INFO - Filling up the DagBag from /Users/lucasmorrone/Documents/airflow/env/lib/python3.11/site-packages/airflow/example_dags/plugins/listener_plugin.py
[2023-11-09T10:18:04.867-0300] {processor.py:838} WARNING - No viable dags retrieved from /Users/lucasmorrone/Documents/airflow/env/lib/python3.11/site-packages/airflow/example_dags/plugins/listener_plugin.py
[2023-11-09T10:18:06.082-0300] {processor.py:179} INFO - Processing /Users/lucasmorrone/Documents/airflow/env/lib/python3.11/site-packages/airflow/example_dags/plugins/listener_plugin.py took 1.221 seconds
[2023-11-09T10:21:21.495-0300] {processor.py:157} INFO - Started process (PID=16730) to work on /Users/lucasmorrone/Documents/airflow/env/lib/python3.11/site-packages/airflow/example_dags/plugins/listener_plugin.py
[2023-11-09T10:21:21.497-0300] {processor.py:826} INFO - Processing file /Users/lucasmorrone/Documents/airflow/env/lib/python3.11/site-packages/airflow/example_dags/plugins/listener_plugin.py for tasks to queue
[2023-11-09T10:21:21.498-0300] {logging_mixin.py:149} INFO - [2023-11-09T10:21:21.498-0300] {dagbag.py:541} INFO - Filling up the DagBag from /Users/lucasmorrone/Documents/airflow/env/lib/python3.11/site-packages/airflow/example_dags/plugins/listener_plugin.py
[2023-11-09T10:21:21.503-0300] {processor.py:838} WARNING - No viable dags retrieved from /Users/lucasmorrone/Documents/airflow/env/lib/python3.11/site-packages/airflow/example_dags/plugins/listener_plugin.py
[2023-11-09T10:21:23.685-0300] {processor.py:179} INFO - Processing /Users/lucasmorrone/Documents/airflow/env/lib/python3.11/site-packages/airflow/example_dags/plugins/listener_plugin.py took 2.192 seconds
[2023-11-09T10:24:28.024-0300] {processor.py:157} INFO - Started process (PID=17006) to work on /Users/lucasmorrone/Documents/airflow/env/lib/python3.11/site-packages/airflow/example_dags/plugins/listener_plugin.py
[2023-11-09T10:24:28.025-0300] {processor.py:826} INFO - Processing file /Users/lucasmorrone/Documents/airflow/env/lib/python3.11/site-packages/airflow/example_dags/plugins/listener_plugin.py for tasks to queue
[2023-11-09T10:24:28.025-0300] {logging_mixin.py:149} INFO - [2023-11-09T10:24:28.025-0300] {dagbag.py:541} INFO - Filling up the DagBag from /Users/lucasmorrone/Documents/airflow/env/lib/python3.11/site-packages/airflow/example_dags/plugins/listener_plugin.py
[2023-11-09T10:24:28.028-0300] {processor.py:838} WARNING - No viable dags retrieved from /Users/lucasmorrone/Documents/airflow/env/lib/python3.11/site-packages/airflow/example_dags/plugins/listener_plugin.py
[2023-11-09T10:24:29.069-0300] {processor.py:179} INFO - Processing /Users/lucasmorrone/Documents/airflow/env/lib/python3.11/site-packages/airflow/example_dags/plugins/listener_plugin.py took 1.047 seconds
[2023-11-09T10:26:55.571-0300] {processor.py:157} INFO - Started process (PID=17220) to work on /Users/lucasmorrone/Documents/airflow/env/lib/python3.11/site-packages/airflow/example_dags/plugins/listener_plugin.py
[2023-11-09T10:26:55.574-0300] {processor.py:826} INFO - Processing file /Users/lucasmorrone/Documents/airflow/env/lib/python3.11/site-packages/airflow/example_dags/plugins/listener_plugin.py for tasks to queue
[2023-11-09T10:26:55.575-0300] {logging_mixin.py:149} INFO - [2023-11-09T10:26:55.575-0300] {dagbag.py:541} INFO - Filling up the DagBag from /Users/lucasmorrone/Documents/airflow/env/lib/python3.11/site-packages/airflow/example_dags/plugins/listener_plugin.py
[2023-11-09T10:26:55.580-0300] {processor.py:838} WARNING - No viable dags retrieved from /Users/lucasmorrone/Documents/airflow/env/lib/python3.11/site-packages/airflow/example_dags/plugins/listener_plugin.py
[2023-11-09T10:26:56.986-0300] {processor.py:179} INFO - Processing /Users/lucasmorrone/Documents/airflow/env/lib/python3.11/site-packages/airflow/example_dags/plugins/listener_plugin.py took 1.418 seconds
[2023-11-09T10:31:09.737-0300] {processor.py:157} INFO - Started process (PID=17617) to work on /Users/lucasmorrone/Documents/airflow/env/lib/python3.11/site-packages/airflow/example_dags/plugins/listener_plugin.py
[2023-11-09T10:31:09.741-0300] {processor.py:826} INFO - Processing file /Users/lucasmorrone/Documents/airflow/env/lib/python3.11/site-packages/airflow/example_dags/plugins/listener_plugin.py for tasks to queue
[2023-11-09T10:31:09.741-0300] {logging_mixin.py:149} INFO - [2023-11-09T10:31:09.741-0300] {dagbag.py:541} INFO - Filling up the DagBag from /Users/lucasmorrone/Documents/airflow/env/lib/python3.11/site-packages/airflow/example_dags/plugins/listener_plugin.py
[2023-11-09T10:31:09.744-0300] {processor.py:838} WARNING - No viable dags retrieved from /Users/lucasmorrone/Documents/airflow/env/lib/python3.11/site-packages/airflow/example_dags/plugins/listener_plugin.py
[2023-11-09T10:31:10.893-0300] {processor.py:179} INFO - Processing /Users/lucasmorrone/Documents/airflow/env/lib/python3.11/site-packages/airflow/example_dags/plugins/listener_plugin.py took 1.158 seconds
[2023-11-09T10:34:32.842-0300] {processor.py:157} INFO - Started process (PID=17909) to work on /Users/lucasmorrone/Documents/airflow/env/lib/python3.11/site-packages/airflow/example_dags/plugins/listener_plugin.py
[2023-11-09T10:34:32.844-0300] {processor.py:826} INFO - Processing file /Users/lucasmorrone/Documents/airflow/env/lib/python3.11/site-packages/airflow/example_dags/plugins/listener_plugin.py for tasks to queue
[2023-11-09T10:34:32.845-0300] {logging_mixin.py:149} INFO - [2023-11-09T10:34:32.845-0300] {dagbag.py:541} INFO - Filling up the DagBag from /Users/lucasmorrone/Documents/airflow/env/lib/python3.11/site-packages/airflow/example_dags/plugins/listener_plugin.py
[2023-11-09T10:34:32.848-0300] {processor.py:838} WARNING - No viable dags retrieved from /Users/lucasmorrone/Documents/airflow/env/lib/python3.11/site-packages/airflow/example_dags/plugins/listener_plugin.py
[2023-11-09T10:34:33.767-0300] {processor.py:179} INFO - Processing /Users/lucasmorrone/Documents/airflow/env/lib/python3.11/site-packages/airflow/example_dags/plugins/listener_plugin.py took 0.926 seconds
