[2023-11-09T10:14:34.160-0300] {processor.py:157} INFO - Started process (PID=16383) to work on /Users/lucasmorrone/Documents/airflow/env/lib/python3.11/site-packages/airflow/example_dags/plugins/workday.py
[2023-11-09T10:14:34.162-0300] {processor.py:826} INFO - Processing file /Users/lucasmorrone/Documents/airflow/env/lib/python3.11/site-packages/airflow/example_dags/plugins/workday.py for tasks to queue
[2023-11-09T10:14:34.163-0300] {logging_mixin.py:149} INFO - [2023-11-09T10:14:34.163-0300] {dagbag.py:541} INFO - Filling up the DagBag from /Users/lucasmorrone/Documents/airflow/env/lib/python3.11/site-packages/airflow/example_dags/plugins/workday.py
[2023-11-09T10:14:34.165-0300] {logging_mixin.py:149} INFO - [2023-11-09T10:14:34.165-0300] {workday.py:36} WARNING - Could not import pandas. Holidays will not be considered.
[2023-11-09T10:14:34.166-0300] {processor.py:838} WARNING - No viable dags retrieved from /Users/lucasmorrone/Documents/airflow/env/lib/python3.11/site-packages/airflow/example_dags/plugins/workday.py
[2023-11-09T10:14:35.154-0300] {processor.py:179} INFO - Processing /Users/lucasmorrone/Documents/airflow/env/lib/python3.11/site-packages/airflow/example_dags/plugins/workday.py took 0.995 seconds
[2023-11-09T10:17:59.844-0300] {processor.py:157} INFO - Started process (PID=16591) to work on /Users/lucasmorrone/Documents/airflow/env/lib/python3.11/site-packages/airflow/example_dags/plugins/workday.py
[2023-11-09T10:17:59.846-0300] {processor.py:826} INFO - Processing file /Users/lucasmorrone/Documents/airflow/env/lib/python3.11/site-packages/airflow/example_dags/plugins/workday.py for tasks to queue
[2023-11-09T10:17:59.847-0300] {logging_mixin.py:149} INFO - [2023-11-09T10:17:59.846-0300] {dagbag.py:541} INFO - Filling up the DagBag from /Users/lucasmorrone/Documents/airflow/env/lib/python3.11/site-packages/airflow/example_dags/plugins/workday.py
[2023-11-09T10:17:59.850-0300] {logging_mixin.py:149} INFO - [2023-11-09T10:17:59.849-0300] {workday.py:36} WARNING - Could not import pandas. Holidays will not be considered.
[2023-11-09T10:17:59.850-0300] {processor.py:838} WARNING - No viable dags retrieved from /Users/lucasmorrone/Documents/airflow/env/lib/python3.11/site-packages/airflow/example_dags/plugins/workday.py
[2023-11-09T10:18:01.193-0300] {processor.py:179} INFO - Processing /Users/lucasmorrone/Documents/airflow/env/lib/python3.11/site-packages/airflow/example_dags/plugins/workday.py took 1.351 seconds
[2023-11-09T10:21:16.963-0300] {processor.py:157} INFO - Started process (PID=16729) to work on /Users/lucasmorrone/Documents/airflow/env/lib/python3.11/site-packages/airflow/example_dags/plugins/workday.py
[2023-11-09T10:21:16.965-0300] {processor.py:826} INFO - Processing file /Users/lucasmorrone/Documents/airflow/env/lib/python3.11/site-packages/airflow/example_dags/plugins/workday.py for tasks to queue
[2023-11-09T10:21:16.966-0300] {logging_mixin.py:149} INFO - [2023-11-09T10:21:16.965-0300] {dagbag.py:541} INFO - Filling up the DagBag from /Users/lucasmorrone/Documents/airflow/env/lib/python3.11/site-packages/airflow/example_dags/plugins/workday.py
[2023-11-09T10:21:16.967-0300] {logging_mixin.py:149} INFO - [2023-11-09T10:21:16.967-0300] {workday.py:36} WARNING - Could not import pandas. Holidays will not be considered.
[2023-11-09T10:21:16.968-0300] {processor.py:838} WARNING - No viable dags retrieved from /Users/lucasmorrone/Documents/airflow/env/lib/python3.11/site-packages/airflow/example_dags/plugins/workday.py
[2023-11-09T10:21:17.967-0300] {processor.py:179} INFO - Processing /Users/lucasmorrone/Documents/airflow/env/lib/python3.11/site-packages/airflow/example_dags/plugins/workday.py took 1.005 seconds
[2023-11-09T10:24:23.669-0300] {processor.py:157} INFO - Started process (PID=17004) to work on /Users/lucasmorrone/Documents/airflow/env/lib/python3.11/site-packages/airflow/example_dags/plugins/workday.py
[2023-11-09T10:24:23.670-0300] {processor.py:826} INFO - Processing file /Users/lucasmorrone/Documents/airflow/env/lib/python3.11/site-packages/airflow/example_dags/plugins/workday.py for tasks to queue
[2023-11-09T10:24:23.671-0300] {logging_mixin.py:149} INFO - [2023-11-09T10:24:23.671-0300] {dagbag.py:541} INFO - Filling up the DagBag from /Users/lucasmorrone/Documents/airflow/env/lib/python3.11/site-packages/airflow/example_dags/plugins/workday.py
[2023-11-09T10:24:23.672-0300] {logging_mixin.py:149} INFO - [2023-11-09T10:24:23.672-0300] {workday.py:36} WARNING - Could not import pandas. Holidays will not be considered.
[2023-11-09T10:24:23.673-0300] {processor.py:838} WARNING - No viable dags retrieved from /Users/lucasmorrone/Documents/airflow/env/lib/python3.11/site-packages/airflow/example_dags/plugins/workday.py
[2023-11-09T10:24:24.823-0300] {processor.py:179} INFO - Processing /Users/lucasmorrone/Documents/airflow/env/lib/python3.11/site-packages/airflow/example_dags/plugins/workday.py took 1.156 seconds
[2023-11-09T10:26:51.299-0300] {processor.py:157} INFO - Started process (PID=17207) to work on /Users/lucasmorrone/Documents/airflow/env/lib/python3.11/site-packages/airflow/example_dags/plugins/workday.py
[2023-11-09T10:26:51.300-0300] {processor.py:826} INFO - Processing file /Users/lucasmorrone/Documents/airflow/env/lib/python3.11/site-packages/airflow/example_dags/plugins/workday.py for tasks to queue
[2023-11-09T10:26:51.301-0300] {logging_mixin.py:149} INFO - [2023-11-09T10:26:51.300-0300] {dagbag.py:541} INFO - Filling up the DagBag from /Users/lucasmorrone/Documents/airflow/env/lib/python3.11/site-packages/airflow/example_dags/plugins/workday.py
[2023-11-09T10:26:51.303-0300] {logging_mixin.py:149} INFO - [2023-11-09T10:26:51.302-0300] {workday.py:36} WARNING - Could not import pandas. Holidays will not be considered.
[2023-11-09T10:26:51.303-0300] {processor.py:838} WARNING - No viable dags retrieved from /Users/lucasmorrone/Documents/airflow/env/lib/python3.11/site-packages/airflow/example_dags/plugins/workday.py
[2023-11-09T10:26:52.975-0300] {processor.py:179} INFO - Processing /Users/lucasmorrone/Documents/airflow/env/lib/python3.11/site-packages/airflow/example_dags/plugins/workday.py took 1.678 seconds
[2023-11-09T10:31:05.371-0300] {processor.py:157} INFO - Started process (PID=17615) to work on /Users/lucasmorrone/Documents/airflow/env/lib/python3.11/site-packages/airflow/example_dags/plugins/workday.py
[2023-11-09T10:31:05.373-0300] {processor.py:826} INFO - Processing file /Users/lucasmorrone/Documents/airflow/env/lib/python3.11/site-packages/airflow/example_dags/plugins/workday.py for tasks to queue
[2023-11-09T10:31:05.374-0300] {logging_mixin.py:149} INFO - [2023-11-09T10:31:05.374-0300] {dagbag.py:541} INFO - Filling up the DagBag from /Users/lucasmorrone/Documents/airflow/env/lib/python3.11/site-packages/airflow/example_dags/plugins/workday.py
[2023-11-09T10:31:05.377-0300] {logging_mixin.py:149} INFO - [2023-11-09T10:31:05.376-0300] {workday.py:36} WARNING - Could not import pandas. Holidays will not be considered.
[2023-11-09T10:31:05.377-0300] {processor.py:838} WARNING - No viable dags retrieved from /Users/lucasmorrone/Documents/airflow/env/lib/python3.11/site-packages/airflow/example_dags/plugins/workday.py
[2023-11-09T10:31:06.780-0300] {processor.py:179} INFO - Processing /Users/lucasmorrone/Documents/airflow/env/lib/python3.11/site-packages/airflow/example_dags/plugins/workday.py took 1.412 seconds
[2023-11-09T10:34:28.013-0300] {processor.py:157} INFO - Started process (PID=17906) to work on /Users/lucasmorrone/Documents/airflow/env/lib/python3.11/site-packages/airflow/example_dags/plugins/workday.py
[2023-11-09T10:34:28.016-0300] {processor.py:826} INFO - Processing file /Users/lucasmorrone/Documents/airflow/env/lib/python3.11/site-packages/airflow/example_dags/plugins/workday.py for tasks to queue
[2023-11-09T10:34:28.017-0300] {logging_mixin.py:149} INFO - [2023-11-09T10:34:28.017-0300] {dagbag.py:541} INFO - Filling up the DagBag from /Users/lucasmorrone/Documents/airflow/env/lib/python3.11/site-packages/airflow/example_dags/plugins/workday.py
[2023-11-09T10:34:28.019-0300] {logging_mixin.py:149} INFO - [2023-11-09T10:34:28.019-0300] {workday.py:36} WARNING - Could not import pandas. Holidays will not be considered.
[2023-11-09T10:34:28.019-0300] {processor.py:838} WARNING - No viable dags retrieved from /Users/lucasmorrone/Documents/airflow/env/lib/python3.11/site-packages/airflow/example_dags/plugins/workday.py
[2023-11-09T10:34:29.277-0300] {processor.py:179} INFO - Processing /Users/lucasmorrone/Documents/airflow/env/lib/python3.11/site-packages/airflow/example_dags/plugins/workday.py took 1.267 seconds
