[2023-11-09T10:15:28.205-0300] {processor.py:157} INFO - Started process (PID=16411) to work on /Users/lucasmorrone/Documents/airflow/env/lib/python3.11/site-packages/airflow/example_dags/example_task_group_decorator.py
[2023-11-09T10:15:28.206-0300] {processor.py:826} INFO - Processing file /Users/lucasmorrone/Documents/airflow/env/lib/python3.11/site-packages/airflow/example_dags/example_task_group_decorator.py for tasks to queue
[2023-11-09T10:15:28.207-0300] {logging_mixin.py:149} INFO - [2023-11-09T10:15:28.207-0300] {dagbag.py:541} INFO - Filling up the DagBag from /Users/lucasmorrone/Documents/airflow/env/lib/python3.11/site-packages/airflow/example_dags/example_task_group_decorator.py
[2023-11-09T10:15:28.284-0300] {processor.py:836} INFO - DAG(s) dict_keys(['example_task_group_decorator']) retrieved from /Users/lucasmorrone/Documents/airflow/env/lib/python3.11/site-packages/airflow/example_dags/example_task_group_decorator.py
[2023-11-09T10:15:29.504-0300] {logging_mixin.py:149} INFO - [2023-11-09T10:15:29.504-0300] {manager.py:504} INFO - Created Permission View: can delete on DAG:example_task_group_decorator
[2023-11-09T10:15:29.514-0300] {logging_mixin.py:149} INFO - [2023-11-09T10:15:29.514-0300] {manager.py:504} INFO - Created Permission View: can read on DAG:example_task_group_decorator
[2023-11-09T10:15:29.522-0300] {logging_mixin.py:149} INFO - [2023-11-09T10:15:29.521-0300] {manager.py:504} INFO - Created Permission View: can edit on DAG:example_task_group_decorator
[2023-11-09T10:15:29.522-0300] {logging_mixin.py:149} INFO - [2023-11-09T10:15:29.522-0300] {dag.py:2726} INFO - Sync 1 DAGs
[2023-11-09T10:15:29.534-0300] {logging_mixin.py:149} INFO - [2023-11-09T10:15:29.534-0300] {dag.py:2747} INFO - Creating ORM DAG for example_task_group_decorator
[2023-11-09T10:15:29.544-0300] {logging_mixin.py:149} INFO - [2023-11-09T10:15:29.543-0300] {dag.py:3486} INFO - Setting next_dagrun for example_task_group_decorator to 2023-11-08T13:15:29.543686+00:00, run_after=2023-11-09T13:15:29.543686+00:00
[2023-11-09T10:15:29.569-0300] {processor.py:179} INFO - Processing /Users/lucasmorrone/Documents/airflow/env/lib/python3.11/site-packages/airflow/example_dags/example_task_group_decorator.py took 1.365 seconds
[2023-11-09T10:19:06.508-0300] {processor.py:157} INFO - Started process (PID=16666) to work on /Users/lucasmorrone/Documents/airflow/env/lib/python3.11/site-packages/airflow/example_dags/example_task_group_decorator.py
[2023-11-09T10:19:06.509-0300] {processor.py:826} INFO - Processing file /Users/lucasmorrone/Documents/airflow/env/lib/python3.11/site-packages/airflow/example_dags/example_task_group_decorator.py for tasks to queue
[2023-11-09T10:19:06.510-0300] {logging_mixin.py:149} INFO - [2023-11-09T10:19:06.510-0300] {dagbag.py:541} INFO - Filling up the DagBag from /Users/lucasmorrone/Documents/airflow/env/lib/python3.11/site-packages/airflow/example_dags/example_task_group_decorator.py
[2023-11-09T10:19:06.597-0300] {processor.py:836} INFO - DAG(s) dict_keys(['example_task_group_decorator']) retrieved from /Users/lucasmorrone/Documents/airflow/env/lib/python3.11/site-packages/airflow/example_dags/example_task_group_decorator.py
[2023-11-09T10:19:08.266-0300] {logging_mixin.py:149} INFO - [2023-11-09T10:19:08.265-0300] {dag.py:2726} INFO - Sync 1 DAGs
[2023-11-09T10:19:08.295-0300] {logging_mixin.py:149} INFO - [2023-11-09T10:19:08.294-0300] {dag.py:3486} INFO - Setting next_dagrun for example_task_group_decorator to 2023-11-08T13:19:08.294514+00:00, run_after=2023-11-09T13:19:08.294514+00:00
[2023-11-09T10:19:08.331-0300] {processor.py:179} INFO - Processing /Users/lucasmorrone/Documents/airflow/env/lib/python3.11/site-packages/airflow/example_dags/example_task_group_decorator.py took 1.824 seconds
[2023-11-09T10:22:11.346-0300] {processor.py:157} INFO - Started process (PID=16748) to work on /Users/lucasmorrone/Documents/airflow/env/lib/python3.11/site-packages/airflow/example_dags/example_task_group_decorator.py
[2023-11-09T10:22:11.348-0300] {processor.py:826} INFO - Processing file /Users/lucasmorrone/Documents/airflow/env/lib/python3.11/site-packages/airflow/example_dags/example_task_group_decorator.py for tasks to queue
[2023-11-09T10:22:11.349-0300] {logging_mixin.py:149} INFO - [2023-11-09T10:22:11.349-0300] {dagbag.py:541} INFO - Filling up the DagBag from /Users/lucasmorrone/Documents/airflow/env/lib/python3.11/site-packages/airflow/example_dags/example_task_group_decorator.py
[2023-11-09T10:22:11.507-0300] {processor.py:836} INFO - DAG(s) dict_keys(['example_task_group_decorator']) retrieved from /Users/lucasmorrone/Documents/airflow/env/lib/python3.11/site-packages/airflow/example_dags/example_task_group_decorator.py
[2023-11-09T10:22:13.021-0300] {logging_mixin.py:149} INFO - [2023-11-09T10:22:13.020-0300] {dag.py:2726} INFO - Sync 1 DAGs
[2023-11-09T10:22:13.059-0300] {logging_mixin.py:149} INFO - [2023-11-09T10:22:13.059-0300] {dag.py:3486} INFO - Setting next_dagrun for example_task_group_decorator to 2023-11-08T13:22:13.059008+00:00, run_after=2023-11-09T13:22:13.059008+00:00
[2023-11-09T10:22:13.098-0300] {processor.py:179} INFO - Processing /Users/lucasmorrone/Documents/airflow/env/lib/python3.11/site-packages/airflow/example_dags/example_task_group_decorator.py took 1.754 seconds
[2023-11-09T10:28:12.600-0300] {processor.py:157} INFO - Started process (PID=17346) to work on /Users/lucasmorrone/Documents/airflow/env/lib/python3.11/site-packages/airflow/example_dags/example_task_group_decorator.py
[2023-11-09T10:28:12.601-0300] {processor.py:826} INFO - Processing file /Users/lucasmorrone/Documents/airflow/env/lib/python3.11/site-packages/airflow/example_dags/example_task_group_decorator.py for tasks to queue
[2023-11-09T10:28:12.602-0300] {logging_mixin.py:149} INFO - [2023-11-09T10:28:12.602-0300] {dagbag.py:541} INFO - Filling up the DagBag from /Users/lucasmorrone/Documents/airflow/env/lib/python3.11/site-packages/airflow/example_dags/example_task_group_decorator.py
[2023-11-09T10:28:12.690-0300] {processor.py:836} INFO - DAG(s) dict_keys(['example_task_group_decorator']) retrieved from /Users/lucasmorrone/Documents/airflow/env/lib/python3.11/site-packages/airflow/example_dags/example_task_group_decorator.py
[2023-11-09T10:28:14.022-0300] {logging_mixin.py:149} INFO - [2023-11-09T10:28:14.021-0300] {dag.py:2726} INFO - Sync 1 DAGs
[2023-11-09T10:28:14.047-0300] {logging_mixin.py:149} INFO - [2023-11-09T10:28:14.046-0300] {dag.py:3486} INFO - Setting next_dagrun for example_task_group_decorator to 2023-11-08T13:28:14.046646+00:00, run_after=2023-11-09T13:28:14.046646+00:00
[2023-11-09T10:28:14.077-0300] {processor.py:179} INFO - Processing /Users/lucasmorrone/Documents/airflow/env/lib/python3.11/site-packages/airflow/example_dags/example_task_group_decorator.py took 1.478 seconds
[2023-11-09T10:32:06.444-0300] {processor.py:157} INFO - Started process (PID=17672) to work on /Users/lucasmorrone/Documents/airflow/env/lib/python3.11/site-packages/airflow/example_dags/example_task_group_decorator.py
[2023-11-09T10:32:06.446-0300] {processor.py:826} INFO - Processing file /Users/lucasmorrone/Documents/airflow/env/lib/python3.11/site-packages/airflow/example_dags/example_task_group_decorator.py for tasks to queue
[2023-11-09T10:32:06.448-0300] {logging_mixin.py:149} INFO - [2023-11-09T10:32:06.447-0300] {dagbag.py:541} INFO - Filling up the DagBag from /Users/lucasmorrone/Documents/airflow/env/lib/python3.11/site-packages/airflow/example_dags/example_task_group_decorator.py
[2023-11-09T10:32:06.583-0300] {processor.py:836} INFO - DAG(s) dict_keys(['example_task_group_decorator']) retrieved from /Users/lucasmorrone/Documents/airflow/env/lib/python3.11/site-packages/airflow/example_dags/example_task_group_decorator.py
[2023-11-09T10:32:07.841-0300] {logging_mixin.py:149} INFO - [2023-11-09T10:32:07.840-0300] {dag.py:2726} INFO - Sync 1 DAGs
[2023-11-09T10:32:07.884-0300] {logging_mixin.py:149} INFO - [2023-11-09T10:32:07.884-0300] {dag.py:3486} INFO - Setting next_dagrun for example_task_group_decorator to 2023-11-08T13:32:07.884041+00:00, run_after=2023-11-09T13:32:07.884041+00:00
[2023-11-09T10:32:07.926-0300] {processor.py:179} INFO - Processing /Users/lucasmorrone/Documents/airflow/env/lib/python3.11/site-packages/airflow/example_dags/example_task_group_decorator.py took 1.484 seconds
