[2023-11-09T10:17:45.007-0300] {processor.py:157} INFO - Started process (PID=16576) to work on /Users/lucasmorrone/Documents/airflow/env/lib/python3.11/site-packages/airflow/example_dags/example_branch_datetime_operator.py
[2023-11-09T10:17:45.009-0300] {processor.py:826} INFO - Processing file /Users/lucasmorrone/Documents/airflow/env/lib/python3.11/site-packages/airflow/example_dags/example_branch_datetime_operator.py for tasks to queue
[2023-11-09T10:17:45.010-0300] {logging_mixin.py:149} INFO - [2023-11-09T10:17:45.010-0300] {dagbag.py:541} INFO - Filling up the DagBag from /Users/lucasmorrone/Documents/airflow/env/lib/python3.11/site-packages/airflow/example_dags/example_branch_datetime_operator.py
[2023-11-09T10:17:45.071-0300] {processor.py:836} INFO - DAG(s) dict_keys(['example_branch_datetime_operator', 'example_branch_datetime_operator_2', 'example_branch_datetime_operator_3']) retrieved from /Users/lucasmorrone/Documents/airflow/env/lib/python3.11/site-packages/airflow/example_dags/example_branch_datetime_operator.py
[2023-11-09T10:17:47.169-0300] {logging_mixin.py:149} INFO - [2023-11-09T10:17:47.169-0300] {manager.py:504} INFO - Created Permission View: can edit on DAG:example_branch_datetime_operator
[2023-11-09T10:17:47.179-0300] {logging_mixin.py:149} INFO - [2023-11-09T10:17:47.179-0300] {manager.py:504} INFO - Created Permission View: can read on DAG:example_branch_datetime_operator
[2023-11-09T10:17:47.187-0300] {logging_mixin.py:149} INFO - [2023-11-09T10:17:47.186-0300] {manager.py:504} INFO - Created Permission View: can delete on DAG:example_branch_datetime_operator
[2023-11-09T10:17:47.213-0300] {logging_mixin.py:149} INFO - [2023-11-09T10:17:47.213-0300] {manager.py:504} INFO - Created Permission View: can edit on DAG:example_branch_datetime_operator_2
[2023-11-09T10:17:47.222-0300] {logging_mixin.py:149} INFO - [2023-11-09T10:17:47.222-0300] {manager.py:504} INFO - Created Permission View: can read on DAG:example_branch_datetime_operator_2
[2023-11-09T10:17:47.232-0300] {logging_mixin.py:149} INFO - [2023-11-09T10:17:47.232-0300] {manager.py:504} INFO - Created Permission View: can delete on DAG:example_branch_datetime_operator_2
[2023-11-09T10:17:47.257-0300] {logging_mixin.py:149} INFO - [2023-11-09T10:17:47.257-0300] {manager.py:504} INFO - Created Permission View: can edit on DAG:example_branch_datetime_operator_3
[2023-11-09T10:17:47.267-0300] {logging_mixin.py:149} INFO - [2023-11-09T10:17:47.267-0300] {manager.py:504} INFO - Created Permission View: can read on DAG:example_branch_datetime_operator_3
[2023-11-09T10:17:47.275-0300] {logging_mixin.py:149} INFO - [2023-11-09T10:17:47.275-0300] {manager.py:504} INFO - Created Permission View: can delete on DAG:example_branch_datetime_operator_3
[2023-11-09T10:17:47.276-0300] {logging_mixin.py:149} INFO - [2023-11-09T10:17:47.276-0300] {dag.py:2726} INFO - Sync 3 DAGs
[2023-11-09T10:17:47.371-0300] {logging_mixin.py:149} INFO - [2023-11-09T10:17:47.371-0300] {dag.py:2747} INFO - Creating ORM DAG for example_branch_datetime_operator
[2023-11-09T10:17:47.374-0300] {logging_mixin.py:149} INFO - [2023-11-09T10:17:47.374-0300] {dag.py:2747} INFO - Creating ORM DAG for example_branch_datetime_operator_2
[2023-11-09T10:17:47.376-0300] {logging_mixin.py:149} INFO - [2023-11-09T10:17:47.375-0300] {dag.py:2747} INFO - Creating ORM DAG for example_branch_datetime_operator_3
[2023-11-09T10:17:47.393-0300] {logging_mixin.py:149} INFO - [2023-11-09T10:17:47.393-0300] {dag.py:3486} INFO - Setting next_dagrun for example_branch_datetime_operator to 2023-11-08T00:00:00+00:00, run_after=2023-11-09T00:00:00+00:00
[2023-11-09T10:17:47.396-0300] {logging_mixin.py:149} INFO - [2023-11-09T10:17:47.396-0300] {dag.py:3486} INFO - Setting next_dagrun for example_branch_datetime_operator_2 to 2023-11-08T00:00:00+00:00, run_after=2023-11-09T00:00:00+00:00
[2023-11-09T10:17:47.404-0300] {logging_mixin.py:149} INFO - [2023-11-09T10:17:47.404-0300] {dag.py:3486} INFO - Setting next_dagrun for example_branch_datetime_operator_3 to 2023-11-08T00:00:00+00:00, run_after=2023-11-09T00:00:00+00:00
[2023-11-09T10:17:47.455-0300] {processor.py:179} INFO - Processing /Users/lucasmorrone/Documents/airflow/env/lib/python3.11/site-packages/airflow/example_dags/example_branch_datetime_operator.py took 2.450 seconds
[2023-11-09T10:24:11.515-0300] {processor.py:157} INFO - Started process (PID=16990) to work on /Users/lucasmorrone/Documents/airflow/env/lib/python3.11/site-packages/airflow/example_dags/example_branch_datetime_operator.py
[2023-11-09T10:24:11.516-0300] {processor.py:826} INFO - Processing file /Users/lucasmorrone/Documents/airflow/env/lib/python3.11/site-packages/airflow/example_dags/example_branch_datetime_operator.py for tasks to queue
[2023-11-09T10:24:11.516-0300] {logging_mixin.py:149} INFO - [2023-11-09T10:24:11.516-0300] {dagbag.py:541} INFO - Filling up the DagBag from /Users/lucasmorrone/Documents/airflow/env/lib/python3.11/site-packages/airflow/example_dags/example_branch_datetime_operator.py
[2023-11-09T10:24:11.570-0300] {processor.py:836} INFO - DAG(s) dict_keys(['example_branch_datetime_operator_3', 'example_branch_datetime_operator_2', 'example_branch_datetime_operator']) retrieved from /Users/lucasmorrone/Documents/airflow/env/lib/python3.11/site-packages/airflow/example_dags/example_branch_datetime_operator.py
[2023-11-09T10:24:12.580-0300] {logging_mixin.py:149} INFO - [2023-11-09T10:24:12.579-0300] {dag.py:2726} INFO - Sync 3 DAGs
[2023-11-09T10:24:12.623-0300] {logging_mixin.py:149} INFO - [2023-11-09T10:24:12.622-0300] {dag.py:3486} INFO - Setting next_dagrun for example_branch_datetime_operator to 2023-11-08T00:00:00+00:00, run_after=2023-11-09T00:00:00+00:00
[2023-11-09T10:24:12.632-0300] {logging_mixin.py:149} INFO - [2023-11-09T10:24:12.632-0300] {dag.py:3486} INFO - Setting next_dagrun for example_branch_datetime_operator_2 to 2023-11-08T00:00:00+00:00, run_after=2023-11-09T00:00:00+00:00
[2023-11-09T10:24:12.637-0300] {logging_mixin.py:149} INFO - [2023-11-09T10:24:12.637-0300] {dag.py:3486} INFO - Setting next_dagrun for example_branch_datetime_operator_3 to 2023-11-08T00:00:00+00:00, run_after=2023-11-09T00:00:00+00:00
[2023-11-09T10:24:12.670-0300] {processor.py:179} INFO - Processing /Users/lucasmorrone/Documents/airflow/env/lib/python3.11/site-packages/airflow/example_dags/example_branch_datetime_operator.py took 1.157 seconds
[2023-11-09T10:30:52.268-0300] {processor.py:157} INFO - Started process (PID=17422) to work on /Users/lucasmorrone/Documents/airflow/env/lib/python3.11/site-packages/airflow/example_dags/example_branch_datetime_operator.py
[2023-11-09T10:30:52.270-0300] {processor.py:826} INFO - Processing file /Users/lucasmorrone/Documents/airflow/env/lib/python3.11/site-packages/airflow/example_dags/example_branch_datetime_operator.py for tasks to queue
[2023-11-09T10:30:52.270-0300] {logging_mixin.py:149} INFO - [2023-11-09T10:30:52.270-0300] {dagbag.py:541} INFO - Filling up the DagBag from /Users/lucasmorrone/Documents/airflow/env/lib/python3.11/site-packages/airflow/example_dags/example_branch_datetime_operator.py
[2023-11-09T10:30:52.308-0300] {processor.py:836} INFO - DAG(s) dict_keys(['example_branch_datetime_operator', 'example_branch_datetime_operator_3', 'example_branch_datetime_operator_2']) retrieved from /Users/lucasmorrone/Documents/airflow/env/lib/python3.11/site-packages/airflow/example_dags/example_branch_datetime_operator.py
[2023-11-09T10:30:53.655-0300] {logging_mixin.py:149} INFO - [2023-11-09T10:30:53.654-0300] {dag.py:2726} INFO - Sync 3 DAGs
[2023-11-09T10:30:53.689-0300] {logging_mixin.py:149} INFO - [2023-11-09T10:30:53.689-0300] {dag.py:3486} INFO - Setting next_dagrun for example_branch_datetime_operator to 2023-11-08T00:00:00+00:00, run_after=2023-11-09T00:00:00+00:00
[2023-11-09T10:30:53.696-0300] {logging_mixin.py:149} INFO - [2023-11-09T10:30:53.696-0300] {dag.py:3486} INFO - Setting next_dagrun for example_branch_datetime_operator_2 to 2023-11-08T00:00:00+00:00, run_after=2023-11-09T00:00:00+00:00
[2023-11-09T10:30:53.699-0300] {logging_mixin.py:149} INFO - [2023-11-09T10:30:53.699-0300] {dag.py:3486} INFO - Setting next_dagrun for example_branch_datetime_operator_3 to 2023-11-08T00:00:00+00:00, run_after=2023-11-09T00:00:00+00:00
[2023-11-09T10:30:53.726-0300] {processor.py:179} INFO - Processing /Users/lucasmorrone/Documents/airflow/env/lib/python3.11/site-packages/airflow/example_dags/example_branch_datetime_operator.py took 1.459 seconds
