[2023-11-09T10:16:08.771-0300] {processor.py:157} INFO - Started process (PID=16435) to work on /Users/lucasmorrone/Documents/airflow/env/lib/python3.11/site-packages/airflow/example_dags/example_sensor_decorator.py
[2023-11-09T10:16:08.773-0300] {processor.py:826} INFO - Processing file /Users/lucasmorrone/Documents/airflow/env/lib/python3.11/site-packages/airflow/example_dags/example_sensor_decorator.py for tasks to queue
[2023-11-09T10:16:08.774-0300] {logging_mixin.py:149} INFO - [2023-11-09T10:16:08.774-0300] {dagbag.py:541} INFO - Filling up the DagBag from /Users/lucasmorrone/Documents/airflow/env/lib/python3.11/site-packages/airflow/example_dags/example_sensor_decorator.py
[2023-11-09T10:16:08.881-0300] {processor.py:836} INFO - DAG(s) dict_keys(['example_sensor_decorator']) retrieved from /Users/lucasmorrone/Documents/airflow/env/lib/python3.11/site-packages/airflow/example_dags/example_sensor_decorator.py
[2023-11-09T10:16:10.147-0300] {logging_mixin.py:149} INFO - [2023-11-09T10:16:10.146-0300] {manager.py:504} INFO - Created Permission View: can read on DAG:example_sensor_decorator
[2023-11-09T10:16:10.158-0300] {logging_mixin.py:149} INFO - [2023-11-09T10:16:10.158-0300] {manager.py:504} INFO - Created Permission View: can delete on DAG:example_sensor_decorator
[2023-11-09T10:16:10.171-0300] {logging_mixin.py:149} INFO - [2023-11-09T10:16:10.171-0300] {manager.py:504} INFO - Created Permission View: can edit on DAG:example_sensor_decorator
[2023-11-09T10:16:10.172-0300] {logging_mixin.py:149} INFO - [2023-11-09T10:16:10.171-0300] {dag.py:2726} INFO - Sync 1 DAGs
[2023-11-09T10:16:10.189-0300] {logging_mixin.py:149} INFO - [2023-11-09T10:16:10.189-0300] {dag.py:2747} INFO - Creating ORM DAG for example_sensor_decorator
[2023-11-09T10:16:10.203-0300] {logging_mixin.py:149} INFO - [2023-11-09T10:16:10.203-0300] {dag.py:3486} INFO - Setting next_dagrun for example_sensor_decorator to None, run_after=None
[2023-11-09T10:16:10.224-0300] {processor.py:179} INFO - Processing /Users/lucasmorrone/Documents/airflow/env/lib/python3.11/site-packages/airflow/example_dags/example_sensor_decorator.py took 1.455 seconds
[2023-11-09T10:19:53.545-0300] {processor.py:157} INFO - Started process (PID=16682) to work on /Users/lucasmorrone/Documents/airflow/env/lib/python3.11/site-packages/airflow/example_dags/example_sensor_decorator.py
[2023-11-09T10:19:53.546-0300] {processor.py:826} INFO - Processing file /Users/lucasmorrone/Documents/airflow/env/lib/python3.11/site-packages/airflow/example_dags/example_sensor_decorator.py for tasks to queue
[2023-11-09T10:19:53.547-0300] {logging_mixin.py:149} INFO - [2023-11-09T10:19:53.547-0300] {dagbag.py:541} INFO - Filling up the DagBag from /Users/lucasmorrone/Documents/airflow/env/lib/python3.11/site-packages/airflow/example_dags/example_sensor_decorator.py
[2023-11-09T10:19:53.625-0300] {processor.py:836} INFO - DAG(s) dict_keys(['example_sensor_decorator']) retrieved from /Users/lucasmorrone/Documents/airflow/env/lib/python3.11/site-packages/airflow/example_dags/example_sensor_decorator.py
[2023-11-09T10:19:54.779-0300] {logging_mixin.py:149} INFO - [2023-11-09T10:19:54.778-0300] {dag.py:2726} INFO - Sync 1 DAGs
[2023-11-09T10:19:54.803-0300] {logging_mixin.py:149} INFO - [2023-11-09T10:19:54.802-0300] {dag.py:3486} INFO - Setting next_dagrun for example_sensor_decorator to None, run_after=None
[2023-11-09T10:19:54.827-0300] {processor.py:179} INFO - Processing /Users/lucasmorrone/Documents/airflow/env/lib/python3.11/site-packages/airflow/example_dags/example_sensor_decorator.py took 1.283 seconds
[2023-11-09T10:23:03.627-0300] {processor.py:157} INFO - Started process (PID=16769) to work on /Users/lucasmorrone/Documents/airflow/env/lib/python3.11/site-packages/airflow/example_dags/example_sensor_decorator.py
[2023-11-09T10:23:03.630-0300] {processor.py:826} INFO - Processing file /Users/lucasmorrone/Documents/airflow/env/lib/python3.11/site-packages/airflow/example_dags/example_sensor_decorator.py for tasks to queue
[2023-11-09T10:23:03.631-0300] {logging_mixin.py:149} INFO - [2023-11-09T10:23:03.631-0300] {dagbag.py:541} INFO - Filling up the DagBag from /Users/lucasmorrone/Documents/airflow/env/lib/python3.11/site-packages/airflow/example_dags/example_sensor_decorator.py
[2023-11-09T10:23:03.806-0300] {processor.py:836} INFO - DAG(s) dict_keys(['example_sensor_decorator']) retrieved from /Users/lucasmorrone/Documents/airflow/env/lib/python3.11/site-packages/airflow/example_dags/example_sensor_decorator.py
[2023-11-09T10:23:05.693-0300] {logging_mixin.py:149} INFO - [2023-11-09T10:23:05.692-0300] {dag.py:2726} INFO - Sync 1 DAGs
[2023-11-09T10:23:05.718-0300] {logging_mixin.py:149} INFO - [2023-11-09T10:23:05.718-0300] {dag.py:3486} INFO - Setting next_dagrun for example_sensor_decorator to None, run_after=None
[2023-11-09T10:23:05.754-0300] {processor.py:179} INFO - Processing /Users/lucasmorrone/Documents/airflow/env/lib/python3.11/site-packages/airflow/example_dags/example_sensor_decorator.py took 2.130 seconds
[2023-11-09T10:29:11.002-0300] {processor.py:157} INFO - Started process (PID=17376) to work on /Users/lucasmorrone/Documents/airflow/env/lib/python3.11/site-packages/airflow/example_dags/example_sensor_decorator.py
[2023-11-09T10:29:11.005-0300] {processor.py:826} INFO - Processing file /Users/lucasmorrone/Documents/airflow/env/lib/python3.11/site-packages/airflow/example_dags/example_sensor_decorator.py for tasks to queue
[2023-11-09T10:29:11.006-0300] {logging_mixin.py:149} INFO - [2023-11-09T10:29:11.006-0300] {dagbag.py:541} INFO - Filling up the DagBag from /Users/lucasmorrone/Documents/airflow/env/lib/python3.11/site-packages/airflow/example_dags/example_sensor_decorator.py
[2023-11-09T10:29:11.132-0300] {processor.py:836} INFO - DAG(s) dict_keys(['example_sensor_decorator']) retrieved from /Users/lucasmorrone/Documents/airflow/env/lib/python3.11/site-packages/airflow/example_dags/example_sensor_decorator.py
[2023-11-09T10:29:13.020-0300] {logging_mixin.py:149} INFO - [2023-11-09T10:29:13.019-0300] {dag.py:2726} INFO - Sync 1 DAGs
[2023-11-09T10:29:13.046-0300] {logging_mixin.py:149} INFO - [2023-11-09T10:29:13.046-0300] {dag.py:3486} INFO - Setting next_dagrun for example_sensor_decorator to None, run_after=None
[2023-11-09T10:29:13.080-0300] {processor.py:179} INFO - Processing /Users/lucasmorrone/Documents/airflow/env/lib/python3.11/site-packages/airflow/example_dags/example_sensor_decorator.py took 2.079 seconds
[2023-11-09T10:33:06.309-0300] {processor.py:157} INFO - Started process (PID=17880) to work on /Users/lucasmorrone/Documents/airflow/env/lib/python3.11/site-packages/airflow/example_dags/example_sensor_decorator.py
[2023-11-09T10:33:06.314-0300] {processor.py:826} INFO - Processing file /Users/lucasmorrone/Documents/airflow/env/lib/python3.11/site-packages/airflow/example_dags/example_sensor_decorator.py for tasks to queue
[2023-11-09T10:33:06.316-0300] {logging_mixin.py:149} INFO - [2023-11-09T10:33:06.315-0300] {dagbag.py:541} INFO - Filling up the DagBag from /Users/lucasmorrone/Documents/airflow/env/lib/python3.11/site-packages/airflow/example_dags/example_sensor_decorator.py
[2023-11-09T10:33:06.559-0300] {processor.py:836} INFO - DAG(s) dict_keys(['example_sensor_decorator']) retrieved from /Users/lucasmorrone/Documents/airflow/env/lib/python3.11/site-packages/airflow/example_dags/example_sensor_decorator.py
[2023-11-09T10:33:08.802-0300] {logging_mixin.py:149} INFO - [2023-11-09T10:33:08.801-0300] {dag.py:2726} INFO - Sync 1 DAGs
[2023-11-09T10:33:08.835-0300] {logging_mixin.py:149} INFO - [2023-11-09T10:33:08.835-0300] {dag.py:3486} INFO - Setting next_dagrun for example_sensor_decorator to None, run_after=None
[2023-11-09T10:33:08.882-0300] {processor.py:179} INFO - Processing /Users/lucasmorrone/Documents/airflow/env/lib/python3.11/site-packages/airflow/example_dags/example_sensor_decorator.py took 2.575 seconds
