[2023-11-09T10:15:36.341-0300] {processor.py:157} INFO - Started process (PID=16414) to work on /Users/lucasmorrone/Documents/airflow/env/lib/python3.11/site-packages/airflow/example_dags/example_subdag_operator.py
[2023-11-09T10:15:36.342-0300] {processor.py:826} INFO - Processing file /Users/lucasmorrone/Documents/airflow/env/lib/python3.11/site-packages/airflow/example_dags/example_subdag_operator.py for tasks to queue
[2023-11-09T10:15:36.343-0300] {logging_mixin.py:149} INFO - [2023-11-09T10:15:36.343-0300] {dagbag.py:541} INFO - Filling up the DagBag from /Users/lucasmorrone/Documents/airflow/env/lib/python3.11/site-packages/airflow/example_dags/example_subdag_operator.py
[2023-11-09T10:15:37.382-0300] {processor.py:836} INFO - DAG(s) dict_keys(['example_subdag_operator.section-1', 'example_subdag_operator.section-2', 'example_subdag_operator']) retrieved from /Users/lucasmorrone/Documents/airflow/env/lib/python3.11/site-packages/airflow/example_dags/example_subdag_operator.py
[2023-11-09T10:15:37.534-0300] {logging_mixin.py:149} INFO - [2023-11-09T10:15:37.533-0300] {manager.py:504} INFO - Created Permission View: can delete on DAG:example_subdag_operator
[2023-11-09T10:15:37.543-0300] {logging_mixin.py:149} INFO - [2023-11-09T10:15:37.542-0300] {manager.py:504} INFO - Created Permission View: can edit on DAG:example_subdag_operator
[2023-11-09T10:15:37.550-0300] {logging_mixin.py:149} INFO - [2023-11-09T10:15:37.550-0300] {manager.py:504} INFO - Created Permission View: can read on DAG:example_subdag_operator
[2023-11-09T10:15:37.550-0300] {logging_mixin.py:149} INFO - [2023-11-09T10:15:37.550-0300] {dag.py:2726} INFO - Sync 3 DAGs
[2023-11-09T10:15:37.640-0300] {logging_mixin.py:149} INFO - [2023-11-09T10:15:37.640-0300] {dag.py:2747} INFO - Creating ORM DAG for example_subdag_operator
[2023-11-09T10:15:37.641-0300] {logging_mixin.py:149} INFO - [2023-11-09T10:15:37.641-0300] {dag.py:2747} INFO - Creating ORM DAG for example_subdag_operator.section-2
[2023-11-09T10:15:37.641-0300] {logging_mixin.py:149} INFO - [2023-11-09T10:15:37.641-0300] {dag.py:2747} INFO - Creating ORM DAG for example_subdag_operator.section-1
[2023-11-09T10:15:37.652-0300] {logging_mixin.py:149} INFO - [2023-11-09T10:15:37.652-0300] {dag.py:3486} INFO - Setting next_dagrun for example_subdag_operator to 2022-01-01T00:00:00+00:00, run_after=2022-01-01T00:00:00+00:00
[2023-11-09T10:15:37.653-0300] {logging_mixin.py:149} INFO - [2023-11-09T10:15:37.653-0300] {dag.py:3486} INFO - Setting next_dagrun for example_subdag_operator.section-1 to None, run_after=None
[2023-11-09T10:15:37.653-0300] {logging_mixin.py:149} INFO - [2023-11-09T10:15:37.653-0300] {dag.py:3486} INFO - Setting next_dagrun for example_subdag_operator.section-2 to None, run_after=None
[2023-11-09T10:15:37.661-0300] {logging_mixin.py:149} INFO - [2023-11-09T10:15:37.661-0300] {dag.py:2726} INFO - Sync 2 DAGs
[2023-11-09T10:15:37.667-0300] {logging_mixin.py:149} INFO - [2023-11-09T10:15:37.666-0300] {dag.py:3486} INFO - Setting next_dagrun for example_subdag_operator.section-1 to None, run_after=None
[2023-11-09T10:15:37.669-0300] {logging_mixin.py:149} INFO - [2023-11-09T10:15:37.669-0300] {dag.py:3486} INFO - Setting next_dagrun for example_subdag_operator.section-2 to None, run_after=None
[2023-11-09T10:15:37.686-0300] {processor.py:179} INFO - Processing /Users/lucasmorrone/Documents/airflow/env/lib/python3.11/site-packages/airflow/example_dags/example_subdag_operator.py took 1.347 seconds
[2023-11-09T10:19:16.932-0300] {processor.py:157} INFO - Started process (PID=16670) to work on /Users/lucasmorrone/Documents/airflow/env/lib/python3.11/site-packages/airflow/example_dags/example_subdag_operator.py
[2023-11-09T10:19:16.934-0300] {processor.py:826} INFO - Processing file /Users/lucasmorrone/Documents/airflow/env/lib/python3.11/site-packages/airflow/example_dags/example_subdag_operator.py for tasks to queue
[2023-11-09T10:19:16.935-0300] {logging_mixin.py:149} INFO - [2023-11-09T10:19:16.935-0300] {dagbag.py:541} INFO - Filling up the DagBag from /Users/lucasmorrone/Documents/airflow/env/lib/python3.11/site-packages/airflow/example_dags/example_subdag_operator.py
[2023-11-09T10:19:18.484-0300] {processor.py:836} INFO - DAG(s) dict_keys(['example_subdag_operator.section-1', 'example_subdag_operator.section-2', 'example_subdag_operator']) retrieved from /Users/lucasmorrone/Documents/airflow/env/lib/python3.11/site-packages/airflow/example_dags/example_subdag_operator.py
[2023-11-09T10:19:18.587-0300] {logging_mixin.py:149} INFO - [2023-11-09T10:19:18.586-0300] {dag.py:2726} INFO - Sync 3 DAGs
[2023-11-09T10:19:18.633-0300] {logging_mixin.py:149} INFO - [2023-11-09T10:19:18.633-0300] {dag.py:3486} INFO - Setting next_dagrun for example_subdag_operator to 2022-01-01T00:00:00+00:00, run_after=2022-01-01T00:00:00+00:00
[2023-11-09T10:19:18.639-0300] {logging_mixin.py:149} INFO - [2023-11-09T10:19:18.639-0300] {dag.py:3486} INFO - Setting next_dagrun for example_subdag_operator.section-1 to None, run_after=None
[2023-11-09T10:19:18.641-0300] {logging_mixin.py:149} INFO - [2023-11-09T10:19:18.640-0300] {dag.py:3486} INFO - Setting next_dagrun for example_subdag_operator.section-2 to None, run_after=None
[2023-11-09T10:19:18.653-0300] {logging_mixin.py:149} INFO - [2023-11-09T10:19:18.653-0300] {dag.py:2726} INFO - Sync 2 DAGs
[2023-11-09T10:19:18.661-0300] {logging_mixin.py:149} INFO - [2023-11-09T10:19:18.660-0300] {dag.py:3486} INFO - Setting next_dagrun for example_subdag_operator.section-1 to None, run_after=None
[2023-11-09T10:19:18.662-0300] {logging_mixin.py:149} INFO - [2023-11-09T10:19:18.661-0300] {dag.py:3486} INFO - Setting next_dagrun for example_subdag_operator.section-2 to None, run_after=None
[2023-11-09T10:19:18.687-0300] {processor.py:179} INFO - Processing /Users/lucasmorrone/Documents/airflow/env/lib/python3.11/site-packages/airflow/example_dags/example_subdag_operator.py took 1.757 seconds
[2023-11-09T10:22:23.362-0300] {processor.py:157} INFO - Started process (PID=16752) to work on /Users/lucasmorrone/Documents/airflow/env/lib/python3.11/site-packages/airflow/example_dags/example_subdag_operator.py
[2023-11-09T10:22:23.365-0300] {processor.py:826} INFO - Processing file /Users/lucasmorrone/Documents/airflow/env/lib/python3.11/site-packages/airflow/example_dags/example_subdag_operator.py for tasks to queue
[2023-11-09T10:22:23.366-0300] {logging_mixin.py:149} INFO - [2023-11-09T10:22:23.365-0300] {dagbag.py:541} INFO - Filling up the DagBag from /Users/lucasmorrone/Documents/airflow/env/lib/python3.11/site-packages/airflow/example_dags/example_subdag_operator.py
[2023-11-09T10:22:24.759-0300] {processor.py:836} INFO - DAG(s) dict_keys(['example_subdag_operator.section-1', 'example_subdag_operator.section-2', 'example_subdag_operator']) retrieved from /Users/lucasmorrone/Documents/airflow/env/lib/python3.11/site-packages/airflow/example_dags/example_subdag_operator.py
[2023-11-09T10:22:24.965-0300] {logging_mixin.py:149} INFO - [2023-11-09T10:22:24.965-0300] {dag.py:2726} INFO - Sync 3 DAGs
[2023-11-09T10:22:25.014-0300] {logging_mixin.py:149} INFO - [2023-11-09T10:22:25.013-0300] {dag.py:3486} INFO - Setting next_dagrun for example_subdag_operator to 2022-01-01T00:00:00+00:00, run_after=2022-01-01T00:00:00+00:00
[2023-11-09T10:22:25.022-0300] {logging_mixin.py:149} INFO - [2023-11-09T10:22:25.021-0300] {dag.py:3486} INFO - Setting next_dagrun for example_subdag_operator.section-1 to None, run_after=None
[2023-11-09T10:22:25.024-0300] {logging_mixin.py:149} INFO - [2023-11-09T10:22:25.024-0300] {dag.py:3486} INFO - Setting next_dagrun for example_subdag_operator.section-2 to None, run_after=None
[2023-11-09T10:22:25.037-0300] {logging_mixin.py:149} INFO - [2023-11-09T10:22:25.037-0300] {dag.py:2726} INFO - Sync 2 DAGs
[2023-11-09T10:22:25.046-0300] {logging_mixin.py:149} INFO - [2023-11-09T10:22:25.045-0300] {dag.py:3486} INFO - Setting next_dagrun for example_subdag_operator.section-1 to None, run_after=None
[2023-11-09T10:22:25.046-0300] {logging_mixin.py:149} INFO - [2023-11-09T10:22:25.046-0300] {dag.py:3486} INFO - Setting next_dagrun for example_subdag_operator.section-2 to None, run_after=None
[2023-11-09T10:22:25.071-0300] {processor.py:179} INFO - Processing /Users/lucasmorrone/Documents/airflow/env/lib/python3.11/site-packages/airflow/example_dags/example_subdag_operator.py took 1.710 seconds
[2023-11-09T10:28:21.319-0300] {processor.py:157} INFO - Started process (PID=17349) to work on /Users/lucasmorrone/Documents/airflow/env/lib/python3.11/site-packages/airflow/example_dags/example_subdag_operator.py
[2023-11-09T10:28:21.320-0300] {processor.py:826} INFO - Processing file /Users/lucasmorrone/Documents/airflow/env/lib/python3.11/site-packages/airflow/example_dags/example_subdag_operator.py for tasks to queue
[2023-11-09T10:28:21.321-0300] {logging_mixin.py:149} INFO - [2023-11-09T10:28:21.320-0300] {dagbag.py:541} INFO - Filling up the DagBag from /Users/lucasmorrone/Documents/airflow/env/lib/python3.11/site-packages/airflow/example_dags/example_subdag_operator.py
[2023-11-09T10:28:22.691-0300] {processor.py:836} INFO - DAG(s) dict_keys(['example_subdag_operator.section-1', 'example_subdag_operator.section-2', 'example_subdag_operator']) retrieved from /Users/lucasmorrone/Documents/airflow/env/lib/python3.11/site-packages/airflow/example_dags/example_subdag_operator.py
[2023-11-09T10:28:22.765-0300] {logging_mixin.py:149} INFO - [2023-11-09T10:28:22.764-0300] {dag.py:2726} INFO - Sync 3 DAGs
[2023-11-09T10:28:22.795-0300] {logging_mixin.py:149} INFO - [2023-11-09T10:28:22.795-0300] {dag.py:3486} INFO - Setting next_dagrun for example_subdag_operator to 2022-01-01T00:00:00+00:00, run_after=2022-01-01T00:00:00+00:00
[2023-11-09T10:28:22.798-0300] {logging_mixin.py:149} INFO - [2023-11-09T10:28:22.798-0300] {dag.py:3486} INFO - Setting next_dagrun for example_subdag_operator.section-1 to None, run_after=None
[2023-11-09T10:28:22.799-0300] {logging_mixin.py:149} INFO - [2023-11-09T10:28:22.799-0300] {dag.py:3486} INFO - Setting next_dagrun for example_subdag_operator.section-2 to None, run_after=None
[2023-11-09T10:28:22.810-0300] {logging_mixin.py:149} INFO - [2023-11-09T10:28:22.810-0300] {dag.py:2726} INFO - Sync 2 DAGs
[2023-11-09T10:28:22.815-0300] {logging_mixin.py:149} INFO - [2023-11-09T10:28:22.815-0300] {dag.py:3486} INFO - Setting next_dagrun for example_subdag_operator.section-1 to None, run_after=None
[2023-11-09T10:28:22.816-0300] {logging_mixin.py:149} INFO - [2023-11-09T10:28:22.816-0300] {dag.py:3486} INFO - Setting next_dagrun for example_subdag_operator.section-2 to None, run_after=None
[2023-11-09T10:28:22.844-0300] {processor.py:179} INFO - Processing /Users/lucasmorrone/Documents/airflow/env/lib/python3.11/site-packages/airflow/example_dags/example_subdag_operator.py took 1.526 seconds
[2023-11-09T10:32:18.382-0300] {processor.py:157} INFO - Started process (PID=17677) to work on /Users/lucasmorrone/Documents/airflow/env/lib/python3.11/site-packages/airflow/example_dags/example_subdag_operator.py
[2023-11-09T10:32:18.385-0300] {processor.py:826} INFO - Processing file /Users/lucasmorrone/Documents/airflow/env/lib/python3.11/site-packages/airflow/example_dags/example_subdag_operator.py for tasks to queue
[2023-11-09T10:32:18.387-0300] {logging_mixin.py:149} INFO - [2023-11-09T10:32:18.386-0300] {dagbag.py:541} INFO - Filling up the DagBag from /Users/lucasmorrone/Documents/airflow/env/lib/python3.11/site-packages/airflow/example_dags/example_subdag_operator.py
[2023-11-09T10:32:20.152-0300] {processor.py:836} INFO - DAG(s) dict_keys(['example_subdag_operator.section-1', 'example_subdag_operator.section-2', 'example_subdag_operator']) retrieved from /Users/lucasmorrone/Documents/airflow/env/lib/python3.11/site-packages/airflow/example_dags/example_subdag_operator.py
[2023-11-09T10:32:20.276-0300] {logging_mixin.py:149} INFO - [2023-11-09T10:32:20.276-0300] {dag.py:2726} INFO - Sync 3 DAGs
[2023-11-09T10:32:20.322-0300] {logging_mixin.py:149} INFO - [2023-11-09T10:32:20.322-0300] {dag.py:3486} INFO - Setting next_dagrun for example_subdag_operator to 2022-01-01T00:00:00+00:00, run_after=2022-01-01T00:00:00+00:00
[2023-11-09T10:32:20.329-0300] {logging_mixin.py:149} INFO - [2023-11-09T10:32:20.329-0300] {dag.py:3486} INFO - Setting next_dagrun for example_subdag_operator.section-1 to None, run_after=None
[2023-11-09T10:32:20.332-0300] {logging_mixin.py:149} INFO - [2023-11-09T10:32:20.331-0300] {dag.py:3486} INFO - Setting next_dagrun for example_subdag_operator.section-2 to None, run_after=None
[2023-11-09T10:32:20.345-0300] {logging_mixin.py:149} INFO - [2023-11-09T10:32:20.344-0300] {dag.py:2726} INFO - Sync 2 DAGs
[2023-11-09T10:32:20.353-0300] {logging_mixin.py:149} INFO - [2023-11-09T10:32:20.353-0300] {dag.py:3486} INFO - Setting next_dagrun for example_subdag_operator.section-1 to None, run_after=None
[2023-11-09T10:32:20.354-0300] {logging_mixin.py:149} INFO - [2023-11-09T10:32:20.354-0300] {dag.py:3486} INFO - Setting next_dagrun for example_subdag_operator.section-2 to None, run_after=None
[2023-11-09T10:32:20.382-0300] {processor.py:179} INFO - Processing /Users/lucasmorrone/Documents/airflow/env/lib/python3.11/site-packages/airflow/example_dags/example_subdag_operator.py took 2.002 seconds
