[2023-11-09T10:16:48.066-0300] {processor.py:157} INFO - Started process (PID=16495) to work on /Users/lucasmorrone/Documents/airflow/env/lib/python3.11/site-packages/airflow/example_dags/example_latest_only_with_trigger.py
[2023-11-09T10:16:48.067-0300] {processor.py:826} INFO - Processing file /Users/lucasmorrone/Documents/airflow/env/lib/python3.11/site-packages/airflow/example_dags/example_latest_only_with_trigger.py for tasks to queue
[2023-11-09T10:16:48.067-0300] {logging_mixin.py:149} INFO - [2023-11-09T10:16:48.067-0300] {dagbag.py:541} INFO - Filling up the DagBag from /Users/lucasmorrone/Documents/airflow/env/lib/python3.11/site-packages/airflow/example_dags/example_latest_only_with_trigger.py
[2023-11-09T10:16:48.090-0300] {processor.py:836} INFO - DAG(s) dict_keys(['latest_only_with_trigger']) retrieved from /Users/lucasmorrone/Documents/airflow/env/lib/python3.11/site-packages/airflow/example_dags/example_latest_only_with_trigger.py
[2023-11-09T10:16:49.530-0300] {logging_mixin.py:149} INFO - [2023-11-09T10:16:49.529-0300] {manager.py:504} INFO - Created Permission View: can delete on DAG:latest_only_with_trigger
[2023-11-09T10:16:49.547-0300] {logging_mixin.py:149} INFO - [2023-11-09T10:16:49.546-0300] {manager.py:504} INFO - Created Permission View: can read on DAG:latest_only_with_trigger
[2023-11-09T10:16:49.559-0300] {logging_mixin.py:149} INFO - [2023-11-09T10:16:49.559-0300] {manager.py:504} INFO - Created Permission View: can edit on DAG:latest_only_with_trigger
[2023-11-09T10:16:49.560-0300] {logging_mixin.py:149} INFO - [2023-11-09T10:16:49.560-0300] {dag.py:2726} INFO - Sync 1 DAGs
[2023-11-09T10:16:49.684-0300] {logging_mixin.py:149} INFO - [2023-11-09T10:16:49.684-0300] {dag.py:2747} INFO - Creating ORM DAG for latest_only_with_trigger
[2023-11-09T10:16:49.699-0300] {logging_mixin.py:149} INFO - [2023-11-09T10:16:49.699-0300] {dag.py:3486} INFO - Setting next_dagrun for latest_only_with_trigger to 2023-11-09T09:16:49.699427+00:00, run_after=2023-11-09T13:16:49.699427+00:00
[2023-11-09T10:16:49.740-0300] {processor.py:179} INFO - Processing /Users/lucasmorrone/Documents/airflow/env/lib/python3.11/site-packages/airflow/example_dags/example_latest_only_with_trigger.py took 1.676 seconds
[2023-11-09T10:20:29.205-0300] {processor.py:157} INFO - Started process (PID=16713) to work on /Users/lucasmorrone/Documents/airflow/env/lib/python3.11/site-packages/airflow/example_dags/example_latest_only_with_trigger.py
[2023-11-09T10:20:29.208-0300] {processor.py:826} INFO - Processing file /Users/lucasmorrone/Documents/airflow/env/lib/python3.11/site-packages/airflow/example_dags/example_latest_only_with_trigger.py for tasks to queue
[2023-11-09T10:20:29.210-0300] {logging_mixin.py:149} INFO - [2023-11-09T10:20:29.209-0300] {dagbag.py:541} INFO - Filling up the DagBag from /Users/lucasmorrone/Documents/airflow/env/lib/python3.11/site-packages/airflow/example_dags/example_latest_only_with_trigger.py
[2023-11-09T10:20:29.244-0300] {processor.py:836} INFO - DAG(s) dict_keys(['latest_only_with_trigger']) retrieved from /Users/lucasmorrone/Documents/airflow/env/lib/python3.11/site-packages/airflow/example_dags/example_latest_only_with_trigger.py
[2023-11-09T10:20:30.196-0300] {logging_mixin.py:149} INFO - [2023-11-09T10:20:30.196-0300] {dag.py:2726} INFO - Sync 1 DAGs
[2023-11-09T10:20:30.221-0300] {logging_mixin.py:149} INFO - [2023-11-09T10:20:30.220-0300] {dag.py:3486} INFO - Setting next_dagrun for latest_only_with_trigger to 2023-11-09T09:20:30.220713+00:00, run_after=2023-11-09T13:20:30.220713+00:00
[2023-11-09T10:20:30.248-0300] {processor.py:179} INFO - Processing /Users/lucasmorrone/Documents/airflow/env/lib/python3.11/site-packages/airflow/example_dags/example_latest_only_with_trigger.py took 1.044 seconds
[2023-11-09T10:23:34.521-0300] {processor.py:157} INFO - Started process (PID=16975) to work on /Users/lucasmorrone/Documents/airflow/env/lib/python3.11/site-packages/airflow/example_dags/example_latest_only_with_trigger.py
[2023-11-09T10:23:34.523-0300] {processor.py:826} INFO - Processing file /Users/lucasmorrone/Documents/airflow/env/lib/python3.11/site-packages/airflow/example_dags/example_latest_only_with_trigger.py for tasks to queue
[2023-11-09T10:23:34.524-0300] {logging_mixin.py:149} INFO - [2023-11-09T10:23:34.524-0300] {dagbag.py:541} INFO - Filling up the DagBag from /Users/lucasmorrone/Documents/airflow/env/lib/python3.11/site-packages/airflow/example_dags/example_latest_only_with_trigger.py
[2023-11-09T10:23:34.567-0300] {processor.py:836} INFO - DAG(s) dict_keys(['latest_only_with_trigger']) retrieved from /Users/lucasmorrone/Documents/airflow/env/lib/python3.11/site-packages/airflow/example_dags/example_latest_only_with_trigger.py
[2023-11-09T10:23:36.026-0300] {logging_mixin.py:149} INFO - [2023-11-09T10:23:36.026-0300] {dag.py:2726} INFO - Sync 1 DAGs
[2023-11-09T10:23:36.063-0300] {logging_mixin.py:149} INFO - [2023-11-09T10:23:36.063-0300] {dag.py:3486} INFO - Setting next_dagrun for latest_only_with_trigger to 2023-11-09T09:23:36.063262+00:00, run_after=2023-11-09T13:23:36.063262+00:00
[2023-11-09T10:23:36.103-0300] {processor.py:179} INFO - Processing /Users/lucasmorrone/Documents/airflow/env/lib/python3.11/site-packages/airflow/example_dags/example_latest_only_with_trigger.py took 1.584 seconds
[2023-11-09T10:29:49.853-0300] {processor.py:157} INFO - Started process (PID=17388) to work on /Users/lucasmorrone/Documents/airflow/env/lib/python3.11/site-packages/airflow/example_dags/example_latest_only_with_trigger.py
[2023-11-09T10:29:49.855-0300] {processor.py:826} INFO - Processing file /Users/lucasmorrone/Documents/airflow/env/lib/python3.11/site-packages/airflow/example_dags/example_latest_only_with_trigger.py for tasks to queue
[2023-11-09T10:29:49.856-0300] {logging_mixin.py:149} INFO - [2023-11-09T10:29:49.855-0300] {dagbag.py:541} INFO - Filling up the DagBag from /Users/lucasmorrone/Documents/airflow/env/lib/python3.11/site-packages/airflow/example_dags/example_latest_only_with_trigger.py
[2023-11-09T10:29:49.890-0300] {processor.py:836} INFO - DAG(s) dict_keys(['latest_only_with_trigger']) retrieved from /Users/lucasmorrone/Documents/airflow/env/lib/python3.11/site-packages/airflow/example_dags/example_latest_only_with_trigger.py
[2023-11-09T10:29:51.380-0300] {logging_mixin.py:149} INFO - [2023-11-09T10:29:51.380-0300] {dag.py:2726} INFO - Sync 1 DAGs
[2023-11-09T10:29:51.413-0300] {logging_mixin.py:149} INFO - [2023-11-09T10:29:51.413-0300] {dag.py:3486} INFO - Setting next_dagrun for latest_only_with_trigger to 2023-11-09T09:29:51.412797+00:00, run_after=2023-11-09T13:29:51.412797+00:00
[2023-11-09T10:29:51.447-0300] {processor.py:179} INFO - Processing /Users/lucasmorrone/Documents/airflow/env/lib/python3.11/site-packages/airflow/example_dags/example_latest_only_with_trigger.py took 1.595 seconds
[2023-11-09T10:33:46.381-0300] {processor.py:157} INFO - Started process (PID=17892) to work on /Users/lucasmorrone/Documents/airflow/env/lib/python3.11/site-packages/airflow/example_dags/example_latest_only_with_trigger.py
[2023-11-09T10:33:46.384-0300] {processor.py:826} INFO - Processing file /Users/lucasmorrone/Documents/airflow/env/lib/python3.11/site-packages/airflow/example_dags/example_latest_only_with_trigger.py for tasks to queue
[2023-11-09T10:33:46.385-0300] {logging_mixin.py:149} INFO - [2023-11-09T10:33:46.385-0300] {dagbag.py:541} INFO - Filling up the DagBag from /Users/lucasmorrone/Documents/airflow/env/lib/python3.11/site-packages/airflow/example_dags/example_latest_only_with_trigger.py
[2023-11-09T10:33:46.431-0300] {processor.py:836} INFO - DAG(s) dict_keys(['latest_only_with_trigger']) retrieved from /Users/lucasmorrone/Documents/airflow/env/lib/python3.11/site-packages/airflow/example_dags/example_latest_only_with_trigger.py
[2023-11-09T10:33:47.597-0300] {logging_mixin.py:149} INFO - [2023-11-09T10:33:47.597-0300] {dag.py:2726} INFO - Sync 1 DAGs
[2023-11-09T10:33:47.620-0300] {logging_mixin.py:149} INFO - [2023-11-09T10:33:47.620-0300] {dag.py:3486} INFO - Setting next_dagrun for latest_only_with_trigger to 2023-11-09T09:33:47.620119+00:00, run_after=2023-11-09T13:33:47.620119+00:00
[2023-11-09T10:33:47.645-0300] {processor.py:179} INFO - Processing /Users/lucasmorrone/Documents/airflow/env/lib/python3.11/site-packages/airflow/example_dags/example_latest_only_with_trigger.py took 1.266 seconds
