[2023-11-09T10:17:32.304-0300] {processor.py:157} INFO - Started process (PID=16555) to work on /Users/lucasmorrone/Documents/airflow/env/lib/python3.11/site-packages/airflow/example_dags/example_branch_operator.py
[2023-11-09T10:17:32.306-0300] {processor.py:826} INFO - Processing file /Users/lucasmorrone/Documents/airflow/env/lib/python3.11/site-packages/airflow/example_dags/example_branch_operator.py for tasks to queue
[2023-11-09T10:17:32.307-0300] {logging_mixin.py:149} INFO - [2023-11-09T10:17:32.307-0300] {dagbag.py:541} INFO - Filling up the DagBag from /Users/lucasmorrone/Documents/airflow/env/lib/python3.11/site-packages/airflow/example_dags/example_branch_operator.py
[2023-11-09T10:17:32.368-0300] {processor.py:836} INFO - DAG(s) dict_keys(['example_branch_operator']) retrieved from /Users/lucasmorrone/Documents/airflow/env/lib/python3.11/site-packages/airflow/example_dags/example_branch_operator.py
[2023-11-09T10:17:33.593-0300] {logging_mixin.py:149} INFO - [2023-11-09T10:17:33.593-0300] {manager.py:504} INFO - Created Permission View: can read on DAG:example_branch_operator
[2023-11-09T10:17:33.604-0300] {logging_mixin.py:149} INFO - [2023-11-09T10:17:33.604-0300] {manager.py:504} INFO - Created Permission View: can edit on DAG:example_branch_operator
[2023-11-09T10:17:33.612-0300] {logging_mixin.py:149} INFO - [2023-11-09T10:17:33.612-0300] {manager.py:504} INFO - Created Permission View: can delete on DAG:example_branch_operator
[2023-11-09T10:17:33.613-0300] {logging_mixin.py:149} INFO - [2023-11-09T10:17:33.613-0300] {dag.py:2726} INFO - Sync 1 DAGs
[2023-11-09T10:17:33.627-0300] {logging_mixin.py:149} INFO - [2023-11-09T10:17:33.627-0300] {dag.py:2747} INFO - Creating ORM DAG for example_branch_operator
[2023-11-09T10:17:33.640-0300] {logging_mixin.py:149} INFO - [2023-11-09T10:17:33.639-0300] {dag.py:3486} INFO - Setting next_dagrun for example_branch_operator to 2023-11-08T00:00:00+00:00, run_after=2023-11-09T00:00:00+00:00
[2023-11-09T10:17:33.662-0300] {processor.py:179} INFO - Processing /Users/lucasmorrone/Documents/airflow/env/lib/python3.11/site-packages/airflow/example_dags/example_branch_operator.py took 1.360 seconds
[2023-11-09T10:23:57.963-0300] {processor.py:157} INFO - Started process (PID=16986) to work on /Users/lucasmorrone/Documents/airflow/env/lib/python3.11/site-packages/airflow/example_dags/example_branch_operator.py
[2023-11-09T10:23:57.965-0300] {processor.py:826} INFO - Processing file /Users/lucasmorrone/Documents/airflow/env/lib/python3.11/site-packages/airflow/example_dags/example_branch_operator.py for tasks to queue
[2023-11-09T10:23:57.966-0300] {logging_mixin.py:149} INFO - [2023-11-09T10:23:57.966-0300] {dagbag.py:541} INFO - Filling up the DagBag from /Users/lucasmorrone/Documents/airflow/env/lib/python3.11/site-packages/airflow/example_dags/example_branch_operator.py
[2023-11-09T10:23:58.017-0300] {processor.py:836} INFO - DAG(s) dict_keys(['example_branch_operator']) retrieved from /Users/lucasmorrone/Documents/airflow/env/lib/python3.11/site-packages/airflow/example_dags/example_branch_operator.py
[2023-11-09T10:23:59.880-0300] {logging_mixin.py:149} INFO - [2023-11-09T10:23:59.880-0300] {dag.py:2726} INFO - Sync 1 DAGs
[2023-11-09T10:23:59.942-0300] {logging_mixin.py:149} INFO - [2023-11-09T10:23:59.942-0300] {dag.py:3486} INFO - Setting next_dagrun for example_branch_operator to 2023-11-08T00:00:00+00:00, run_after=2023-11-09T00:00:00+00:00
[2023-11-09T10:23:59.977-0300] {processor.py:179} INFO - Processing /Users/lucasmorrone/Documents/airflow/env/lib/python3.11/site-packages/airflow/example_dags/example_branch_operator.py took 2.015 seconds
[2023-11-09T10:30:39.809-0300] {processor.py:157} INFO - Started process (PID=17418) to work on /Users/lucasmorrone/Documents/airflow/env/lib/python3.11/site-packages/airflow/example_dags/example_branch_operator.py
[2023-11-09T10:30:39.812-0300] {processor.py:826} INFO - Processing file /Users/lucasmorrone/Documents/airflow/env/lib/python3.11/site-packages/airflow/example_dags/example_branch_operator.py for tasks to queue
[2023-11-09T10:30:39.813-0300] {logging_mixin.py:149} INFO - [2023-11-09T10:30:39.813-0300] {dagbag.py:541} INFO - Filling up the DagBag from /Users/lucasmorrone/Documents/airflow/env/lib/python3.11/site-packages/airflow/example_dags/example_branch_operator.py
[2023-11-09T10:30:39.866-0300] {processor.py:836} INFO - DAG(s) dict_keys(['example_branch_operator']) retrieved from /Users/lucasmorrone/Documents/airflow/env/lib/python3.11/site-packages/airflow/example_dags/example_branch_operator.py
[2023-11-09T10:30:41.013-0300] {logging_mixin.py:149} INFO - [2023-11-09T10:30:41.013-0300] {dag.py:2726} INFO - Sync 1 DAGs
[2023-11-09T10:30:41.058-0300] {logging_mixin.py:149} INFO - [2023-11-09T10:30:41.058-0300] {dag.py:3486} INFO - Setting next_dagrun for example_branch_operator to 2023-11-08T00:00:00+00:00, run_after=2023-11-09T00:00:00+00:00
[2023-11-09T10:30:41.099-0300] {processor.py:179} INFO - Processing /Users/lucasmorrone/Documents/airflow/env/lib/python3.11/site-packages/airflow/example_dags/example_branch_operator.py took 1.291 seconds
