[2023-11-09T10:16:25.220-0300] {processor.py:157} INFO - Started process (PID=16454) to work on /Users/lucasmorrone/Documents/airflow/env/lib/python3.11/site-packages/airflow/example_dags/example_params_ui_tutorial.py
[2023-11-09T10:16:25.222-0300] {processor.py:826} INFO - Processing file /Users/lucasmorrone/Documents/airflow/env/lib/python3.11/site-packages/airflow/example_dags/example_params_ui_tutorial.py for tasks to queue
[2023-11-09T10:16:25.223-0300] {logging_mixin.py:149} INFO - [2023-11-09T10:16:25.223-0300] {dagbag.py:541} INFO - Filling up the DagBag from /Users/lucasmorrone/Documents/airflow/env/lib/python3.11/site-packages/airflow/example_dags/example_params_ui_tutorial.py
[2023-11-09T10:16:25.479-0300] {processor.py:836} INFO - DAG(s) dict_keys(['example_params_ui_tutorial']) retrieved from /Users/lucasmorrone/Documents/airflow/env/lib/python3.11/site-packages/airflow/example_dags/example_params_ui_tutorial.py
[2023-11-09T10:16:27.502-0300] {logging_mixin.py:149} INFO - [2023-11-09T10:16:27.501-0300] {manager.py:504} INFO - Created Permission View: can delete on DAG:example_params_ui_tutorial
[2023-11-09T10:16:27.515-0300] {logging_mixin.py:149} INFO - [2023-11-09T10:16:27.515-0300] {manager.py:504} INFO - Created Permission View: can edit on DAG:example_params_ui_tutorial
[2023-11-09T10:16:27.526-0300] {logging_mixin.py:149} INFO - [2023-11-09T10:16:27.526-0300] {manager.py:504} INFO - Created Permission View: can read on DAG:example_params_ui_tutorial
[2023-11-09T10:16:27.527-0300] {logging_mixin.py:149} INFO - [2023-11-09T10:16:27.527-0300] {dag.py:2726} INFO - Sync 1 DAGs
[2023-11-09T10:16:27.543-0300] {logging_mixin.py:149} INFO - [2023-11-09T10:16:27.542-0300] {dag.py:2747} INFO - Creating ORM DAG for example_params_ui_tutorial
[2023-11-09T10:16:27.555-0300] {logging_mixin.py:149} INFO - [2023-11-09T10:16:27.554-0300] {dag.py:3486} INFO - Setting next_dagrun for example_params_ui_tutorial to None, run_after=None
[2023-11-09T10:16:27.584-0300] {processor.py:179} INFO - Processing /Users/lucasmorrone/Documents/airflow/env/lib/python3.11/site-packages/airflow/example_dags/example_params_ui_tutorial.py took 2.366 seconds
[2023-11-09T10:20:07.722-0300] {processor.py:157} INFO - Started process (PID=16701) to work on /Users/lucasmorrone/Documents/airflow/env/lib/python3.11/site-packages/airflow/example_dags/example_params_ui_tutorial.py
[2023-11-09T10:20:07.723-0300] {processor.py:826} INFO - Processing file /Users/lucasmorrone/Documents/airflow/env/lib/python3.11/site-packages/airflow/example_dags/example_params_ui_tutorial.py for tasks to queue
[2023-11-09T10:20:07.724-0300] {logging_mixin.py:149} INFO - [2023-11-09T10:20:07.724-0300] {dagbag.py:541} INFO - Filling up the DagBag from /Users/lucasmorrone/Documents/airflow/env/lib/python3.11/site-packages/airflow/example_dags/example_params_ui_tutorial.py
[2023-11-09T10:20:07.875-0300] {processor.py:836} INFO - DAG(s) dict_keys(['example_params_ui_tutorial']) retrieved from /Users/lucasmorrone/Documents/airflow/env/lib/python3.11/site-packages/airflow/example_dags/example_params_ui_tutorial.py
[2023-11-09T10:20:08.937-0300] {logging_mixin.py:149} INFO - [2023-11-09T10:20:08.937-0300] {dag.py:2726} INFO - Sync 1 DAGs
[2023-11-09T10:20:08.979-0300] {logging_mixin.py:149} INFO - [2023-11-09T10:20:08.978-0300] {dag.py:3486} INFO - Setting next_dagrun for example_params_ui_tutorial to None, run_after=None
[2023-11-09T10:20:09.149-0300] {processor.py:179} INFO - Processing /Users/lucasmorrone/Documents/airflow/env/lib/python3.11/site-packages/airflow/example_dags/example_params_ui_tutorial.py took 1.428 seconds
[2023-11-09T10:23:17.969-0300] {processor.py:157} INFO - Started process (PID=16966) to work on /Users/lucasmorrone/Documents/airflow/env/lib/python3.11/site-packages/airflow/example_dags/example_params_ui_tutorial.py
[2023-11-09T10:23:17.971-0300] {processor.py:826} INFO - Processing file /Users/lucasmorrone/Documents/airflow/env/lib/python3.11/site-packages/airflow/example_dags/example_params_ui_tutorial.py for tasks to queue
[2023-11-09T10:23:17.972-0300] {logging_mixin.py:149} INFO - [2023-11-09T10:23:17.971-0300] {dagbag.py:541} INFO - Filling up the DagBag from /Users/lucasmorrone/Documents/airflow/env/lib/python3.11/site-packages/airflow/example_dags/example_params_ui_tutorial.py
[2023-11-09T10:23:18.211-0300] {processor.py:836} INFO - DAG(s) dict_keys(['example_params_ui_tutorial']) retrieved from /Users/lucasmorrone/Documents/airflow/env/lib/python3.11/site-packages/airflow/example_dags/example_params_ui_tutorial.py
[2023-11-09T10:23:19.292-0300] {logging_mixin.py:149} INFO - [2023-11-09T10:23:19.291-0300] {dag.py:2726} INFO - Sync 1 DAGs
[2023-11-09T10:23:19.340-0300] {logging_mixin.py:149} INFO - [2023-11-09T10:23:19.340-0300] {dag.py:3486} INFO - Setting next_dagrun for example_params_ui_tutorial to None, run_after=None
[2023-11-09T10:23:19.416-0300] {processor.py:179} INFO - Processing /Users/lucasmorrone/Documents/airflow/env/lib/python3.11/site-packages/airflow/example_dags/example_params_ui_tutorial.py took 1.449 seconds
[2023-11-09T10:29:27.271-0300] {processor.py:157} INFO - Started process (PID=17382) to work on /Users/lucasmorrone/Documents/airflow/env/lib/python3.11/site-packages/airflow/example_dags/example_params_ui_tutorial.py
[2023-11-09T10:29:27.272-0300] {processor.py:826} INFO - Processing file /Users/lucasmorrone/Documents/airflow/env/lib/python3.11/site-packages/airflow/example_dags/example_params_ui_tutorial.py for tasks to queue
[2023-11-09T10:29:27.273-0300] {logging_mixin.py:149} INFO - [2023-11-09T10:29:27.273-0300] {dagbag.py:541} INFO - Filling up the DagBag from /Users/lucasmorrone/Documents/airflow/env/lib/python3.11/site-packages/airflow/example_dags/example_params_ui_tutorial.py
[2023-11-09T10:29:27.603-0300] {processor.py:836} INFO - DAG(s) dict_keys(['example_params_ui_tutorial']) retrieved from /Users/lucasmorrone/Documents/airflow/env/lib/python3.11/site-packages/airflow/example_dags/example_params_ui_tutorial.py
[2023-11-09T10:29:29.114-0300] {logging_mixin.py:149} INFO - [2023-11-09T10:29:29.113-0300] {dag.py:2726} INFO - Sync 1 DAGs
[2023-11-09T10:29:29.146-0300] {logging_mixin.py:149} INFO - [2023-11-09T10:29:29.146-0300] {dag.py:3486} INFO - Setting next_dagrun for example_params_ui_tutorial to None, run_after=None
[2023-11-09T10:29:29.180-0300] {processor.py:179} INFO - Processing /Users/lucasmorrone/Documents/airflow/env/lib/python3.11/site-packages/airflow/example_dags/example_params_ui_tutorial.py took 1.910 seconds
[2023-11-09T10:33:21.430-0300] {processor.py:157} INFO - Started process (PID=17886) to work on /Users/lucasmorrone/Documents/airflow/env/lib/python3.11/site-packages/airflow/example_dags/example_params_ui_tutorial.py
[2023-11-09T10:33:21.432-0300] {processor.py:826} INFO - Processing file /Users/lucasmorrone/Documents/airflow/env/lib/python3.11/site-packages/airflow/example_dags/example_params_ui_tutorial.py for tasks to queue
[2023-11-09T10:33:21.434-0300] {logging_mixin.py:149} INFO - [2023-11-09T10:33:21.433-0300] {dagbag.py:541} INFO - Filling up the DagBag from /Users/lucasmorrone/Documents/airflow/env/lib/python3.11/site-packages/airflow/example_dags/example_params_ui_tutorial.py
[2023-11-09T10:33:21.730-0300] {processor.py:836} INFO - DAG(s) dict_keys(['example_params_ui_tutorial']) retrieved from /Users/lucasmorrone/Documents/airflow/env/lib/python3.11/site-packages/airflow/example_dags/example_params_ui_tutorial.py
[2023-11-09T10:33:22.738-0300] {logging_mixin.py:149} INFO - [2023-11-09T10:33:22.738-0300] {dag.py:2726} INFO - Sync 1 DAGs
[2023-11-09T10:33:22.759-0300] {logging_mixin.py:149} INFO - [2023-11-09T10:33:22.759-0300] {dag.py:3486} INFO - Setting next_dagrun for example_params_ui_tutorial to None, run_after=None
[2023-11-09T10:33:22.783-0300] {processor.py:179} INFO - Processing /Users/lucasmorrone/Documents/airflow/env/lib/python3.11/site-packages/airflow/example_dags/example_params_ui_tutorial.py took 1.356 seconds
