[2023-11-09T10:17:10.400-0300] {processor.py:157} INFO - Started process (PID=16526) to work on /Users/lucasmorrone/Documents/airflow/env/lib/python3.11/site-packages/airflow/example_dags/example_datasets.py
[2023-11-09T10:17:10.402-0300] {processor.py:826} INFO - Processing file /Users/lucasmorrone/Documents/airflow/env/lib/python3.11/site-packages/airflow/example_dags/example_datasets.py for tasks to queue
[2023-11-09T10:17:10.403-0300] {logging_mixin.py:149} INFO - [2023-11-09T10:17:10.403-0300] {dagbag.py:541} INFO - Filling up the DagBag from /Users/lucasmorrone/Documents/airflow/env/lib/python3.11/site-packages/airflow/example_dags/example_datasets.py
[2023-11-09T10:17:10.437-0300] {processor.py:836} INFO - DAG(s) dict_keys(['dataset_consumes_1_never_scheduled', 'dataset_consumes_unknown_never_scheduled', 'dataset_consumes_1', 'dataset_produces_1', 'dataset_consumes_1_and_2', 'dataset_produces_2']) retrieved from /Users/lucasmorrone/Documents/airflow/env/lib/python3.11/site-packages/airflow/example_dags/example_datasets.py
[2023-11-09T10:17:11.650-0300] {logging_mixin.py:149} INFO - [2023-11-09T10:17:11.649-0300] {manager.py:504} INFO - Created Permission View: can delete on DAG:dataset_consumes_1_never_scheduled
[2023-11-09T10:17:11.666-0300] {logging_mixin.py:149} INFO - [2023-11-09T10:17:11.665-0300] {manager.py:504} INFO - Created Permission View: can read on DAG:dataset_consumes_1_never_scheduled
[2023-11-09T10:17:11.675-0300] {logging_mixin.py:149} INFO - [2023-11-09T10:17:11.674-0300] {manager.py:504} INFO - Created Permission View: can edit on DAG:dataset_consumes_1_never_scheduled
[2023-11-09T10:17:11.694-0300] {logging_mixin.py:149} INFO - [2023-11-09T10:17:11.694-0300] {manager.py:504} INFO - Created Permission View: can delete on DAG:dataset_consumes_unknown_never_scheduled
[2023-11-09T10:17:11.702-0300] {logging_mixin.py:149} INFO - [2023-11-09T10:17:11.702-0300] {manager.py:504} INFO - Created Permission View: can read on DAG:dataset_consumes_unknown_never_scheduled
[2023-11-09T10:17:11.711-0300] {logging_mixin.py:149} INFO - [2023-11-09T10:17:11.710-0300] {manager.py:504} INFO - Created Permission View: can edit on DAG:dataset_consumes_unknown_never_scheduled
[2023-11-09T10:17:11.728-0300] {logging_mixin.py:149} INFO - [2023-11-09T10:17:11.728-0300] {manager.py:504} INFO - Created Permission View: can delete on DAG:dataset_consumes_1
[2023-11-09T10:17:11.737-0300] {logging_mixin.py:149} INFO - [2023-11-09T10:17:11.737-0300] {manager.py:504} INFO - Created Permission View: can read on DAG:dataset_consumes_1
[2023-11-09T10:17:11.744-0300] {logging_mixin.py:149} INFO - [2023-11-09T10:17:11.744-0300] {manager.py:504} INFO - Created Permission View: can edit on DAG:dataset_consumes_1
[2023-11-09T10:17:11.763-0300] {logging_mixin.py:149} INFO - [2023-11-09T10:17:11.763-0300] {manager.py:504} INFO - Created Permission View: can delete on DAG:dataset_produces_1
[2023-11-09T10:17:11.771-0300] {logging_mixin.py:149} INFO - [2023-11-09T10:17:11.771-0300] {manager.py:504} INFO - Created Permission View: can read on DAG:dataset_produces_1
[2023-11-09T10:17:11.778-0300] {logging_mixin.py:149} INFO - [2023-11-09T10:17:11.778-0300] {manager.py:504} INFO - Created Permission View: can edit on DAG:dataset_produces_1
[2023-11-09T10:17:11.795-0300] {logging_mixin.py:149} INFO - [2023-11-09T10:17:11.795-0300] {manager.py:504} INFO - Created Permission View: can delete on DAG:dataset_consumes_1_and_2
[2023-11-09T10:17:11.802-0300] {logging_mixin.py:149} INFO - [2023-11-09T10:17:11.802-0300] {manager.py:504} INFO - Created Permission View: can read on DAG:dataset_consumes_1_and_2
[2023-11-09T10:17:11.811-0300] {logging_mixin.py:149} INFO - [2023-11-09T10:17:11.811-0300] {manager.py:504} INFO - Created Permission View: can edit on DAG:dataset_consumes_1_and_2
[2023-11-09T10:17:11.828-0300] {logging_mixin.py:149} INFO - [2023-11-09T10:17:11.828-0300] {manager.py:504} INFO - Created Permission View: can delete on DAG:dataset_produces_2
[2023-11-09T10:17:11.835-0300] {logging_mixin.py:149} INFO - [2023-11-09T10:17:11.835-0300] {manager.py:504} INFO - Created Permission View: can read on DAG:dataset_produces_2
[2023-11-09T10:17:11.841-0300] {logging_mixin.py:149} INFO - [2023-11-09T10:17:11.841-0300] {manager.py:504} INFO - Created Permission View: can edit on DAG:dataset_produces_2
[2023-11-09T10:17:11.842-0300] {logging_mixin.py:149} INFO - [2023-11-09T10:17:11.842-0300] {dag.py:2726} INFO - Sync 6 DAGs
[2023-11-09T10:17:11.941-0300] {logging_mixin.py:149} INFO - [2023-11-09T10:17:11.940-0300] {dag.py:2747} INFO - Creating ORM DAG for dataset_consumes_1_and_2
[2023-11-09T10:17:11.942-0300] {logging_mixin.py:149} INFO - [2023-11-09T10:17:11.941-0300] {dag.py:2747} INFO - Creating ORM DAG for dataset_consumes_1
[2023-11-09T10:17:11.943-0300] {logging_mixin.py:149} INFO - [2023-11-09T10:17:11.942-0300] {dag.py:2747} INFO - Creating ORM DAG for dataset_consumes_unknown_never_scheduled
[2023-11-09T10:17:11.944-0300] {logging_mixin.py:149} INFO - [2023-11-09T10:17:11.943-0300] {dag.py:2747} INFO - Creating ORM DAG for dataset_consumes_1_never_scheduled
[2023-11-09T10:17:11.945-0300] {logging_mixin.py:149} INFO - [2023-11-09T10:17:11.945-0300] {dag.py:2747} INFO - Creating ORM DAG for dataset_produces_1
[2023-11-09T10:17:11.946-0300] {logging_mixin.py:149} INFO - [2023-11-09T10:17:11.946-0300] {dag.py:2747} INFO - Creating ORM DAG for dataset_produces_2
[2023-11-09T10:17:11.959-0300] {logging_mixin.py:149} INFO - [2023-11-09T10:17:11.959-0300] {dag.py:3486} INFO - Setting next_dagrun for dataset_consumes_1 to None, run_after=None
[2023-11-09T10:17:11.960-0300] {logging_mixin.py:149} INFO - [2023-11-09T10:17:11.960-0300] {dag.py:3486} INFO - Setting next_dagrun for dataset_consumes_1_and_2 to None, run_after=None
[2023-11-09T10:17:11.960-0300] {logging_mixin.py:149} INFO - [2023-11-09T10:17:11.960-0300] {dag.py:3486} INFO - Setting next_dagrun for dataset_consumes_1_never_scheduled to None, run_after=None
[2023-11-09T10:17:11.961-0300] {logging_mixin.py:149} INFO - [2023-11-09T10:17:11.961-0300] {dag.py:3486} INFO - Setting next_dagrun for dataset_consumes_unknown_never_scheduled to None, run_after=None
[2023-11-09T10:17:11.966-0300] {logging_mixin.py:149} INFO - [2023-11-09T10:17:11.965-0300] {dag.py:3486} INFO - Setting next_dagrun for dataset_produces_1 to 2023-11-08T00:00:00+00:00, run_after=2023-11-09T00:00:00+00:00
[2023-11-09T10:17:11.967-0300] {logging_mixin.py:149} INFO - [2023-11-09T10:17:11.967-0300] {dag.py:3486} INFO - Setting next_dagrun for dataset_produces_2 to None, run_after=None
[2023-11-09T10:17:12.033-0300] {processor.py:179} INFO - Processing /Users/lucasmorrone/Documents/airflow/env/lib/python3.11/site-packages/airflow/example_dags/example_datasets.py took 1.634 seconds
[2023-11-09T10:20:51.781-0300] {processor.py:157} INFO - Started process (PID=16720) to work on /Users/lucasmorrone/Documents/airflow/env/lib/python3.11/site-packages/airflow/example_dags/example_datasets.py
[2023-11-09T10:20:51.789-0300] {processor.py:826} INFO - Processing file /Users/lucasmorrone/Documents/airflow/env/lib/python3.11/site-packages/airflow/example_dags/example_datasets.py for tasks to queue
[2023-11-09T10:20:51.791-0300] {logging_mixin.py:149} INFO - [2023-11-09T10:20:51.791-0300] {dagbag.py:541} INFO - Filling up the DagBag from /Users/lucasmorrone/Documents/airflow/env/lib/python3.11/site-packages/airflow/example_dags/example_datasets.py
[2023-11-09T10:20:51.992-0300] {processor.py:836} INFO - DAG(s) dict_keys(['dataset_consumes_1_and_2', 'dataset_produces_1', 'dataset_consumes_1', 'dataset_produces_2', 'dataset_consumes_1_never_scheduled', 'dataset_consumes_unknown_never_scheduled']) retrieved from /Users/lucasmorrone/Documents/airflow/env/lib/python3.11/site-packages/airflow/example_dags/example_datasets.py
[2023-11-09T10:20:54.371-0300] {logging_mixin.py:149} INFO - [2023-11-09T10:20:54.371-0300] {dag.py:2726} INFO - Sync 6 DAGs
[2023-11-09T10:20:54.407-0300] {logging_mixin.py:149} INFO - [2023-11-09T10:20:54.407-0300] {dag.py:3486} INFO - Setting next_dagrun for dataset_consumes_1 to None, run_after=None
[2023-11-09T10:20:54.412-0300] {logging_mixin.py:149} INFO - [2023-11-09T10:20:54.412-0300] {dag.py:3486} INFO - Setting next_dagrun for dataset_consumes_1_and_2 to None, run_after=None
[2023-11-09T10:20:54.416-0300] {logging_mixin.py:149} INFO - [2023-11-09T10:20:54.416-0300] {dag.py:3486} INFO - Setting next_dagrun for dataset_consumes_1_never_scheduled to None, run_after=None
[2023-11-09T10:20:54.419-0300] {logging_mixin.py:149} INFO - [2023-11-09T10:20:54.418-0300] {dag.py:3486} INFO - Setting next_dagrun for dataset_consumes_unknown_never_scheduled to None, run_after=None
[2023-11-09T10:20:54.425-0300] {logging_mixin.py:149} INFO - [2023-11-09T10:20:54.425-0300] {dag.py:3486} INFO - Setting next_dagrun for dataset_produces_1 to 2023-11-08T00:00:00+00:00, run_after=2023-11-09T00:00:00+00:00
[2023-11-09T10:20:54.427-0300] {logging_mixin.py:149} INFO - [2023-11-09T10:20:54.427-0300] {dag.py:3486} INFO - Setting next_dagrun for dataset_produces_2 to None, run_after=None
[2023-11-09T10:20:54.530-0300] {processor.py:179} INFO - Processing /Users/lucasmorrone/Documents/airflow/env/lib/python3.11/site-packages/airflow/example_dags/example_datasets.py took 2.756 seconds
[2023-11-09T10:30:15.113-0300] {processor.py:157} INFO - Started process (PID=17411) to work on /Users/lucasmorrone/Documents/airflow/env/lib/python3.11/site-packages/airflow/example_dags/example_datasets.py
[2023-11-09T10:30:15.116-0300] {processor.py:826} INFO - Processing file /Users/lucasmorrone/Documents/airflow/env/lib/python3.11/site-packages/airflow/example_dags/example_datasets.py for tasks to queue
[2023-11-09T10:30:15.117-0300] {logging_mixin.py:149} INFO - [2023-11-09T10:30:15.116-0300] {dagbag.py:541} INFO - Filling up the DagBag from /Users/lucasmorrone/Documents/airflow/env/lib/python3.11/site-packages/airflow/example_dags/example_datasets.py
[2023-11-09T10:30:15.197-0300] {processor.py:836} INFO - DAG(s) dict_keys(['dataset_consumes_1_never_scheduled', 'dataset_consumes_unknown_never_scheduled', 'dataset_produces_2', 'dataset_consumes_1_and_2', 'dataset_produces_1', 'dataset_consumes_1']) retrieved from /Users/lucasmorrone/Documents/airflow/env/lib/python3.11/site-packages/airflow/example_dags/example_datasets.py
[2023-11-09T10:30:16.789-0300] {logging_mixin.py:149} INFO - [2023-11-09T10:30:16.788-0300] {dag.py:2726} INFO - Sync 6 DAGs
[2023-11-09T10:30:16.818-0300] {logging_mixin.py:149} INFO - [2023-11-09T10:30:16.818-0300] {dag.py:3486} INFO - Setting next_dagrun for dataset_consumes_1 to None, run_after=None
[2023-11-09T10:30:16.823-0300] {logging_mixin.py:149} INFO - [2023-11-09T10:30:16.822-0300] {dag.py:3486} INFO - Setting next_dagrun for dataset_consumes_1_and_2 to None, run_after=None
[2023-11-09T10:30:16.824-0300] {logging_mixin.py:149} INFO - [2023-11-09T10:30:16.824-0300] {dag.py:3486} INFO - Setting next_dagrun for dataset_consumes_1_never_scheduled to None, run_after=None
[2023-11-09T10:30:16.825-0300] {logging_mixin.py:149} INFO - [2023-11-09T10:30:16.825-0300] {dag.py:3486} INFO - Setting next_dagrun for dataset_consumes_unknown_never_scheduled to None, run_after=None
[2023-11-09T10:30:16.831-0300] {logging_mixin.py:149} INFO - [2023-11-09T10:30:16.830-0300] {dag.py:3486} INFO - Setting next_dagrun for dataset_produces_1 to 2023-11-08T00:00:00+00:00, run_after=2023-11-09T00:00:00+00:00
[2023-11-09T10:30:16.832-0300] {logging_mixin.py:149} INFO - [2023-11-09T10:30:16.832-0300] {dag.py:3486} INFO - Setting next_dagrun for dataset_produces_2 to None, run_after=None
[2023-11-09T10:30:16.890-0300] {processor.py:179} INFO - Processing /Users/lucasmorrone/Documents/airflow/env/lib/python3.11/site-packages/airflow/example_dags/example_datasets.py took 1.780 seconds
[2023-11-09T10:34:09.345-0300] {processor.py:157} INFO - Started process (PID=17899) to work on /Users/lucasmorrone/Documents/airflow/env/lib/python3.11/site-packages/airflow/example_dags/example_datasets.py
[2023-11-09T10:34:09.347-0300] {processor.py:826} INFO - Processing file /Users/lucasmorrone/Documents/airflow/env/lib/python3.11/site-packages/airflow/example_dags/example_datasets.py for tasks to queue
[2023-11-09T10:34:09.348-0300] {logging_mixin.py:149} INFO - [2023-11-09T10:34:09.348-0300] {dagbag.py:541} INFO - Filling up the DagBag from /Users/lucasmorrone/Documents/airflow/env/lib/python3.11/site-packages/airflow/example_dags/example_datasets.py
[2023-11-09T10:34:09.379-0300] {processor.py:836} INFO - DAG(s) dict_keys(['dataset_consumes_1', 'dataset_produces_1', 'dataset_consumes_unknown_never_scheduled', 'dataset_produces_2', 'dataset_consumes_1_and_2', 'dataset_consumes_1_never_scheduled']) retrieved from /Users/lucasmorrone/Documents/airflow/env/lib/python3.11/site-packages/airflow/example_dags/example_datasets.py
[2023-11-09T10:34:10.503-0300] {logging_mixin.py:149} INFO - [2023-11-09T10:34:10.502-0300] {dag.py:2726} INFO - Sync 6 DAGs
[2023-11-09T10:34:10.565-0300] {logging_mixin.py:149} INFO - [2023-11-09T10:34:10.565-0300] {dag.py:3486} INFO - Setting next_dagrun for dataset_consumes_1 to None, run_after=None
[2023-11-09T10:34:10.571-0300] {logging_mixin.py:149} INFO - [2023-11-09T10:34:10.570-0300] {dag.py:3486} INFO - Setting next_dagrun for dataset_consumes_1_and_2 to None, run_after=None
[2023-11-09T10:34:10.573-0300] {logging_mixin.py:149} INFO - [2023-11-09T10:34:10.573-0300] {dag.py:3486} INFO - Setting next_dagrun for dataset_consumes_1_never_scheduled to None, run_after=None
[2023-11-09T10:34:10.575-0300] {logging_mixin.py:149} INFO - [2023-11-09T10:34:10.575-0300] {dag.py:3486} INFO - Setting next_dagrun for dataset_consumes_unknown_never_scheduled to None, run_after=None
[2023-11-09T10:34:10.584-0300] {logging_mixin.py:149} INFO - [2023-11-09T10:34:10.584-0300] {dag.py:3486} INFO - Setting next_dagrun for dataset_produces_1 to 2023-11-08T00:00:00+00:00, run_after=2023-11-09T00:00:00+00:00
[2023-11-09T10:34:10.585-0300] {logging_mixin.py:149} INFO - [2023-11-09T10:34:10.585-0300] {dag.py:3486} INFO - Setting next_dagrun for dataset_produces_2 to None, run_after=None
[2023-11-09T10:34:10.623-0300] {processor.py:179} INFO - Processing /Users/lucasmorrone/Documents/airflow/env/lib/python3.11/site-packages/airflow/example_dags/example_datasets.py took 1.280 seconds
