[2023-11-09T10:15:48.634-0300] {processor.py:157} INFO - Started process (PID=16418) to work on /Users/lucasmorrone/Documents/airflow/env/lib/python3.11/site-packages/airflow/example_dags/example_short_circuit_operator.py
[2023-11-09T10:15:48.635-0300] {processor.py:826} INFO - Processing file /Users/lucasmorrone/Documents/airflow/env/lib/python3.11/site-packages/airflow/example_dags/example_short_circuit_operator.py for tasks to queue
[2023-11-09T10:15:48.636-0300] {logging_mixin.py:149} INFO - [2023-11-09T10:15:48.636-0300] {dagbag.py:541} INFO - Filling up the DagBag from /Users/lucasmorrone/Documents/airflow/env/lib/python3.11/site-packages/airflow/example_dags/example_short_circuit_operator.py
[2023-11-09T10:15:48.683-0300] {processor.py:836} INFO - DAG(s) dict_keys(['example_short_circuit_operator']) retrieved from /Users/lucasmorrone/Documents/airflow/env/lib/python3.11/site-packages/airflow/example_dags/example_short_circuit_operator.py
[2023-11-09T10:15:49.895-0300] {logging_mixin.py:149} INFO - [2023-11-09T10:15:49.895-0300] {manager.py:504} INFO - Created Permission View: can edit on DAG:example_short_circuit_operator
[2023-11-09T10:15:49.911-0300] {logging_mixin.py:149} INFO - [2023-11-09T10:15:49.911-0300] {manager.py:504} INFO - Created Permission View: can read on DAG:example_short_circuit_operator
[2023-11-09T10:15:49.921-0300] {logging_mixin.py:149} INFO - [2023-11-09T10:15:49.920-0300] {manager.py:504} INFO - Created Permission View: can delete on DAG:example_short_circuit_operator
[2023-11-09T10:15:49.921-0300] {logging_mixin.py:149} INFO - [2023-11-09T10:15:49.921-0300] {dag.py:2726} INFO - Sync 1 DAGs
[2023-11-09T10:15:49.934-0300] {logging_mixin.py:149} INFO - [2023-11-09T10:15:49.933-0300] {dag.py:2747} INFO - Creating ORM DAG for example_short_circuit_operator
[2023-11-09T10:15:49.943-0300] {logging_mixin.py:149} INFO - [2023-11-09T10:15:49.943-0300] {dag.py:3486} INFO - Setting next_dagrun for example_short_circuit_operator to 2023-11-08T13:15:49.943197+00:00, run_after=2023-11-09T13:15:49.943197+00:00
[2023-11-09T10:15:49.965-0300] {processor.py:179} INFO - Processing /Users/lucasmorrone/Documents/airflow/env/lib/python3.11/site-packages/airflow/example_dags/example_short_circuit_operator.py took 1.332 seconds
[2023-11-09T10:19:29.861-0300] {processor.py:157} INFO - Started process (PID=16675) to work on /Users/lucasmorrone/Documents/airflow/env/lib/python3.11/site-packages/airflow/example_dags/example_short_circuit_operator.py
[2023-11-09T10:19:29.863-0300] {processor.py:826} INFO - Processing file /Users/lucasmorrone/Documents/airflow/env/lib/python3.11/site-packages/airflow/example_dags/example_short_circuit_operator.py for tasks to queue
[2023-11-09T10:19:29.865-0300] {logging_mixin.py:149} INFO - [2023-11-09T10:19:29.864-0300] {dagbag.py:541} INFO - Filling up the DagBag from /Users/lucasmorrone/Documents/airflow/env/lib/python3.11/site-packages/airflow/example_dags/example_short_circuit_operator.py
[2023-11-09T10:19:29.967-0300] {processor.py:836} INFO - DAG(s) dict_keys(['example_short_circuit_operator']) retrieved from /Users/lucasmorrone/Documents/airflow/env/lib/python3.11/site-packages/airflow/example_dags/example_short_circuit_operator.py
[2023-11-09T10:19:31.163-0300] {logging_mixin.py:149} INFO - [2023-11-09T10:19:31.163-0300] {dag.py:2726} INFO - Sync 1 DAGs
[2023-11-09T10:19:31.202-0300] {logging_mixin.py:149} INFO - [2023-11-09T10:19:31.202-0300] {dag.py:3486} INFO - Setting next_dagrun for example_short_circuit_operator to 2023-11-08T13:19:31.202065+00:00, run_after=2023-11-09T13:19:31.202065+00:00
[2023-11-09T10:19:31.236-0300] {processor.py:179} INFO - Processing /Users/lucasmorrone/Documents/airflow/env/lib/python3.11/site-packages/airflow/example_dags/example_short_circuit_operator.py took 1.378 seconds
[2023-11-09T10:22:36.009-0300] {processor.py:157} INFO - Started process (PID=16756) to work on /Users/lucasmorrone/Documents/airflow/env/lib/python3.11/site-packages/airflow/example_dags/example_short_circuit_operator.py
[2023-11-09T10:22:36.010-0300] {processor.py:826} INFO - Processing file /Users/lucasmorrone/Documents/airflow/env/lib/python3.11/site-packages/airflow/example_dags/example_short_circuit_operator.py for tasks to queue
[2023-11-09T10:22:36.011-0300] {logging_mixin.py:149} INFO - [2023-11-09T10:22:36.011-0300] {dagbag.py:541} INFO - Filling up the DagBag from /Users/lucasmorrone/Documents/airflow/env/lib/python3.11/site-packages/airflow/example_dags/example_short_circuit_operator.py
[2023-11-09T10:22:36.073-0300] {processor.py:836} INFO - DAG(s) dict_keys(['example_short_circuit_operator']) retrieved from /Users/lucasmorrone/Documents/airflow/env/lib/python3.11/site-packages/airflow/example_dags/example_short_circuit_operator.py
[2023-11-09T10:22:37.555-0300] {logging_mixin.py:149} INFO - [2023-11-09T10:22:37.554-0300] {dag.py:2726} INFO - Sync 1 DAGs
[2023-11-09T10:22:37.622-0300] {logging_mixin.py:149} INFO - [2023-11-09T10:22:37.622-0300] {dag.py:3486} INFO - Setting next_dagrun for example_short_circuit_operator to 2023-11-08T13:22:37.621962+00:00, run_after=2023-11-09T13:22:37.621962+00:00
[2023-11-09T10:22:37.647-0300] {processor.py:179} INFO - Processing /Users/lucasmorrone/Documents/airflow/env/lib/python3.11/site-packages/airflow/example_dags/example_short_circuit_operator.py took 1.639 seconds
[2023-11-09T10:28:40.119-0300] {processor.py:157} INFO - Started process (PID=17353) to work on /Users/lucasmorrone/Documents/airflow/env/lib/python3.11/site-packages/airflow/example_dags/example_short_circuit_operator.py
[2023-11-09T10:28:40.121-0300] {processor.py:826} INFO - Processing file /Users/lucasmorrone/Documents/airflow/env/lib/python3.11/site-packages/airflow/example_dags/example_short_circuit_operator.py for tasks to queue
[2023-11-09T10:28:40.124-0300] {logging_mixin.py:149} INFO - [2023-11-09T10:28:40.122-0300] {dagbag.py:541} INFO - Filling up the DagBag from /Users/lucasmorrone/Documents/airflow/env/lib/python3.11/site-packages/airflow/example_dags/example_short_circuit_operator.py
[2023-11-09T10:28:40.293-0300] {processor.py:836} INFO - DAG(s) dict_keys(['example_short_circuit_operator']) retrieved from /Users/lucasmorrone/Documents/airflow/env/lib/python3.11/site-packages/airflow/example_dags/example_short_circuit_operator.py
[2023-11-09T10:28:42.321-0300] {logging_mixin.py:149} INFO - [2023-11-09T10:28:42.320-0300] {dag.py:2726} INFO - Sync 1 DAGs
[2023-11-09T10:28:42.379-0300] {logging_mixin.py:149} INFO - [2023-11-09T10:28:42.378-0300] {dag.py:3486} INFO - Setting next_dagrun for example_short_circuit_operator to 2023-11-08T13:28:42.378593+00:00, run_after=2023-11-09T13:28:42.378593+00:00
[2023-11-09T10:28:42.465-0300] {processor.py:179} INFO - Processing /Users/lucasmorrone/Documents/airflow/env/lib/python3.11/site-packages/airflow/example_dags/example_short_circuit_operator.py took 2.348 seconds
[2023-11-09T10:32:36.178-0300] {processor.py:157} INFO - Started process (PID=17803) to work on /Users/lucasmorrone/Documents/airflow/env/lib/python3.11/site-packages/airflow/example_dags/example_short_circuit_operator.py
[2023-11-09T10:32:36.180-0300] {processor.py:826} INFO - Processing file /Users/lucasmorrone/Documents/airflow/env/lib/python3.11/site-packages/airflow/example_dags/example_short_circuit_operator.py for tasks to queue
[2023-11-09T10:32:36.181-0300] {logging_mixin.py:149} INFO - [2023-11-09T10:32:36.181-0300] {dagbag.py:541} INFO - Filling up the DagBag from /Users/lucasmorrone/Documents/airflow/env/lib/python3.11/site-packages/airflow/example_dags/example_short_circuit_operator.py
[2023-11-09T10:32:36.249-0300] {processor.py:836} INFO - DAG(s) dict_keys(['example_short_circuit_operator']) retrieved from /Users/lucasmorrone/Documents/airflow/env/lib/python3.11/site-packages/airflow/example_dags/example_short_circuit_operator.py
[2023-11-09T10:32:37.331-0300] {logging_mixin.py:149} INFO - [2023-11-09T10:32:37.331-0300] {dag.py:2726} INFO - Sync 1 DAGs
[2023-11-09T10:32:37.365-0300] {logging_mixin.py:149} INFO - [2023-11-09T10:32:37.365-0300] {dag.py:3486} INFO - Setting next_dagrun for example_short_circuit_operator to 2023-11-08T13:32:37.364843+00:00, run_after=2023-11-09T13:32:37.364843+00:00
[2023-11-09T10:32:37.390-0300] {processor.py:179} INFO - Processing /Users/lucasmorrone/Documents/airflow/env/lib/python3.11/site-packages/airflow/example_dags/example_short_circuit_operator.py took 1.214 seconds
