[2023-11-09T10:17:27.796-0300] {processor.py:157} INFO - Started process (PID=16549) to work on /Users/lucasmorrone/Documents/airflow/env/lib/python3.11/site-packages/airflow/example_dags/example_branch_operator_decorator.py
[2023-11-09T10:17:27.797-0300] {processor.py:826} INFO - Processing file /Users/lucasmorrone/Documents/airflow/env/lib/python3.11/site-packages/airflow/example_dags/example_branch_operator_decorator.py for tasks to queue
[2023-11-09T10:17:27.798-0300] {logging_mixin.py:149} INFO - [2023-11-09T10:17:27.798-0300] {dagbag.py:541} INFO - Filling up the DagBag from /Users/lucasmorrone/Documents/airflow/env/lib/python3.11/site-packages/airflow/example_dags/example_branch_operator_decorator.py
[2023-11-09T10:17:27.867-0300] {processor.py:836} INFO - DAG(s) dict_keys(['example_branch_python_operator_decorator']) retrieved from /Users/lucasmorrone/Documents/airflow/env/lib/python3.11/site-packages/airflow/example_dags/example_branch_operator_decorator.py
[2023-11-09T10:17:29.141-0300] {logging_mixin.py:149} INFO - [2023-11-09T10:17:29.140-0300] {manager.py:504} INFO - Created Permission View: can read on DAG:example_branch_python_operator_decorator
[2023-11-09T10:17:29.163-0300] {logging_mixin.py:149} INFO - [2023-11-09T10:17:29.163-0300] {manager.py:504} INFO - Created Permission View: can delete on DAG:example_branch_python_operator_decorator
[2023-11-09T10:17:29.178-0300] {logging_mixin.py:149} INFO - [2023-11-09T10:17:29.178-0300] {manager.py:504} INFO - Created Permission View: can edit on DAG:example_branch_python_operator_decorator
[2023-11-09T10:17:29.179-0300] {logging_mixin.py:149} INFO - [2023-11-09T10:17:29.179-0300] {dag.py:2726} INFO - Sync 1 DAGs
[2023-11-09T10:17:29.207-0300] {logging_mixin.py:149} INFO - [2023-11-09T10:17:29.207-0300] {dag.py:2747} INFO - Creating ORM DAG for example_branch_python_operator_decorator
[2023-11-09T10:17:29.229-0300] {logging_mixin.py:149} INFO - [2023-11-09T10:17:29.228-0300] {dag.py:3486} INFO - Setting next_dagrun for example_branch_python_operator_decorator to 2023-11-08T00:00:00+00:00, run_after=2023-11-09T00:00:00+00:00
[2023-11-09T10:17:29.270-0300] {processor.py:179} INFO - Processing /Users/lucasmorrone/Documents/airflow/env/lib/python3.11/site-packages/airflow/example_dags/example_branch_operator_decorator.py took 1.475 seconds
[2023-11-09T10:23:53.823-0300] {processor.py:157} INFO - Started process (PID=16983) to work on /Users/lucasmorrone/Documents/airflow/env/lib/python3.11/site-packages/airflow/example_dags/example_branch_operator_decorator.py
[2023-11-09T10:23:53.825-0300] {processor.py:826} INFO - Processing file /Users/lucasmorrone/Documents/airflow/env/lib/python3.11/site-packages/airflow/example_dags/example_branch_operator_decorator.py for tasks to queue
[2023-11-09T10:23:53.826-0300] {logging_mixin.py:149} INFO - [2023-11-09T10:23:53.826-0300] {dagbag.py:541} INFO - Filling up the DagBag from /Users/lucasmorrone/Documents/airflow/env/lib/python3.11/site-packages/airflow/example_dags/example_branch_operator_decorator.py
[2023-11-09T10:23:53.989-0300] {processor.py:836} INFO - DAG(s) dict_keys(['example_branch_python_operator_decorator']) retrieved from /Users/lucasmorrone/Documents/airflow/env/lib/python3.11/site-packages/airflow/example_dags/example_branch_operator_decorator.py
[2023-11-09T10:23:55.532-0300] {logging_mixin.py:149} INFO - [2023-11-09T10:23:55.532-0300] {dag.py:2726} INFO - Sync 1 DAGs
[2023-11-09T10:23:55.556-0300] {logging_mixin.py:149} INFO - [2023-11-09T10:23:55.556-0300] {dag.py:3486} INFO - Setting next_dagrun for example_branch_python_operator_decorator to 2023-11-08T00:00:00+00:00, run_after=2023-11-09T00:00:00+00:00
[2023-11-09T10:23:55.582-0300] {processor.py:179} INFO - Processing /Users/lucasmorrone/Documents/airflow/env/lib/python3.11/site-packages/airflow/example_dags/example_branch_operator_decorator.py took 1.761 seconds
[2023-11-09T10:30:35.066-0300] {processor.py:157} INFO - Started process (PID=17416) to work on /Users/lucasmorrone/Documents/airflow/env/lib/python3.11/site-packages/airflow/example_dags/example_branch_operator_decorator.py
[2023-11-09T10:30:35.068-0300] {processor.py:826} INFO - Processing file /Users/lucasmorrone/Documents/airflow/env/lib/python3.11/site-packages/airflow/example_dags/example_branch_operator_decorator.py for tasks to queue
[2023-11-09T10:30:35.069-0300] {logging_mixin.py:149} INFO - [2023-11-09T10:30:35.068-0300] {dagbag.py:541} INFO - Filling up the DagBag from /Users/lucasmorrone/Documents/airflow/env/lib/python3.11/site-packages/airflow/example_dags/example_branch_operator_decorator.py
[2023-11-09T10:30:35.159-0300] {processor.py:836} INFO - DAG(s) dict_keys(['example_branch_python_operator_decorator']) retrieved from /Users/lucasmorrone/Documents/airflow/env/lib/python3.11/site-packages/airflow/example_dags/example_branch_operator_decorator.py
[2023-11-09T10:30:36.630-0300] {logging_mixin.py:149} INFO - [2023-11-09T10:30:36.629-0300] {dag.py:2726} INFO - Sync 1 DAGs
[2023-11-09T10:30:36.683-0300] {logging_mixin.py:149} INFO - [2023-11-09T10:30:36.683-0300] {dag.py:3486} INFO - Setting next_dagrun for example_branch_python_operator_decorator to 2023-11-08T00:00:00+00:00, run_after=2023-11-09T00:00:00+00:00
[2023-11-09T10:30:36.741-0300] {processor.py:179} INFO - Processing /Users/lucasmorrone/Documents/airflow/env/lib/python3.11/site-packages/airflow/example_dags/example_branch_operator_decorator.py took 1.676 seconds
