[2023-11-09T10:16:13.245-0300] {processor.py:157} INFO - Started process (PID=16443) to work on /Users/lucasmorrone/Documents/airflow/env/lib/python3.11/site-packages/airflow/example_dags/example_python_operator.py
[2023-11-09T10:16:13.247-0300] {processor.py:826} INFO - Processing file /Users/lucasmorrone/Documents/airflow/env/lib/python3.11/site-packages/airflow/example_dags/example_python_operator.py for tasks to queue
[2023-11-09T10:16:13.247-0300] {logging_mixin.py:149} INFO - [2023-11-09T10:16:13.247-0300] {dagbag.py:541} INFO - Filling up the DagBag from /Users/lucasmorrone/Documents/airflow/env/lib/python3.11/site-packages/airflow/example_dags/example_python_operator.py
[2023-11-09T10:16:13.315-0300] {logging_mixin.py:149} INFO - [2023-11-09T10:16:13.314-0300] {taskmixin.py:211} WARNING - Dependency <Task(_PythonDecoratedOperator): print_the_context>, log_sql_query already registered for DAG: example_python_operator
[2023-11-09T10:16:13.315-0300] {logging_mixin.py:149} INFO - [2023-11-09T10:16:13.315-0300] {taskmixin.py:211} WARNING - Dependency <Task(_PythonDecoratedOperator): log_sql_query>, print_the_context already registered for DAG: example_python_operator
[2023-11-09T10:16:13.316-0300] {logging_mixin.py:149} INFO - [2023-11-09T10:16:13.316-0300] {taskmixin.py:211} WARNING - Dependency <Task(_PythonDecoratedOperator): print_the_context>, log_sql_query already registered for DAG: example_python_operator
[2023-11-09T10:16:13.316-0300] {logging_mixin.py:149} INFO - [2023-11-09T10:16:13.316-0300] {taskmixin.py:211} WARNING - Dependency <Task(_PythonDecoratedOperator): log_sql_query>, print_the_context already registered for DAG: example_python_operator
[2023-11-09T10:16:13.317-0300] {logging_mixin.py:149} INFO - [2023-11-09T10:16:13.317-0300] {taskmixin.py:211} WARNING - Dependency <Task(_PythonDecoratedOperator): print_the_context>, log_sql_query already registered for DAG: example_python_operator
[2023-11-09T10:16:13.317-0300] {logging_mixin.py:149} INFO - [2023-11-09T10:16:13.317-0300] {taskmixin.py:211} WARNING - Dependency <Task(_PythonDecoratedOperator): log_sql_query>, print_the_context already registered for DAG: example_python_operator
[2023-11-09T10:16:13.318-0300] {logging_mixin.py:149} INFO - [2023-11-09T10:16:13.318-0300] {taskmixin.py:211} WARNING - Dependency <Task(_PythonDecoratedOperator): print_the_context>, log_sql_query already registered for DAG: example_python_operator
[2023-11-09T10:16:13.318-0300] {logging_mixin.py:149} INFO - [2023-11-09T10:16:13.318-0300] {taskmixin.py:211} WARNING - Dependency <Task(_PythonDecoratedOperator): log_sql_query>, print_the_context already registered for DAG: example_python_operator
[2023-11-09T10:16:13.328-0300] {processor.py:836} INFO - DAG(s) dict_keys(['example_python_operator']) retrieved from /Users/lucasmorrone/Documents/airflow/env/lib/python3.11/site-packages/airflow/example_dags/example_python_operator.py
[2023-11-09T10:16:14.502-0300] {logging_mixin.py:149} INFO - [2023-11-09T10:16:14.502-0300] {manager.py:504} INFO - Created Permission View: can delete on DAG:example_python_operator
[2023-11-09T10:16:14.513-0300] {logging_mixin.py:149} INFO - [2023-11-09T10:16:14.512-0300] {manager.py:504} INFO - Created Permission View: can read on DAG:example_python_operator
[2023-11-09T10:16:14.520-0300] {logging_mixin.py:149} INFO - [2023-11-09T10:16:14.520-0300] {manager.py:504} INFO - Created Permission View: can edit on DAG:example_python_operator
[2023-11-09T10:16:14.520-0300] {logging_mixin.py:149} INFO - [2023-11-09T10:16:14.520-0300] {dag.py:2726} INFO - Sync 1 DAGs
[2023-11-09T10:16:14.538-0300] {logging_mixin.py:149} INFO - [2023-11-09T10:16:14.538-0300] {dag.py:2747} INFO - Creating ORM DAG for example_python_operator
[2023-11-09T10:16:14.555-0300] {logging_mixin.py:149} INFO - [2023-11-09T10:16:14.555-0300] {dag.py:3486} INFO - Setting next_dagrun for example_python_operator to None, run_after=None
[2023-11-09T10:16:14.577-0300] {processor.py:179} INFO - Processing /Users/lucasmorrone/Documents/airflow/env/lib/python3.11/site-packages/airflow/example_dags/example_python_operator.py took 1.332 seconds
[2023-11-09T10:19:57.531-0300] {processor.py:157} INFO - Started process (PID=16684) to work on /Users/lucasmorrone/Documents/airflow/env/lib/python3.11/site-packages/airflow/example_dags/example_python_operator.py
[2023-11-09T10:19:57.533-0300] {processor.py:826} INFO - Processing file /Users/lucasmorrone/Documents/airflow/env/lib/python3.11/site-packages/airflow/example_dags/example_python_operator.py for tasks to queue
[2023-11-09T10:19:57.536-0300] {logging_mixin.py:149} INFO - [2023-11-09T10:19:57.535-0300] {dagbag.py:541} INFO - Filling up the DagBag from /Users/lucasmorrone/Documents/airflow/env/lib/python3.11/site-packages/airflow/example_dags/example_python_operator.py
[2023-11-09T10:19:57.625-0300] {logging_mixin.py:149} INFO - [2023-11-09T10:19:57.624-0300] {taskmixin.py:211} WARNING - Dependency <Task(_PythonDecoratedOperator): print_the_context>, log_sql_query already registered for DAG: example_python_operator
[2023-11-09T10:19:57.625-0300] {logging_mixin.py:149} INFO - [2023-11-09T10:19:57.625-0300] {taskmixin.py:211} WARNING - Dependency <Task(_PythonDecoratedOperator): log_sql_query>, print_the_context already registered for DAG: example_python_operator
[2023-11-09T10:19:57.626-0300] {logging_mixin.py:149} INFO - [2023-11-09T10:19:57.626-0300] {taskmixin.py:211} WARNING - Dependency <Task(_PythonDecoratedOperator): print_the_context>, log_sql_query already registered for DAG: example_python_operator
[2023-11-09T10:19:57.626-0300] {logging_mixin.py:149} INFO - [2023-11-09T10:19:57.626-0300] {taskmixin.py:211} WARNING - Dependency <Task(_PythonDecoratedOperator): log_sql_query>, print_the_context already registered for DAG: example_python_operator
[2023-11-09T10:19:57.628-0300] {logging_mixin.py:149} INFO - [2023-11-09T10:19:57.628-0300] {taskmixin.py:211} WARNING - Dependency <Task(_PythonDecoratedOperator): print_the_context>, log_sql_query already registered for DAG: example_python_operator
[2023-11-09T10:19:57.628-0300] {logging_mixin.py:149} INFO - [2023-11-09T10:19:57.628-0300] {taskmixin.py:211} WARNING - Dependency <Task(_PythonDecoratedOperator): log_sql_query>, print_the_context already registered for DAG: example_python_operator
[2023-11-09T10:19:57.630-0300] {logging_mixin.py:149} INFO - [2023-11-09T10:19:57.629-0300] {taskmixin.py:211} WARNING - Dependency <Task(_PythonDecoratedOperator): print_the_context>, log_sql_query already registered for DAG: example_python_operator
[2023-11-09T10:19:57.630-0300] {logging_mixin.py:149} INFO - [2023-11-09T10:19:57.630-0300] {taskmixin.py:211} WARNING - Dependency <Task(_PythonDecoratedOperator): log_sql_query>, print_the_context already registered for DAG: example_python_operator
[2023-11-09T10:19:57.658-0300] {processor.py:836} INFO - DAG(s) dict_keys(['example_python_operator']) retrieved from /Users/lucasmorrone/Documents/airflow/env/lib/python3.11/site-packages/airflow/example_dags/example_python_operator.py
[2023-11-09T10:19:59.993-0300] {logging_mixin.py:149} INFO - [2023-11-09T10:19:59.992-0300] {dag.py:2726} INFO - Sync 1 DAGs
[2023-11-09T10:20:00.056-0300] {logging_mixin.py:149} INFO - [2023-11-09T10:20:00.055-0300] {dag.py:3486} INFO - Setting next_dagrun for example_python_operator to None, run_after=None
[2023-11-09T10:20:00.226-0300] {processor.py:179} INFO - Processing /Users/lucasmorrone/Documents/airflow/env/lib/python3.11/site-packages/airflow/example_dags/example_python_operator.py took 2.697 seconds
[2023-11-09T10:23:09.682-0300] {processor.py:157} INFO - Started process (PID=16771) to work on /Users/lucasmorrone/Documents/airflow/env/lib/python3.11/site-packages/airflow/example_dags/example_python_operator.py
[2023-11-09T10:23:09.684-0300] {processor.py:826} INFO - Processing file /Users/lucasmorrone/Documents/airflow/env/lib/python3.11/site-packages/airflow/example_dags/example_python_operator.py for tasks to queue
[2023-11-09T10:23:09.685-0300] {logging_mixin.py:149} INFO - [2023-11-09T10:23:09.685-0300] {dagbag.py:541} INFO - Filling up the DagBag from /Users/lucasmorrone/Documents/airflow/env/lib/python3.11/site-packages/airflow/example_dags/example_python_operator.py
[2023-11-09T10:23:09.774-0300] {logging_mixin.py:149} INFO - [2023-11-09T10:23:09.773-0300] {taskmixin.py:211} WARNING - Dependency <Task(_PythonDecoratedOperator): print_the_context>, log_sql_query already registered for DAG: example_python_operator
[2023-11-09T10:23:09.774-0300] {logging_mixin.py:149} INFO - [2023-11-09T10:23:09.774-0300] {taskmixin.py:211} WARNING - Dependency <Task(_PythonDecoratedOperator): log_sql_query>, print_the_context already registered for DAG: example_python_operator
[2023-11-09T10:23:09.775-0300] {logging_mixin.py:149} INFO - [2023-11-09T10:23:09.775-0300] {taskmixin.py:211} WARNING - Dependency <Task(_PythonDecoratedOperator): print_the_context>, log_sql_query already registered for DAG: example_python_operator
[2023-11-09T10:23:09.775-0300] {logging_mixin.py:149} INFO - [2023-11-09T10:23:09.775-0300] {taskmixin.py:211} WARNING - Dependency <Task(_PythonDecoratedOperator): log_sql_query>, print_the_context already registered for DAG: example_python_operator
[2023-11-09T10:23:09.776-0300] {logging_mixin.py:149} INFO - [2023-11-09T10:23:09.776-0300] {taskmixin.py:211} WARNING - Dependency <Task(_PythonDecoratedOperator): print_the_context>, log_sql_query already registered for DAG: example_python_operator
[2023-11-09T10:23:09.776-0300] {logging_mixin.py:149} INFO - [2023-11-09T10:23:09.776-0300] {taskmixin.py:211} WARNING - Dependency <Task(_PythonDecoratedOperator): log_sql_query>, print_the_context already registered for DAG: example_python_operator
[2023-11-09T10:23:09.777-0300] {logging_mixin.py:149} INFO - [2023-11-09T10:23:09.777-0300] {taskmixin.py:211} WARNING - Dependency <Task(_PythonDecoratedOperator): print_the_context>, log_sql_query already registered for DAG: example_python_operator
[2023-11-09T10:23:09.777-0300] {logging_mixin.py:149} INFO - [2023-11-09T10:23:09.777-0300] {taskmixin.py:211} WARNING - Dependency <Task(_PythonDecoratedOperator): log_sql_query>, print_the_context already registered for DAG: example_python_operator
[2023-11-09T10:23:09.789-0300] {processor.py:836} INFO - DAG(s) dict_keys(['example_python_operator']) retrieved from /Users/lucasmorrone/Documents/airflow/env/lib/python3.11/site-packages/airflow/example_dags/example_python_operator.py
[2023-11-09T10:23:11.192-0300] {logging_mixin.py:149} INFO - [2023-11-09T10:23:11.192-0300] {dag.py:2726} INFO - Sync 1 DAGs
[2023-11-09T10:23:11.233-0300] {logging_mixin.py:149} INFO - [2023-11-09T10:23:11.233-0300] {dag.py:3486} INFO - Setting next_dagrun for example_python_operator to None, run_after=None
[2023-11-09T10:23:11.398-0300] {processor.py:179} INFO - Processing /Users/lucasmorrone/Documents/airflow/env/lib/python3.11/site-packages/airflow/example_dags/example_python_operator.py took 1.717 seconds
[2023-11-09T10:29:16.513-0300] {processor.py:157} INFO - Started process (PID=17379) to work on /Users/lucasmorrone/Documents/airflow/env/lib/python3.11/site-packages/airflow/example_dags/example_python_operator.py
[2023-11-09T10:29:16.514-0300] {processor.py:826} INFO - Processing file /Users/lucasmorrone/Documents/airflow/env/lib/python3.11/site-packages/airflow/example_dags/example_python_operator.py for tasks to queue
[2023-11-09T10:29:16.515-0300] {logging_mixin.py:149} INFO - [2023-11-09T10:29:16.515-0300] {dagbag.py:541} INFO - Filling up the DagBag from /Users/lucasmorrone/Documents/airflow/env/lib/python3.11/site-packages/airflow/example_dags/example_python_operator.py
[2023-11-09T10:29:16.604-0300] {logging_mixin.py:149} INFO - [2023-11-09T10:29:16.603-0300] {taskmixin.py:211} WARNING - Dependency <Task(_PythonDecoratedOperator): print_the_context>, log_sql_query already registered for DAG: example_python_operator
[2023-11-09T10:29:16.605-0300] {logging_mixin.py:149} INFO - [2023-11-09T10:29:16.604-0300] {taskmixin.py:211} WARNING - Dependency <Task(_PythonDecoratedOperator): log_sql_query>, print_the_context already registered for DAG: example_python_operator
[2023-11-09T10:29:16.608-0300] {logging_mixin.py:149} INFO - [2023-11-09T10:29:16.608-0300] {taskmixin.py:211} WARNING - Dependency <Task(_PythonDecoratedOperator): print_the_context>, log_sql_query already registered for DAG: example_python_operator
[2023-11-09T10:29:16.609-0300] {logging_mixin.py:149} INFO - [2023-11-09T10:29:16.609-0300] {taskmixin.py:211} WARNING - Dependency <Task(_PythonDecoratedOperator): log_sql_query>, print_the_context already registered for DAG: example_python_operator
[2023-11-09T10:29:16.611-0300] {logging_mixin.py:149} INFO - [2023-11-09T10:29:16.611-0300] {taskmixin.py:211} WARNING - Dependency <Task(_PythonDecoratedOperator): print_the_context>, log_sql_query already registered for DAG: example_python_operator
[2023-11-09T10:29:16.612-0300] {logging_mixin.py:149} INFO - [2023-11-09T10:29:16.612-0300] {taskmixin.py:211} WARNING - Dependency <Task(_PythonDecoratedOperator): log_sql_query>, print_the_context already registered for DAG: example_python_operator
[2023-11-09T10:29:16.613-0300] {logging_mixin.py:149} INFO - [2023-11-09T10:29:16.613-0300] {taskmixin.py:211} WARNING - Dependency <Task(_PythonDecoratedOperator): print_the_context>, log_sql_query already registered for DAG: example_python_operator
[2023-11-09T10:29:16.614-0300] {logging_mixin.py:149} INFO - [2023-11-09T10:29:16.614-0300] {taskmixin.py:211} WARNING - Dependency <Task(_PythonDecoratedOperator): log_sql_query>, print_the_context already registered for DAG: example_python_operator
[2023-11-09T10:29:16.629-0300] {processor.py:836} INFO - DAG(s) dict_keys(['example_python_operator']) retrieved from /Users/lucasmorrone/Documents/airflow/env/lib/python3.11/site-packages/airflow/example_dags/example_python_operator.py
[2023-11-09T10:29:17.917-0300] {logging_mixin.py:149} INFO - [2023-11-09T10:29:17.917-0300] {dag.py:2726} INFO - Sync 1 DAGs
[2023-11-09T10:29:17.947-0300] {logging_mixin.py:149} INFO - [2023-11-09T10:29:17.947-0300] {dag.py:3486} INFO - Setting next_dagrun for example_python_operator to None, run_after=None
[2023-11-09T10:29:18.074-0300] {processor.py:179} INFO - Processing /Users/lucasmorrone/Documents/airflow/env/lib/python3.11/site-packages/airflow/example_dags/example_python_operator.py took 1.562 seconds
[2023-11-09T10:33:11.846-0300] {processor.py:157} INFO - Started process (PID=17882) to work on /Users/lucasmorrone/Documents/airflow/env/lib/python3.11/site-packages/airflow/example_dags/example_python_operator.py
[2023-11-09T10:33:11.848-0300] {processor.py:826} INFO - Processing file /Users/lucasmorrone/Documents/airflow/env/lib/python3.11/site-packages/airflow/example_dags/example_python_operator.py for tasks to queue
[2023-11-09T10:33:11.849-0300] {logging_mixin.py:149} INFO - [2023-11-09T10:33:11.849-0300] {dagbag.py:541} INFO - Filling up the DagBag from /Users/lucasmorrone/Documents/airflow/env/lib/python3.11/site-packages/airflow/example_dags/example_python_operator.py
[2023-11-09T10:33:11.949-0300] {logging_mixin.py:149} INFO - [2023-11-09T10:33:11.949-0300] {taskmixin.py:211} WARNING - Dependency <Task(_PythonDecoratedOperator): print_the_context>, log_sql_query already registered for DAG: example_python_operator
[2023-11-09T10:33:11.950-0300] {logging_mixin.py:149} INFO - [2023-11-09T10:33:11.950-0300] {taskmixin.py:211} WARNING - Dependency <Task(_PythonDecoratedOperator): log_sql_query>, print_the_context already registered for DAG: example_python_operator
[2023-11-09T10:33:11.951-0300] {logging_mixin.py:149} INFO - [2023-11-09T10:33:11.951-0300] {taskmixin.py:211} WARNING - Dependency <Task(_PythonDecoratedOperator): print_the_context>, log_sql_query already registered for DAG: example_python_operator
[2023-11-09T10:33:11.952-0300] {logging_mixin.py:149} INFO - [2023-11-09T10:33:11.952-0300] {taskmixin.py:211} WARNING - Dependency <Task(_PythonDecoratedOperator): log_sql_query>, print_the_context already registered for DAG: example_python_operator
[2023-11-09T10:33:11.953-0300] {logging_mixin.py:149} INFO - [2023-11-09T10:33:11.953-0300] {taskmixin.py:211} WARNING - Dependency <Task(_PythonDecoratedOperator): print_the_context>, log_sql_query already registered for DAG: example_python_operator
[2023-11-09T10:33:11.954-0300] {logging_mixin.py:149} INFO - [2023-11-09T10:33:11.954-0300] {taskmixin.py:211} WARNING - Dependency <Task(_PythonDecoratedOperator): log_sql_query>, print_the_context already registered for DAG: example_python_operator
[2023-11-09T10:33:11.955-0300] {logging_mixin.py:149} INFO - [2023-11-09T10:33:11.955-0300] {taskmixin.py:211} WARNING - Dependency <Task(_PythonDecoratedOperator): print_the_context>, log_sql_query already registered for DAG: example_python_operator
[2023-11-09T10:33:11.956-0300] {logging_mixin.py:149} INFO - [2023-11-09T10:33:11.956-0300] {taskmixin.py:211} WARNING - Dependency <Task(_PythonDecoratedOperator): log_sql_query>, print_the_context already registered for DAG: example_python_operator
[2023-11-09T10:33:11.970-0300] {processor.py:836} INFO - DAG(s) dict_keys(['example_python_operator']) retrieved from /Users/lucasmorrone/Documents/airflow/env/lib/python3.11/site-packages/airflow/example_dags/example_python_operator.py
[2023-11-09T10:33:13.340-0300] {logging_mixin.py:149} INFO - [2023-11-09T10:33:13.340-0300] {dag.py:2726} INFO - Sync 1 DAGs
[2023-11-09T10:33:13.374-0300] {logging_mixin.py:149} INFO - [2023-11-09T10:33:13.373-0300] {dag.py:3486} INFO - Setting next_dagrun for example_python_operator to None, run_after=None
[2023-11-09T10:33:13.527-0300] {processor.py:179} INFO - Processing /Users/lucasmorrone/Documents/airflow/env/lib/python3.11/site-packages/airflow/example_dags/example_python_operator.py took 1.683 seconds
