[2023-11-09T10:17:02.080-0300] {processor.py:157} INFO - Started process (PID=16515) to work on /Users/lucasmorrone/Documents/airflow/env/lib/python3.11/site-packages/airflow/example_dags/example_external_task_marker_dag.py
[2023-11-09T10:17:02.082-0300] {processor.py:826} INFO - Processing file /Users/lucasmorrone/Documents/airflow/env/lib/python3.11/site-packages/airflow/example_dags/example_external_task_marker_dag.py for tasks to queue
[2023-11-09T10:17:02.082-0300] {logging_mixin.py:149} INFO - [2023-11-09T10:17:02.082-0300] {dagbag.py:541} INFO - Filling up the DagBag from /Users/lucasmorrone/Documents/airflow/env/lib/python3.11/site-packages/airflow/example_dags/example_external_task_marker_dag.py
[2023-11-09T10:17:02.115-0300] {processor.py:836} INFO - DAG(s) dict_keys(['example_external_task_marker_parent', 'example_external_task_marker_child']) retrieved from /Users/lucasmorrone/Documents/airflow/env/lib/python3.11/site-packages/airflow/example_dags/example_external_task_marker_dag.py
[2023-11-09T10:17:03.254-0300] {logging_mixin.py:149} INFO - [2023-11-09T10:17:03.254-0300] {manager.py:504} INFO - Created Permission View: can delete on DAG:example_external_task_marker_parent
[2023-11-09T10:17:03.264-0300] {logging_mixin.py:149} INFO - [2023-11-09T10:17:03.264-0300] {manager.py:504} INFO - Created Permission View: can edit on DAG:example_external_task_marker_parent
[2023-11-09T10:17:03.271-0300] {logging_mixin.py:149} INFO - [2023-11-09T10:17:03.271-0300] {manager.py:504} INFO - Created Permission View: can read on DAG:example_external_task_marker_parent
[2023-11-09T10:17:03.300-0300] {logging_mixin.py:149} INFO - [2023-11-09T10:17:03.300-0300] {manager.py:504} INFO - Created Permission View: can delete on DAG:example_external_task_marker_child
[2023-11-09T10:17:03.308-0300] {logging_mixin.py:149} INFO - [2023-11-09T10:17:03.307-0300] {manager.py:504} INFO - Created Permission View: can edit on DAG:example_external_task_marker_child
[2023-11-09T10:17:03.314-0300] {logging_mixin.py:149} INFO - [2023-11-09T10:17:03.314-0300] {manager.py:504} INFO - Created Permission View: can read on DAG:example_external_task_marker_child
[2023-11-09T10:17:03.315-0300] {logging_mixin.py:149} INFO - [2023-11-09T10:17:03.315-0300] {dag.py:2726} INFO - Sync 2 DAGs
[2023-11-09T10:17:03.405-0300] {logging_mixin.py:149} INFO - [2023-11-09T10:17:03.405-0300] {dag.py:2747} INFO - Creating ORM DAG for example_external_task_marker_parent
[2023-11-09T10:17:03.406-0300] {logging_mixin.py:149} INFO - [2023-11-09T10:17:03.406-0300] {dag.py:2747} INFO - Creating ORM DAG for example_external_task_marker_child
[2023-11-09T10:17:03.417-0300] {logging_mixin.py:149} INFO - [2023-11-09T10:17:03.417-0300] {dag.py:3486} INFO - Setting next_dagrun for example_external_task_marker_child to None, run_after=None
[2023-11-09T10:17:03.418-0300] {logging_mixin.py:149} INFO - [2023-11-09T10:17:03.418-0300] {dag.py:3486} INFO - Setting next_dagrun for example_external_task_marker_parent to None, run_after=None
[2023-11-09T10:17:03.440-0300] {processor.py:179} INFO - Processing /Users/lucasmorrone/Documents/airflow/env/lib/python3.11/site-packages/airflow/example_dags/example_external_task_marker_dag.py took 1.361 seconds
[2023-11-09T10:20:41.697-0300] {processor.py:157} INFO - Started process (PID=16718) to work on /Users/lucasmorrone/Documents/airflow/env/lib/python3.11/site-packages/airflow/example_dags/example_external_task_marker_dag.py
[2023-11-09T10:20:41.699-0300] {processor.py:826} INFO - Processing file /Users/lucasmorrone/Documents/airflow/env/lib/python3.11/site-packages/airflow/example_dags/example_external_task_marker_dag.py for tasks to queue
[2023-11-09T10:20:41.701-0300] {logging_mixin.py:149} INFO - [2023-11-09T10:20:41.700-0300] {dagbag.py:541} INFO - Filling up the DagBag from /Users/lucasmorrone/Documents/airflow/env/lib/python3.11/site-packages/airflow/example_dags/example_external_task_marker_dag.py
[2023-11-09T10:20:41.748-0300] {processor.py:836} INFO - DAG(s) dict_keys(['example_external_task_marker_child', 'example_external_task_marker_parent']) retrieved from /Users/lucasmorrone/Documents/airflow/env/lib/python3.11/site-packages/airflow/example_dags/example_external_task_marker_dag.py
[2023-11-09T10:20:42.975-0300] {logging_mixin.py:149} INFO - [2023-11-09T10:20:42.975-0300] {dag.py:2726} INFO - Sync 2 DAGs
[2023-11-09T10:20:43.013-0300] {logging_mixin.py:149} INFO - [2023-11-09T10:20:43.013-0300] {dag.py:3486} INFO - Setting next_dagrun for example_external_task_marker_child to None, run_after=None
[2023-11-09T10:20:43.019-0300] {logging_mixin.py:149} INFO - [2023-11-09T10:20:43.019-0300] {dag.py:3486} INFO - Setting next_dagrun for example_external_task_marker_parent to None, run_after=None
[2023-11-09T10:20:43.055-0300] {processor.py:179} INFO - Processing /Users/lucasmorrone/Documents/airflow/env/lib/python3.11/site-packages/airflow/example_dags/example_external_task_marker_dag.py took 1.360 seconds
[2023-11-09T10:30:05.864-0300] {processor.py:157} INFO - Started process (PID=17407) to work on /Users/lucasmorrone/Documents/airflow/env/lib/python3.11/site-packages/airflow/example_dags/example_external_task_marker_dag.py
[2023-11-09T10:30:05.866-0300] {processor.py:826} INFO - Processing file /Users/lucasmorrone/Documents/airflow/env/lib/python3.11/site-packages/airflow/example_dags/example_external_task_marker_dag.py for tasks to queue
[2023-11-09T10:30:05.867-0300] {logging_mixin.py:149} INFO - [2023-11-09T10:30:05.867-0300] {dagbag.py:541} INFO - Filling up the DagBag from /Users/lucasmorrone/Documents/airflow/env/lib/python3.11/site-packages/airflow/example_dags/example_external_task_marker_dag.py
[2023-11-09T10:30:05.901-0300] {processor.py:836} INFO - DAG(s) dict_keys(['example_external_task_marker_child', 'example_external_task_marker_parent']) retrieved from /Users/lucasmorrone/Documents/airflow/env/lib/python3.11/site-packages/airflow/example_dags/example_external_task_marker_dag.py
[2023-11-09T10:30:07.323-0300] {logging_mixin.py:149} INFO - [2023-11-09T10:30:07.323-0300] {dag.py:2726} INFO - Sync 2 DAGs
[2023-11-09T10:30:07.355-0300] {logging_mixin.py:149} INFO - [2023-11-09T10:30:07.354-0300] {dag.py:3486} INFO - Setting next_dagrun for example_external_task_marker_child to None, run_after=None
[2023-11-09T10:30:07.359-0300] {logging_mixin.py:149} INFO - [2023-11-09T10:30:07.359-0300] {dag.py:3486} INFO - Setting next_dagrun for example_external_task_marker_parent to None, run_after=None
[2023-11-09T10:30:07.389-0300] {processor.py:179} INFO - Processing /Users/lucasmorrone/Documents/airflow/env/lib/python3.11/site-packages/airflow/example_dags/example_external_task_marker_dag.py took 1.526 seconds
[2023-11-09T10:33:59.361-0300] {processor.py:157} INFO - Started process (PID=17897) to work on /Users/lucasmorrone/Documents/airflow/env/lib/python3.11/site-packages/airflow/example_dags/example_external_task_marker_dag.py
[2023-11-09T10:33:59.366-0300] {processor.py:826} INFO - Processing file /Users/lucasmorrone/Documents/airflow/env/lib/python3.11/site-packages/airflow/example_dags/example_external_task_marker_dag.py for tasks to queue
[2023-11-09T10:33:59.367-0300] {logging_mixin.py:149} INFO - [2023-11-09T10:33:59.367-0300] {dagbag.py:541} INFO - Filling up the DagBag from /Users/lucasmorrone/Documents/airflow/env/lib/python3.11/site-packages/airflow/example_dags/example_external_task_marker_dag.py
[2023-11-09T10:33:59.420-0300] {processor.py:836} INFO - DAG(s) dict_keys(['example_external_task_marker_parent', 'example_external_task_marker_child']) retrieved from /Users/lucasmorrone/Documents/airflow/env/lib/python3.11/site-packages/airflow/example_dags/example_external_task_marker_dag.py
[2023-11-09T10:34:01.029-0300] {logging_mixin.py:149} INFO - [2023-11-09T10:34:01.029-0300] {dag.py:2726} INFO - Sync 2 DAGs
[2023-11-09T10:34:01.064-0300] {logging_mixin.py:149} INFO - [2023-11-09T10:34:01.063-0300] {dag.py:3486} INFO - Setting next_dagrun for example_external_task_marker_child to None, run_after=None
[2023-11-09T10:34:01.070-0300] {logging_mixin.py:149} INFO - [2023-11-09T10:34:01.070-0300] {dag.py:3486} INFO - Setting next_dagrun for example_external_task_marker_parent to None, run_after=None
[2023-11-09T10:34:01.109-0300] {processor.py:179} INFO - Processing /Users/lucasmorrone/Documents/airflow/env/lib/python3.11/site-packages/airflow/example_dags/example_external_task_marker_dag.py took 1.751 seconds
