[2023-11-09T10:17:51.399-0300] {processor.py:157} INFO - Started process (PID=16580) to work on /Users/lucasmorrone/Documents/airflow/env/lib/python3.11/site-packages/airflow/example_dags/example_bash_operator.py
[2023-11-09T10:17:51.401-0300] {processor.py:826} INFO - Processing file /Users/lucasmorrone/Documents/airflow/env/lib/python3.11/site-packages/airflow/example_dags/example_bash_operator.py for tasks to queue
[2023-11-09T10:17:51.403-0300] {logging_mixin.py:149} INFO - [2023-11-09T10:17:51.402-0300] {dagbag.py:541} INFO - Filling up the DagBag from /Users/lucasmorrone/Documents/airflow/env/lib/python3.11/site-packages/airflow/example_dags/example_bash_operator.py
[2023-11-09T10:17:51.534-0300] {processor.py:836} INFO - DAG(s) dict_keys(['example_bash_operator']) retrieved from /Users/lucasmorrone/Documents/airflow/env/lib/python3.11/site-packages/airflow/example_dags/example_bash_operator.py
[2023-11-09T10:17:52.987-0300] {logging_mixin.py:149} INFO - [2023-11-09T10:17:52.986-0300] {manager.py:504} INFO - Created Permission View: can read on DAG:example_bash_operator
[2023-11-09T10:17:53.004-0300] {logging_mixin.py:149} INFO - [2023-11-09T10:17:53.003-0300] {manager.py:504} INFO - Created Permission View: can edit on DAG:example_bash_operator
[2023-11-09T10:17:53.015-0300] {logging_mixin.py:149} INFO - [2023-11-09T10:17:53.014-0300] {manager.py:504} INFO - Created Permission View: can delete on DAG:example_bash_operator
[2023-11-09T10:17:53.015-0300] {logging_mixin.py:149} INFO - [2023-11-09T10:17:53.015-0300] {dag.py:2726} INFO - Sync 1 DAGs
[2023-11-09T10:17:53.127-0300] {logging_mixin.py:149} INFO - [2023-11-09T10:17:53.127-0300] {dag.py:2747} INFO - Creating ORM DAG for example_bash_operator
[2023-11-09T10:17:53.139-0300] {logging_mixin.py:149} INFO - [2023-11-09T10:17:53.139-0300] {dag.py:3486} INFO - Setting next_dagrun for example_bash_operator to 2023-11-08T00:00:00+00:00, run_after=2023-11-09T00:00:00+00:00
[2023-11-09T10:17:53.167-0300] {processor.py:179} INFO - Processing /Users/lucasmorrone/Documents/airflow/env/lib/python3.11/site-packages/airflow/example_dags/example_bash_operator.py took 1.769 seconds
[2023-11-09T10:24:15.716-0300] {processor.py:157} INFO - Started process (PID=17000) to work on /Users/lucasmorrone/Documents/airflow/env/lib/python3.11/site-packages/airflow/example_dags/example_bash_operator.py
[2023-11-09T10:24:15.717-0300] {processor.py:826} INFO - Processing file /Users/lucasmorrone/Documents/airflow/env/lib/python3.11/site-packages/airflow/example_dags/example_bash_operator.py for tasks to queue
[2023-11-09T10:24:15.718-0300] {logging_mixin.py:149} INFO - [2023-11-09T10:24:15.718-0300] {dagbag.py:541} INFO - Filling up the DagBag from /Users/lucasmorrone/Documents/airflow/env/lib/python3.11/site-packages/airflow/example_dags/example_bash_operator.py
[2023-11-09T10:24:15.801-0300] {processor.py:836} INFO - DAG(s) dict_keys(['example_bash_operator']) retrieved from /Users/lucasmorrone/Documents/airflow/env/lib/python3.11/site-packages/airflow/example_dags/example_bash_operator.py
[2023-11-09T10:24:16.778-0300] {logging_mixin.py:149} INFO - [2023-11-09T10:24:16.778-0300] {dag.py:2726} INFO - Sync 1 DAGs
[2023-11-09T10:24:16.802-0300] {logging_mixin.py:149} INFO - [2023-11-09T10:24:16.802-0300] {dag.py:3486} INFO - Setting next_dagrun for example_bash_operator to 2023-11-08T00:00:00+00:00, run_after=2023-11-09T00:00:00+00:00
[2023-11-09T10:24:16.827-0300] {processor.py:179} INFO - Processing /Users/lucasmorrone/Documents/airflow/env/lib/python3.11/site-packages/airflow/example_dags/example_bash_operator.py took 1.113 seconds
[2023-11-09T10:30:56.728-0300] {processor.py:157} INFO - Started process (PID=17612) to work on /Users/lucasmorrone/Documents/airflow/env/lib/python3.11/site-packages/airflow/example_dags/example_bash_operator.py
[2023-11-09T10:30:56.731-0300] {processor.py:826} INFO - Processing file /Users/lucasmorrone/Documents/airflow/env/lib/python3.11/site-packages/airflow/example_dags/example_bash_operator.py for tasks to queue
[2023-11-09T10:30:56.733-0300] {logging_mixin.py:149} INFO - [2023-11-09T10:30:56.732-0300] {dagbag.py:541} INFO - Filling up the DagBag from /Users/lucasmorrone/Documents/airflow/env/lib/python3.11/site-packages/airflow/example_dags/example_bash_operator.py
[2023-11-09T10:30:56.830-0300] {processor.py:836} INFO - DAG(s) dict_keys(['example_bash_operator']) retrieved from /Users/lucasmorrone/Documents/airflow/env/lib/python3.11/site-packages/airflow/example_dags/example_bash_operator.py
[2023-11-09T10:30:58.046-0300] {logging_mixin.py:149} INFO - [2023-11-09T10:30:58.045-0300] {dag.py:2726} INFO - Sync 1 DAGs
[2023-11-09T10:30:58.088-0300] {logging_mixin.py:149} INFO - [2023-11-09T10:30:58.088-0300] {dag.py:3486} INFO - Setting next_dagrun for example_bash_operator to 2023-11-08T00:00:00+00:00, run_after=2023-11-09T00:00:00+00:00
[2023-11-09T10:30:58.131-0300] {processor.py:179} INFO - Processing /Users/lucasmorrone/Documents/airflow/env/lib/python3.11/site-packages/airflow/example_dags/example_bash_operator.py took 1.404 seconds
