[2023-11-09T10:17:06.453-0300] {processor.py:157} INFO - Started process (PID=16516) to work on /Users/lucasmorrone/Documents/airflow/env/lib/python3.11/site-packages/airflow/example_dags/example_dynamic_task_mapping.py
[2023-11-09T10:17:06.454-0300] {processor.py:826} INFO - Processing file /Users/lucasmorrone/Documents/airflow/env/lib/python3.11/site-packages/airflow/example_dags/example_dynamic_task_mapping.py for tasks to queue
[2023-11-09T10:17:06.455-0300] {logging_mixin.py:149} INFO - [2023-11-09T10:17:06.455-0300] {dagbag.py:541} INFO - Filling up the DagBag from /Users/lucasmorrone/Documents/airflow/env/lib/python3.11/site-packages/airflow/example_dags/example_dynamic_task_mapping.py
[2023-11-09T10:17:06.584-0300] {processor.py:836} INFO - DAG(s) dict_keys(['example_dynamic_task_mapping']) retrieved from /Users/lucasmorrone/Documents/airflow/env/lib/python3.11/site-packages/airflow/example_dags/example_dynamic_task_mapping.py
[2023-11-09T10:17:08.337-0300] {logging_mixin.py:149} INFO - [2023-11-09T10:17:08.336-0300] {manager.py:504} INFO - Created Permission View: can delete on DAG:example_dynamic_task_mapping
[2023-11-09T10:17:08.346-0300] {logging_mixin.py:149} INFO - [2023-11-09T10:17:08.346-0300] {manager.py:504} INFO - Created Permission View: can read on DAG:example_dynamic_task_mapping
[2023-11-09T10:17:08.353-0300] {logging_mixin.py:149} INFO - [2023-11-09T10:17:08.353-0300] {manager.py:504} INFO - Created Permission View: can edit on DAG:example_dynamic_task_mapping
[2023-11-09T10:17:08.353-0300] {logging_mixin.py:149} INFO - [2023-11-09T10:17:08.353-0300] {dag.py:2726} INFO - Sync 1 DAGs
[2023-11-09T10:17:08.365-0300] {logging_mixin.py:149} INFO - [2023-11-09T10:17:08.365-0300] {dag.py:2747} INFO - Creating ORM DAG for example_dynamic_task_mapping
[2023-11-09T10:17:08.375-0300] {logging_mixin.py:149} INFO - [2023-11-09T10:17:08.375-0300] {dag.py:3486} INFO - Setting next_dagrun for example_dynamic_task_mapping to 2022-03-04T00:00:00+00:00, run_after=2022-03-05T00:00:00+00:00
[2023-11-09T10:17:08.396-0300] {processor.py:179} INFO - Processing /Users/lucasmorrone/Documents/airflow/env/lib/python3.11/site-packages/airflow/example_dags/example_dynamic_task_mapping.py took 1.945 seconds
[2023-11-09T10:20:45.327-0300] {processor.py:157} INFO - Started process (PID=16719) to work on /Users/lucasmorrone/Documents/airflow/env/lib/python3.11/site-packages/airflow/example_dags/example_dynamic_task_mapping.py
[2023-11-09T10:20:45.328-0300] {processor.py:826} INFO - Processing file /Users/lucasmorrone/Documents/airflow/env/lib/python3.11/site-packages/airflow/example_dags/example_dynamic_task_mapping.py for tasks to queue
[2023-11-09T10:20:45.329-0300] {logging_mixin.py:149} INFO - [2023-11-09T10:20:45.329-0300] {dagbag.py:541} INFO - Filling up the DagBag from /Users/lucasmorrone/Documents/airflow/env/lib/python3.11/site-packages/airflow/example_dags/example_dynamic_task_mapping.py
[2023-11-09T10:20:45.393-0300] {processor.py:836} INFO - DAG(s) dict_keys(['example_dynamic_task_mapping']) retrieved from /Users/lucasmorrone/Documents/airflow/env/lib/python3.11/site-packages/airflow/example_dags/example_dynamic_task_mapping.py
[2023-11-09T10:20:47.549-0300] {logging_mixin.py:149} INFO - [2023-11-09T10:20:47.548-0300] {dag.py:2726} INFO - Sync 1 DAGs
[2023-11-09T10:20:47.600-0300] {logging_mixin.py:149} INFO - [2023-11-09T10:20:47.600-0300] {dag.py:3486} INFO - Setting next_dagrun for example_dynamic_task_mapping to 2022-03-04T00:00:00+00:00, run_after=2022-03-05T00:00:00+00:00
[2023-11-09T10:20:47.643-0300] {processor.py:179} INFO - Processing /Users/lucasmorrone/Documents/airflow/env/lib/python3.11/site-packages/airflow/example_dags/example_dynamic_task_mapping.py took 2.317 seconds
[2023-11-09T10:30:10.069-0300] {processor.py:157} INFO - Started process (PID=17409) to work on /Users/lucasmorrone/Documents/airflow/env/lib/python3.11/site-packages/airflow/example_dags/example_dynamic_task_mapping.py
[2023-11-09T10:30:10.073-0300] {processor.py:826} INFO - Processing file /Users/lucasmorrone/Documents/airflow/env/lib/python3.11/site-packages/airflow/example_dags/example_dynamic_task_mapping.py for tasks to queue
[2023-11-09T10:30:10.075-0300] {logging_mixin.py:149} INFO - [2023-11-09T10:30:10.075-0300] {dagbag.py:541} INFO - Filling up the DagBag from /Users/lucasmorrone/Documents/airflow/env/lib/python3.11/site-packages/airflow/example_dags/example_dynamic_task_mapping.py
[2023-11-09T10:30:10.183-0300] {processor.py:836} INFO - DAG(s) dict_keys(['example_dynamic_task_mapping']) retrieved from /Users/lucasmorrone/Documents/airflow/env/lib/python3.11/site-packages/airflow/example_dags/example_dynamic_task_mapping.py
[2023-11-09T10:30:11.680-0300] {logging_mixin.py:149} INFO - [2023-11-09T10:30:11.679-0300] {dag.py:2726} INFO - Sync 1 DAGs
[2023-11-09T10:30:11.708-0300] {logging_mixin.py:149} INFO - [2023-11-09T10:30:11.708-0300] {dag.py:3486} INFO - Setting next_dagrun for example_dynamic_task_mapping to 2022-03-04T00:00:00+00:00, run_after=2022-03-05T00:00:00+00:00
[2023-11-09T10:30:11.739-0300] {processor.py:179} INFO - Processing /Users/lucasmorrone/Documents/airflow/env/lib/python3.11/site-packages/airflow/example_dags/example_dynamic_task_mapping.py took 1.671 seconds
[2023-11-09T10:34:04.072-0300] {processor.py:157} INFO - Started process (PID=17898) to work on /Users/lucasmorrone/Documents/airflow/env/lib/python3.11/site-packages/airflow/example_dags/example_dynamic_task_mapping.py
[2023-11-09T10:34:04.076-0300] {processor.py:826} INFO - Processing file /Users/lucasmorrone/Documents/airflow/env/lib/python3.11/site-packages/airflow/example_dags/example_dynamic_task_mapping.py for tasks to queue
[2023-11-09T10:34:04.078-0300] {logging_mixin.py:149} INFO - [2023-11-09T10:34:04.077-0300] {dagbag.py:541} INFO - Filling up the DagBag from /Users/lucasmorrone/Documents/airflow/env/lib/python3.11/site-packages/airflow/example_dags/example_dynamic_task_mapping.py
[2023-11-09T10:34:04.192-0300] {processor.py:836} INFO - DAG(s) dict_keys(['example_dynamic_task_mapping']) retrieved from /Users/lucasmorrone/Documents/airflow/env/lib/python3.11/site-packages/airflow/example_dags/example_dynamic_task_mapping.py
[2023-11-09T10:34:05.625-0300] {logging_mixin.py:149} INFO - [2023-11-09T10:34:05.624-0300] {dag.py:2726} INFO - Sync 1 DAGs
[2023-11-09T10:34:05.654-0300] {logging_mixin.py:149} INFO - [2023-11-09T10:34:05.654-0300] {dag.py:3486} INFO - Setting next_dagrun for example_dynamic_task_mapping to 2022-03-04T00:00:00+00:00, run_after=2022-03-05T00:00:00+00:00
[2023-11-09T10:34:05.685-0300] {processor.py:179} INFO - Processing /Users/lucasmorrone/Documents/airflow/env/lib/python3.11/site-packages/airflow/example_dags/example_dynamic_task_mapping.py took 1.615 seconds
