[2023-11-09T10:17:24.283-0300] {processor.py:157} INFO - Started process (PID=16540) to work on /Users/lucasmorrone/Documents/airflow/env/lib/python3.11/site-packages/airflow/example_dags/example_branch_python_dop_operator_3.py
[2023-11-09T10:17:24.285-0300] {processor.py:826} INFO - Processing file /Users/lucasmorrone/Documents/airflow/env/lib/python3.11/site-packages/airflow/example_dags/example_branch_python_dop_operator_3.py for tasks to queue
[2023-11-09T10:17:24.285-0300] {logging_mixin.py:149} INFO - [2023-11-09T10:17:24.285-0300] {dagbag.py:541} INFO - Filling up the DagBag from /Users/lucasmorrone/Documents/airflow/env/lib/python3.11/site-packages/airflow/example_dags/example_branch_python_dop_operator_3.py
[2023-11-09T10:17:24.357-0300] {processor.py:836} INFO - DAG(s) dict_keys(['example_branch_dop_operator_v3']) retrieved from /Users/lucasmorrone/Documents/airflow/env/lib/python3.11/site-packages/airflow/example_dags/example_branch_python_dop_operator_3.py
[2023-11-09T10:17:25.586-0300] {logging_mixin.py:149} INFO - [2023-11-09T10:17:25.585-0300] {manager.py:504} INFO - Created Permission View: can edit on DAG:example_branch_dop_operator_v3
[2023-11-09T10:17:25.597-0300] {logging_mixin.py:149} INFO - [2023-11-09T10:17:25.596-0300] {manager.py:504} INFO - Created Permission View: can delete on DAG:example_branch_dop_operator_v3
[2023-11-09T10:17:25.604-0300] {logging_mixin.py:149} INFO - [2023-11-09T10:17:25.603-0300] {manager.py:504} INFO - Created Permission View: can read on DAG:example_branch_dop_operator_v3
[2023-11-09T10:17:25.604-0300] {logging_mixin.py:149} INFO - [2023-11-09T10:17:25.604-0300] {dag.py:2726} INFO - Sync 1 DAGs
[2023-11-09T10:17:25.617-0300] {logging_mixin.py:149} INFO - [2023-11-09T10:17:25.616-0300] {dag.py:2747} INFO - Creating ORM DAG for example_branch_dop_operator_v3
[2023-11-09T10:17:25.635-0300] {logging_mixin.py:149} INFO - [2023-11-09T10:17:25.635-0300] {dag.py:3486} INFO - Setting next_dagrun for example_branch_dop_operator_v3 to 2023-11-09T13:16:00+00:00, run_after=2023-11-09T13:17:00+00:00
[2023-11-09T10:17:25.657-0300] {processor.py:179} INFO - Processing /Users/lucasmorrone/Documents/airflow/env/lib/python3.11/site-packages/airflow/example_dags/example_branch_python_dop_operator_3.py took 1.375 seconds
[2023-11-09T10:23:48.813-0300] {processor.py:157} INFO - Started process (PID=16979) to work on /Users/lucasmorrone/Documents/airflow/env/lib/python3.11/site-packages/airflow/example_dags/example_branch_python_dop_operator_3.py
[2023-11-09T10:23:48.815-0300] {processor.py:826} INFO - Processing file /Users/lucasmorrone/Documents/airflow/env/lib/python3.11/site-packages/airflow/example_dags/example_branch_python_dop_operator_3.py for tasks to queue
[2023-11-09T10:23:48.816-0300] {logging_mixin.py:149} INFO - [2023-11-09T10:23:48.816-0300] {dagbag.py:541} INFO - Filling up the DagBag from /Users/lucasmorrone/Documents/airflow/env/lib/python3.11/site-packages/airflow/example_dags/example_branch_python_dop_operator_3.py
[2023-11-09T10:23:48.934-0300] {processor.py:836} INFO - DAG(s) dict_keys(['example_branch_dop_operator_v3']) retrieved from /Users/lucasmorrone/Documents/airflow/env/lib/python3.11/site-packages/airflow/example_dags/example_branch_python_dop_operator_3.py
[2023-11-09T10:23:50.515-0300] {logging_mixin.py:149} INFO - [2023-11-09T10:23:50.514-0300] {dag.py:2726} INFO - Sync 1 DAGs
[2023-11-09T10:23:50.577-0300] {logging_mixin.py:149} INFO - [2023-11-09T10:23:50.577-0300] {dag.py:3486} INFO - Setting next_dagrun for example_branch_dop_operator_v3 to 2023-11-09T13:22:00+00:00, run_after=2023-11-09T13:23:00+00:00
[2023-11-09T10:23:50.633-0300] {processor.py:179} INFO - Processing /Users/lucasmorrone/Documents/airflow/env/lib/python3.11/site-packages/airflow/example_dags/example_branch_python_dop_operator_3.py took 1.821 seconds
[2023-11-09T10:30:29.718-0300] {processor.py:157} INFO - Started process (PID=17415) to work on /Users/lucasmorrone/Documents/airflow/env/lib/python3.11/site-packages/airflow/example_dags/example_branch_python_dop_operator_3.py
[2023-11-09T10:30:29.720-0300] {processor.py:826} INFO - Processing file /Users/lucasmorrone/Documents/airflow/env/lib/python3.11/site-packages/airflow/example_dags/example_branch_python_dop_operator_3.py for tasks to queue
[2023-11-09T10:30:29.721-0300] {logging_mixin.py:149} INFO - [2023-11-09T10:30:29.721-0300] {dagbag.py:541} INFO - Filling up the DagBag from /Users/lucasmorrone/Documents/airflow/env/lib/python3.11/site-packages/airflow/example_dags/example_branch_python_dop_operator_3.py
[2023-11-09T10:30:29.824-0300] {processor.py:836} INFO - DAG(s) dict_keys(['example_branch_dop_operator_v3']) retrieved from /Users/lucasmorrone/Documents/airflow/env/lib/python3.11/site-packages/airflow/example_dags/example_branch_python_dop_operator_3.py
[2023-11-09T10:30:31.058-0300] {logging_mixin.py:149} INFO - [2023-11-09T10:30:31.057-0300] {dag.py:2726} INFO - Sync 1 DAGs
[2023-11-09T10:30:31.095-0300] {logging_mixin.py:149} INFO - [2023-11-09T10:30:31.094-0300] {dag.py:3486} INFO - Setting next_dagrun for example_branch_dop_operator_v3 to 2023-11-09T13:29:00+00:00, run_after=2023-11-09T13:30:00+00:00
[2023-11-09T10:30:31.127-0300] {processor.py:179} INFO - Processing /Users/lucasmorrone/Documents/airflow/env/lib/python3.11/site-packages/airflow/example_dags/example_branch_python_dop_operator_3.py took 1.412 seconds
