[2023-11-09T10:15:56.923-0300] {processor.py:157} INFO - Started process (PID=16423) to work on /Users/lucasmorrone/Documents/airflow/env/lib/python3.11/site-packages/airflow/example_dags/example_setup_teardown_taskflow.py
[2023-11-09T10:15:56.925-0300] {processor.py:826} INFO - Processing file /Users/lucasmorrone/Documents/airflow/env/lib/python3.11/site-packages/airflow/example_dags/example_setup_teardown_taskflow.py for tasks to queue
[2023-11-09T10:15:56.926-0300] {logging_mixin.py:149} INFO - [2023-11-09T10:15:56.926-0300] {dagbag.py:541} INFO - Filling up the DagBag from /Users/lucasmorrone/Documents/airflow/env/lib/python3.11/site-packages/airflow/example_dags/example_setup_teardown_taskflow.py
[2023-11-09T10:15:57.016-0300] {processor.py:838} WARNING - No viable dags retrieved from /Users/lucasmorrone/Documents/airflow/env/lib/python3.11/site-packages/airflow/example_dags/example_setup_teardown_taskflow.py
[2023-11-09T10:15:58.119-0300] {processor.py:179} INFO - Processing /Users/lucasmorrone/Documents/airflow/env/lib/python3.11/site-packages/airflow/example_dags/example_setup_teardown_taskflow.py took 1.197 seconds
[2023-11-09T10:19:38.871-0300] {processor.py:157} INFO - Started process (PID=16678) to work on /Users/lucasmorrone/Documents/airflow/env/lib/python3.11/site-packages/airflow/example_dags/example_setup_teardown_taskflow.py
[2023-11-09T10:19:38.872-0300] {processor.py:826} INFO - Processing file /Users/lucasmorrone/Documents/airflow/env/lib/python3.11/site-packages/airflow/example_dags/example_setup_teardown_taskflow.py for tasks to queue
[2023-11-09T10:19:38.873-0300] {logging_mixin.py:149} INFO - [2023-11-09T10:19:38.873-0300] {dagbag.py:541} INFO - Filling up the DagBag from /Users/lucasmorrone/Documents/airflow/env/lib/python3.11/site-packages/airflow/example_dags/example_setup_teardown_taskflow.py
[2023-11-09T10:19:38.950-0300] {processor.py:838} WARNING - No viable dags retrieved from /Users/lucasmorrone/Documents/airflow/env/lib/python3.11/site-packages/airflow/example_dags/example_setup_teardown_taskflow.py
[2023-11-09T10:19:40.638-0300] {processor.py:179} INFO - Processing /Users/lucasmorrone/Documents/airflow/env/lib/python3.11/site-packages/airflow/example_dags/example_setup_teardown_taskflow.py took 1.769 seconds
[2023-11-09T10:22:44.890-0300] {processor.py:157} INFO - Started process (PID=16763) to work on /Users/lucasmorrone/Documents/airflow/env/lib/python3.11/site-packages/airflow/example_dags/example_setup_teardown_taskflow.py
[2023-11-09T10:22:44.891-0300] {processor.py:826} INFO - Processing file /Users/lucasmorrone/Documents/airflow/env/lib/python3.11/site-packages/airflow/example_dags/example_setup_teardown_taskflow.py for tasks to queue
[2023-11-09T10:22:44.891-0300] {logging_mixin.py:149} INFO - [2023-11-09T10:22:44.891-0300] {dagbag.py:541} INFO - Filling up the DagBag from /Users/lucasmorrone/Documents/airflow/env/lib/python3.11/site-packages/airflow/example_dags/example_setup_teardown_taskflow.py
[2023-11-09T10:22:44.958-0300] {processor.py:838} WARNING - No viable dags retrieved from /Users/lucasmorrone/Documents/airflow/env/lib/python3.11/site-packages/airflow/example_dags/example_setup_teardown_taskflow.py
[2023-11-09T10:22:45.947-0300] {processor.py:179} INFO - Processing /Users/lucasmorrone/Documents/airflow/env/lib/python3.11/site-packages/airflow/example_dags/example_setup_teardown_taskflow.py took 1.059 seconds
[2023-11-09T10:28:54.451-0300] {processor.py:157} INFO - Started process (PID=17359) to work on /Users/lucasmorrone/Documents/airflow/env/lib/python3.11/site-packages/airflow/example_dags/example_setup_teardown_taskflow.py
[2023-11-09T10:28:54.454-0300] {processor.py:826} INFO - Processing file /Users/lucasmorrone/Documents/airflow/env/lib/python3.11/site-packages/airflow/example_dags/example_setup_teardown_taskflow.py for tasks to queue
[2023-11-09T10:28:54.455-0300] {logging_mixin.py:149} INFO - [2023-11-09T10:28:54.454-0300] {dagbag.py:541} INFO - Filling up the DagBag from /Users/lucasmorrone/Documents/airflow/env/lib/python3.11/site-packages/airflow/example_dags/example_setup_teardown_taskflow.py
[2023-11-09T10:28:54.555-0300] {processor.py:838} WARNING - No viable dags retrieved from /Users/lucasmorrone/Documents/airflow/env/lib/python3.11/site-packages/airflow/example_dags/example_setup_teardown_taskflow.py
[2023-11-09T10:28:56.463-0300] {processor.py:179} INFO - Processing /Users/lucasmorrone/Documents/airflow/env/lib/python3.11/site-packages/airflow/example_dags/example_setup_teardown_taskflow.py took 2.014 seconds
[2023-11-09T10:32:44.277-0300] {processor.py:157} INFO - Started process (PID=17875) to work on /Users/lucasmorrone/Documents/airflow/env/lib/python3.11/site-packages/airflow/example_dags/example_setup_teardown_taskflow.py
[2023-11-09T10:32:44.280-0300] {processor.py:826} INFO - Processing file /Users/lucasmorrone/Documents/airflow/env/lib/python3.11/site-packages/airflow/example_dags/example_setup_teardown_taskflow.py for tasks to queue
[2023-11-09T10:32:44.281-0300] {logging_mixin.py:149} INFO - [2023-11-09T10:32:44.281-0300] {dagbag.py:541} INFO - Filling up the DagBag from /Users/lucasmorrone/Documents/airflow/env/lib/python3.11/site-packages/airflow/example_dags/example_setup_teardown_taskflow.py
[2023-11-09T10:32:44.361-0300] {processor.py:838} WARNING - No viable dags retrieved from /Users/lucasmorrone/Documents/airflow/env/lib/python3.11/site-packages/airflow/example_dags/example_setup_teardown_taskflow.py
[2023-11-09T10:32:45.578-0300] {processor.py:179} INFO - Processing /Users/lucasmorrone/Documents/airflow/env/lib/python3.11/site-packages/airflow/example_dags/example_setup_teardown_taskflow.py took 1.303 seconds
