[2023-11-09T10:16:53.539-0300] {processor.py:157} INFO - Started process (PID=16497) to work on /Users/lucasmorrone/Documents/airflow/env/lib/python3.11/site-packages/airflow/example_dags/example_latest_only.py
[2023-11-09T10:16:53.541-0300] {processor.py:826} INFO - Processing file /Users/lucasmorrone/Documents/airflow/env/lib/python3.11/site-packages/airflow/example_dags/example_latest_only.py for tasks to queue
[2023-11-09T10:16:53.541-0300] {logging_mixin.py:149} INFO - [2023-11-09T10:16:53.541-0300] {dagbag.py:541} INFO - Filling up the DagBag from /Users/lucasmorrone/Documents/airflow/env/lib/python3.11/site-packages/airflow/example_dags/example_latest_only.py
[2023-11-09T10:16:53.574-0300] {processor.py:836} INFO - DAG(s) dict_keys(['latest_only']) retrieved from /Users/lucasmorrone/Documents/airflow/env/lib/python3.11/site-packages/airflow/example_dags/example_latest_only.py
[2023-11-09T10:16:55.255-0300] {logging_mixin.py:149} INFO - [2023-11-09T10:16:55.254-0300] {manager.py:504} INFO - Created Permission View: can read on DAG:latest_only
[2023-11-09T10:16:55.266-0300] {logging_mixin.py:149} INFO - [2023-11-09T10:16:55.265-0300] {manager.py:504} INFO - Created Permission View: can delete on DAG:latest_only
[2023-11-09T10:16:55.275-0300] {logging_mixin.py:149} INFO - [2023-11-09T10:16:55.274-0300] {manager.py:504} INFO - Created Permission View: can edit on DAG:latest_only
[2023-11-09T10:16:55.275-0300] {logging_mixin.py:149} INFO - [2023-11-09T10:16:55.275-0300] {dag.py:2726} INFO - Sync 1 DAGs
[2023-11-09T10:16:55.376-0300] {logging_mixin.py:149} INFO - [2023-11-09T10:16:55.376-0300] {dag.py:2747} INFO - Creating ORM DAG for latest_only
[2023-11-09T10:16:55.387-0300] {logging_mixin.py:149} INFO - [2023-11-09T10:16:55.387-0300] {dag.py:3486} INFO - Setting next_dagrun for latest_only to 2023-11-09T09:16:55.387389+00:00, run_after=2023-11-09T13:16:55.387389+00:00
[2023-11-09T10:16:55.414-0300] {processor.py:179} INFO - Processing /Users/lucasmorrone/Documents/airflow/env/lib/python3.11/site-packages/airflow/example_dags/example_latest_only.py took 1.876 seconds
[2023-11-09T10:20:32.628-0300] {processor.py:157} INFO - Started process (PID=16715) to work on /Users/lucasmorrone/Documents/airflow/env/lib/python3.11/site-packages/airflow/example_dags/example_latest_only.py
[2023-11-09T10:20:32.629-0300] {processor.py:826} INFO - Processing file /Users/lucasmorrone/Documents/airflow/env/lib/python3.11/site-packages/airflow/example_dags/example_latest_only.py for tasks to queue
[2023-11-09T10:20:32.629-0300] {logging_mixin.py:149} INFO - [2023-11-09T10:20:32.629-0300] {dagbag.py:541} INFO - Filling up the DagBag from /Users/lucasmorrone/Documents/airflow/env/lib/python3.11/site-packages/airflow/example_dags/example_latest_only.py
[2023-11-09T10:20:32.657-0300] {processor.py:836} INFO - DAG(s) dict_keys(['latest_only']) retrieved from /Users/lucasmorrone/Documents/airflow/env/lib/python3.11/site-packages/airflow/example_dags/example_latest_only.py
[2023-11-09T10:20:33.882-0300] {logging_mixin.py:149} INFO - [2023-11-09T10:20:33.882-0300] {dag.py:2726} INFO - Sync 1 DAGs
[2023-11-09T10:20:33.911-0300] {logging_mixin.py:149} INFO - [2023-11-09T10:20:33.911-0300] {dag.py:3486} INFO - Setting next_dagrun for latest_only to 2023-11-09T09:20:33.911309+00:00, run_after=2023-11-09T13:20:33.911309+00:00
[2023-11-09T10:20:33.938-0300] {processor.py:179} INFO - Processing /Users/lucasmorrone/Documents/airflow/env/lib/python3.11/site-packages/airflow/example_dags/example_latest_only.py took 1.312 seconds
[2023-11-09T10:23:39.713-0300] {processor.py:157} INFO - Started process (PID=16976) to work on /Users/lucasmorrone/Documents/airflow/env/lib/python3.11/site-packages/airflow/example_dags/example_latest_only.py
[2023-11-09T10:23:39.715-0300] {processor.py:826} INFO - Processing file /Users/lucasmorrone/Documents/airflow/env/lib/python3.11/site-packages/airflow/example_dags/example_latest_only.py for tasks to queue
[2023-11-09T10:23:39.716-0300] {logging_mixin.py:149} INFO - [2023-11-09T10:23:39.716-0300] {dagbag.py:541} INFO - Filling up the DagBag from /Users/lucasmorrone/Documents/airflow/env/lib/python3.11/site-packages/airflow/example_dags/example_latest_only.py
[2023-11-09T10:23:39.760-0300] {processor.py:836} INFO - DAG(s) dict_keys(['latest_only']) retrieved from /Users/lucasmorrone/Documents/airflow/env/lib/python3.11/site-packages/airflow/example_dags/example_latest_only.py
[2023-11-09T10:23:41.288-0300] {logging_mixin.py:149} INFO - [2023-11-09T10:23:41.288-0300] {dag.py:2726} INFO - Sync 1 DAGs
[2023-11-09T10:23:41.317-0300] {logging_mixin.py:149} INFO - [2023-11-09T10:23:41.316-0300] {dag.py:3486} INFO - Setting next_dagrun for latest_only to 2023-11-09T09:23:41.316588+00:00, run_after=2023-11-09T13:23:41.316588+00:00
[2023-11-09T10:23:41.352-0300] {processor.py:179} INFO - Processing /Users/lucasmorrone/Documents/airflow/env/lib/python3.11/site-packages/airflow/example_dags/example_latest_only.py took 1.641 seconds
[2023-11-09T10:29:54.781-0300] {processor.py:157} INFO - Started process (PID=17390) to work on /Users/lucasmorrone/Documents/airflow/env/lib/python3.11/site-packages/airflow/example_dags/example_latest_only.py
[2023-11-09T10:29:54.782-0300] {processor.py:826} INFO - Processing file /Users/lucasmorrone/Documents/airflow/env/lib/python3.11/site-packages/airflow/example_dags/example_latest_only.py for tasks to queue
[2023-11-09T10:29:54.783-0300] {logging_mixin.py:149} INFO - [2023-11-09T10:29:54.783-0300] {dagbag.py:541} INFO - Filling up the DagBag from /Users/lucasmorrone/Documents/airflow/env/lib/python3.11/site-packages/airflow/example_dags/example_latest_only.py
[2023-11-09T10:29:54.812-0300] {processor.py:836} INFO - DAG(s) dict_keys(['latest_only']) retrieved from /Users/lucasmorrone/Documents/airflow/env/lib/python3.11/site-packages/airflow/example_dags/example_latest_only.py
[2023-11-09T10:29:56.204-0300] {logging_mixin.py:149} INFO - [2023-11-09T10:29:56.195-0300] {dag.py:2726} INFO - Sync 1 DAGs
[2023-11-09T10:29:56.287-0300] {logging_mixin.py:149} INFO - [2023-11-09T10:29:56.286-0300] {dag.py:3486} INFO - Setting next_dagrun for latest_only to 2023-11-09T09:29:56.286628+00:00, run_after=2023-11-09T13:29:56.286628+00:00
[2023-11-09T10:29:56.349-0300] {processor.py:179} INFO - Processing /Users/lucasmorrone/Documents/airflow/env/lib/python3.11/site-packages/airflow/example_dags/example_latest_only.py took 1.570 seconds
[2023-11-09T10:33:50.408-0300] {processor.py:157} INFO - Started process (PID=17894) to work on /Users/lucasmorrone/Documents/airflow/env/lib/python3.11/site-packages/airflow/example_dags/example_latest_only.py
[2023-11-09T10:33:50.411-0300] {processor.py:826} INFO - Processing file /Users/lucasmorrone/Documents/airflow/env/lib/python3.11/site-packages/airflow/example_dags/example_latest_only.py for tasks to queue
[2023-11-09T10:33:50.411-0300] {logging_mixin.py:149} INFO - [2023-11-09T10:33:50.411-0300] {dagbag.py:541} INFO - Filling up the DagBag from /Users/lucasmorrone/Documents/airflow/env/lib/python3.11/site-packages/airflow/example_dags/example_latest_only.py
[2023-11-09T10:33:50.437-0300] {processor.py:836} INFO - DAG(s) dict_keys(['latest_only']) retrieved from /Users/lucasmorrone/Documents/airflow/env/lib/python3.11/site-packages/airflow/example_dags/example_latest_only.py
[2023-11-09T10:33:51.329-0300] {logging_mixin.py:149} INFO - [2023-11-09T10:33:51.328-0300] {dag.py:2726} INFO - Sync 1 DAGs
[2023-11-09T10:33:51.351-0300] {logging_mixin.py:149} INFO - [2023-11-09T10:33:51.351-0300] {dag.py:3486} INFO - Setting next_dagrun for latest_only to 2023-11-09T09:33:51.351505+00:00, run_after=2023-11-09T13:33:51.351505+00:00
[2023-11-09T10:33:51.378-0300] {processor.py:179} INFO - Processing /Users/lucasmorrone/Documents/airflow/env/lib/python3.11/site-packages/airflow/example_dags/example_latest_only.py took 0.971 seconds
