[2023-11-09T10:17:40.893-0300] {processor.py:157} INFO - Started process (PID=16569) to work on /Users/lucasmorrone/Documents/airflow/env/lib/python3.11/site-packages/airflow/example_dags/example_branch_day_of_week_operator.py
[2023-11-09T10:17:40.895-0300] {processor.py:826} INFO - Processing file /Users/lucasmorrone/Documents/airflow/env/lib/python3.11/site-packages/airflow/example_dags/example_branch_day_of_week_operator.py for tasks to queue
[2023-11-09T10:17:40.896-0300] {logging_mixin.py:149} INFO - [2023-11-09T10:17:40.896-0300] {dagbag.py:541} INFO - Filling up the DagBag from /Users/lucasmorrone/Documents/airflow/env/lib/python3.11/site-packages/airflow/example_dags/example_branch_day_of_week_operator.py
[2023-11-09T10:17:40.928-0300] {processor.py:836} INFO - DAG(s) dict_keys(['example_weekday_branch_operator']) retrieved from /Users/lucasmorrone/Documents/airflow/env/lib/python3.11/site-packages/airflow/example_dags/example_branch_day_of_week_operator.py
[2023-11-09T10:17:42.329-0300] {logging_mixin.py:149} INFO - [2023-11-09T10:17:42.329-0300] {manager.py:504} INFO - Created Permission View: can edit on DAG:example_weekday_branch_operator
[2023-11-09T10:17:42.343-0300] {logging_mixin.py:149} INFO - [2023-11-09T10:17:42.343-0300] {manager.py:504} INFO - Created Permission View: can read on DAG:example_weekday_branch_operator
[2023-11-09T10:17:42.351-0300] {logging_mixin.py:149} INFO - [2023-11-09T10:17:42.351-0300] {manager.py:504} INFO - Created Permission View: can delete on DAG:example_weekday_branch_operator
[2023-11-09T10:17:42.352-0300] {logging_mixin.py:149} INFO - [2023-11-09T10:17:42.351-0300] {dag.py:2726} INFO - Sync 1 DAGs
[2023-11-09T10:17:42.449-0300] {logging_mixin.py:149} INFO - [2023-11-09T10:17:42.449-0300] {dag.py:2747} INFO - Creating ORM DAG for example_weekday_branch_operator
[2023-11-09T10:17:42.464-0300] {logging_mixin.py:149} INFO - [2023-11-09T10:17:42.464-0300] {dag.py:3486} INFO - Setting next_dagrun for example_weekday_branch_operator to 2023-11-08T00:00:00+00:00, run_after=2023-11-09T00:00:00+00:00
[2023-11-09T10:17:42.490-0300] {processor.py:179} INFO - Processing /Users/lucasmorrone/Documents/airflow/env/lib/python3.11/site-packages/airflow/example_dags/example_branch_day_of_week_operator.py took 1.598 seconds
[2023-11-09T10:24:07.259-0300] {processor.py:157} INFO - Started process (PID=16989) to work on /Users/lucasmorrone/Documents/airflow/env/lib/python3.11/site-packages/airflow/example_dags/example_branch_day_of_week_operator.py
[2023-11-09T10:24:07.260-0300] {processor.py:826} INFO - Processing file /Users/lucasmorrone/Documents/airflow/env/lib/python3.11/site-packages/airflow/example_dags/example_branch_day_of_week_operator.py for tasks to queue
[2023-11-09T10:24:07.261-0300] {logging_mixin.py:149} INFO - [2023-11-09T10:24:07.261-0300] {dagbag.py:541} INFO - Filling up the DagBag from /Users/lucasmorrone/Documents/airflow/env/lib/python3.11/site-packages/airflow/example_dags/example_branch_day_of_week_operator.py
[2023-11-09T10:24:07.296-0300] {processor.py:836} INFO - DAG(s) dict_keys(['example_weekday_branch_operator']) retrieved from /Users/lucasmorrone/Documents/airflow/env/lib/python3.11/site-packages/airflow/example_dags/example_branch_day_of_week_operator.py
[2023-11-09T10:24:08.606-0300] {logging_mixin.py:149} INFO - [2023-11-09T10:24:08.605-0300] {dag.py:2726} INFO - Sync 1 DAGs
[2023-11-09T10:24:08.630-0300] {logging_mixin.py:149} INFO - [2023-11-09T10:24:08.630-0300] {dag.py:3486} INFO - Setting next_dagrun for example_weekday_branch_operator to 2023-11-08T00:00:00+00:00, run_after=2023-11-09T00:00:00+00:00
[2023-11-09T10:24:08.656-0300] {processor.py:179} INFO - Processing /Users/lucasmorrone/Documents/airflow/env/lib/python3.11/site-packages/airflow/example_dags/example_branch_day_of_week_operator.py took 1.399 seconds
[2023-11-09T10:30:48.097-0300] {processor.py:157} INFO - Started process (PID=17421) to work on /Users/lucasmorrone/Documents/airflow/env/lib/python3.11/site-packages/airflow/example_dags/example_branch_day_of_week_operator.py
[2023-11-09T10:30:48.101-0300] {processor.py:826} INFO - Processing file /Users/lucasmorrone/Documents/airflow/env/lib/python3.11/site-packages/airflow/example_dags/example_branch_day_of_week_operator.py for tasks to queue
[2023-11-09T10:30:48.101-0300] {logging_mixin.py:149} INFO - [2023-11-09T10:30:48.101-0300] {dagbag.py:541} INFO - Filling up the DagBag from /Users/lucasmorrone/Documents/airflow/env/lib/python3.11/site-packages/airflow/example_dags/example_branch_day_of_week_operator.py
[2023-11-09T10:30:48.131-0300] {processor.py:836} INFO - DAG(s) dict_keys(['example_weekday_branch_operator']) retrieved from /Users/lucasmorrone/Documents/airflow/env/lib/python3.11/site-packages/airflow/example_dags/example_branch_day_of_week_operator.py
[2023-11-09T10:30:49.150-0300] {logging_mixin.py:149} INFO - [2023-11-09T10:30:49.149-0300] {dag.py:2726} INFO - Sync 1 DAGs
[2023-11-09T10:30:49.177-0300] {logging_mixin.py:149} INFO - [2023-11-09T10:30:49.177-0300] {dag.py:3486} INFO - Setting next_dagrun for example_weekday_branch_operator to 2023-11-08T00:00:00+00:00, run_after=2023-11-09T00:00:00+00:00
[2023-11-09T10:30:49.203-0300] {processor.py:179} INFO - Processing /Users/lucasmorrone/Documents/airflow/env/lib/python3.11/site-packages/airflow/example_dags/example_branch_day_of_week_operator.py took 1.107 seconds
