[2023-11-09T10:16:57.730-0300] {processor.py:157} INFO - Started process (PID=16505) to work on /Users/lucasmorrone/Documents/airflow/env/lib/python3.11/site-packages/airflow/example_dags/example_kubernetes_executor.py
[2023-11-09T10:16:57.732-0300] {processor.py:826} INFO - Processing file /Users/lucasmorrone/Documents/airflow/env/lib/python3.11/site-packages/airflow/example_dags/example_kubernetes_executor.py for tasks to queue
[2023-11-09T10:16:57.732-0300] {logging_mixin.py:149} INFO - [2023-11-09T10:16:57.732-0300] {dagbag.py:541} INFO - Filling up the DagBag from /Users/lucasmorrone/Documents/airflow/env/lib/python3.11/site-packages/airflow/example_dags/example_kubernetes_executor.py
[2023-11-09T10:16:57.795-0300] {logging_mixin.py:149} INFO - [2023-11-09T10:16:57.795-0300] {example_kubernetes_executor.py:41} WARNING - The example_kubernetes_executor example DAG requires the kubernetes provider. Please install it with: pip install apache-airflow[cncf.kubernetes]
[2023-11-09T10:16:57.795-0300] {processor.py:838} WARNING - No viable dags retrieved from /Users/lucasmorrone/Documents/airflow/env/lib/python3.11/site-packages/airflow/example_dags/example_kubernetes_executor.py
[2023-11-09T10:16:59.127-0300] {processor.py:179} INFO - Processing /Users/lucasmorrone/Documents/airflow/env/lib/python3.11/site-packages/airflow/example_dags/example_kubernetes_executor.py took 1.398 seconds
[2023-11-09T10:20:37.132-0300] {processor.py:157} INFO - Started process (PID=16716) to work on /Users/lucasmorrone/Documents/airflow/env/lib/python3.11/site-packages/airflow/example_dags/example_kubernetes_executor.py
[2023-11-09T10:20:37.133-0300] {processor.py:826} INFO - Processing file /Users/lucasmorrone/Documents/airflow/env/lib/python3.11/site-packages/airflow/example_dags/example_kubernetes_executor.py for tasks to queue
[2023-11-09T10:20:37.134-0300] {logging_mixin.py:149} INFO - [2023-11-09T10:20:37.134-0300] {dagbag.py:541} INFO - Filling up the DagBag from /Users/lucasmorrone/Documents/airflow/env/lib/python3.11/site-packages/airflow/example_dags/example_kubernetes_executor.py
[2023-11-09T10:20:37.205-0300] {logging_mixin.py:149} INFO - [2023-11-09T10:20:37.205-0300] {example_kubernetes_executor.py:41} WARNING - The example_kubernetes_executor example DAG requires the kubernetes provider. Please install it with: pip install apache-airflow[cncf.kubernetes]
[2023-11-09T10:20:37.206-0300] {processor.py:838} WARNING - No viable dags retrieved from /Users/lucasmorrone/Documents/airflow/env/lib/python3.11/site-packages/airflow/example_dags/example_kubernetes_executor.py
[2023-11-09T10:20:38.233-0300] {processor.py:179} INFO - Processing /Users/lucasmorrone/Documents/airflow/env/lib/python3.11/site-packages/airflow/example_dags/example_kubernetes_executor.py took 1.102 seconds
[2023-11-09T10:23:44.371-0300] {processor.py:157} INFO - Started process (PID=16978) to work on /Users/lucasmorrone/Documents/airflow/env/lib/python3.11/site-packages/airflow/example_dags/example_kubernetes_executor.py
[2023-11-09T10:23:44.372-0300] {processor.py:826} INFO - Processing file /Users/lucasmorrone/Documents/airflow/env/lib/python3.11/site-packages/airflow/example_dags/example_kubernetes_executor.py for tasks to queue
[2023-11-09T10:23:44.374-0300] {logging_mixin.py:149} INFO - [2023-11-09T10:23:44.373-0300] {dagbag.py:541} INFO - Filling up the DagBag from /Users/lucasmorrone/Documents/airflow/env/lib/python3.11/site-packages/airflow/example_dags/example_kubernetes_executor.py
[2023-11-09T10:23:44.457-0300] {logging_mixin.py:149} INFO - [2023-11-09T10:23:44.456-0300] {example_kubernetes_executor.py:41} WARNING - The example_kubernetes_executor example DAG requires the kubernetes provider. Please install it with: pip install apache-airflow[cncf.kubernetes]
[2023-11-09T10:23:44.457-0300] {processor.py:838} WARNING - No viable dags retrieved from /Users/lucasmorrone/Documents/airflow/env/lib/python3.11/site-packages/airflow/example_dags/example_kubernetes_executor.py
[2023-11-09T10:23:45.747-0300] {processor.py:179} INFO - Processing /Users/lucasmorrone/Documents/airflow/env/lib/python3.11/site-packages/airflow/example_dags/example_kubernetes_executor.py took 1.378 seconds
[2023-11-09T10:30:00.640-0300] {processor.py:157} INFO - Started process (PID=17395) to work on /Users/lucasmorrone/Documents/airflow/env/lib/python3.11/site-packages/airflow/example_dags/example_kubernetes_executor.py
[2023-11-09T10:30:00.641-0300] {processor.py:826} INFO - Processing file /Users/lucasmorrone/Documents/airflow/env/lib/python3.11/site-packages/airflow/example_dags/example_kubernetes_executor.py for tasks to queue
[2023-11-09T10:30:00.641-0300] {logging_mixin.py:149} INFO - [2023-11-09T10:30:00.641-0300] {dagbag.py:541} INFO - Filling up the DagBag from /Users/lucasmorrone/Documents/airflow/env/lib/python3.11/site-packages/airflow/example_dags/example_kubernetes_executor.py
[2023-11-09T10:30:00.715-0300] {logging_mixin.py:149} INFO - [2023-11-09T10:30:00.714-0300] {example_kubernetes_executor.py:41} WARNING - The example_kubernetes_executor example DAG requires the kubernetes provider. Please install it with: pip install apache-airflow[cncf.kubernetes]
[2023-11-09T10:30:00.716-0300] {processor.py:838} WARNING - No viable dags retrieved from /Users/lucasmorrone/Documents/airflow/env/lib/python3.11/site-packages/airflow/example_dags/example_kubernetes_executor.py
[2023-11-09T10:30:02.091-0300] {processor.py:179} INFO - Processing /Users/lucasmorrone/Documents/airflow/env/lib/python3.11/site-packages/airflow/example_dags/example_kubernetes_executor.py took 1.452 seconds
[2023-11-09T10:33:54.282-0300] {processor.py:157} INFO - Started process (PID=17895) to work on /Users/lucasmorrone/Documents/airflow/env/lib/python3.11/site-packages/airflow/example_dags/example_kubernetes_executor.py
[2023-11-09T10:33:54.285-0300] {processor.py:826} INFO - Processing file /Users/lucasmorrone/Documents/airflow/env/lib/python3.11/site-packages/airflow/example_dags/example_kubernetes_executor.py for tasks to queue
[2023-11-09T10:33:54.286-0300] {logging_mixin.py:149} INFO - [2023-11-09T10:33:54.286-0300] {dagbag.py:541} INFO - Filling up the DagBag from /Users/lucasmorrone/Documents/airflow/env/lib/python3.11/site-packages/airflow/example_dags/example_kubernetes_executor.py
[2023-11-09T10:33:54.349-0300] {logging_mixin.py:149} INFO - [2023-11-09T10:33:54.349-0300] {example_kubernetes_executor.py:41} WARNING - The example_kubernetes_executor example DAG requires the kubernetes provider. Please install it with: pip install apache-airflow[cncf.kubernetes]
[2023-11-09T10:33:54.349-0300] {processor.py:838} WARNING - No viable dags retrieved from /Users/lucasmorrone/Documents/airflow/env/lib/python3.11/site-packages/airflow/example_dags/example_kubernetes_executor.py
[2023-11-09T10:33:55.298-0300] {processor.py:179} INFO - Processing /Users/lucasmorrone/Documents/airflow/env/lib/python3.11/site-packages/airflow/example_dags/example_kubernetes_executor.py took 1.017 seconds
