[2023-11-09T10:15:20.261-0300] {processor.py:157} INFO - Started process (PID=16408) to work on /Users/lucasmorrone/Documents/airflow/env/lib/python3.11/site-packages/airflow/example_dags/example_trigger_controller_dag.py
[2023-11-09T10:15:20.262-0300] {processor.py:826} INFO - Processing file /Users/lucasmorrone/Documents/airflow/env/lib/python3.11/site-packages/airflow/example_dags/example_trigger_controller_dag.py for tasks to queue
[2023-11-09T10:15:20.263-0300] {logging_mixin.py:149} INFO - [2023-11-09T10:15:20.263-0300] {dagbag.py:541} INFO - Filling up the DagBag from /Users/lucasmorrone/Documents/airflow/env/lib/python3.11/site-packages/airflow/example_dags/example_trigger_controller_dag.py
[2023-11-09T10:15:20.289-0300] {processor.py:836} INFO - DAG(s) dict_keys(['example_trigger_controller_dag']) retrieved from /Users/lucasmorrone/Documents/airflow/env/lib/python3.11/site-packages/airflow/example_dags/example_trigger_controller_dag.py
[2023-11-09T10:15:21.342-0300] {logging_mixin.py:149} INFO - [2023-11-09T10:15:21.342-0300] {manager.py:504} INFO - Created Permission View: can edit on DAG:example_trigger_controller_dag
[2023-11-09T10:15:21.358-0300] {logging_mixin.py:149} INFO - [2023-11-09T10:15:21.358-0300] {manager.py:504} INFO - Created Permission View: can read on DAG:example_trigger_controller_dag
[2023-11-09T10:15:21.370-0300] {logging_mixin.py:149} INFO - [2023-11-09T10:15:21.370-0300] {manager.py:504} INFO - Created Permission View: can delete on DAG:example_trigger_controller_dag
[2023-11-09T10:15:21.371-0300] {logging_mixin.py:149} INFO - [2023-11-09T10:15:21.370-0300] {dag.py:2726} INFO - Sync 1 DAGs
[2023-11-09T10:15:21.392-0300] {logging_mixin.py:149} INFO - [2023-11-09T10:15:21.391-0300] {dag.py:2747} INFO - Creating ORM DAG for example_trigger_controller_dag
[2023-11-09T10:15:21.485-0300] {logging_mixin.py:149} INFO - [2023-11-09T10:15:21.485-0300] {dag.py:3486} INFO - Setting next_dagrun for example_trigger_controller_dag to 2021-01-01T00:00:00+00:00, run_after=2021-01-01T00:00:00+00:00
[2023-11-09T10:15:21.511-0300] {processor.py:179} INFO - Processing /Users/lucasmorrone/Documents/airflow/env/lib/python3.11/site-packages/airflow/example_dags/example_trigger_controller_dag.py took 1.251 seconds
[2023-11-09T10:18:54.062-0300] {processor.py:157} INFO - Started process (PID=16655) to work on /Users/lucasmorrone/Documents/airflow/env/lib/python3.11/site-packages/airflow/example_dags/example_trigger_controller_dag.py
[2023-11-09T10:18:54.063-0300] {processor.py:826} INFO - Processing file /Users/lucasmorrone/Documents/airflow/env/lib/python3.11/site-packages/airflow/example_dags/example_trigger_controller_dag.py for tasks to queue
[2023-11-09T10:18:54.065-0300] {logging_mixin.py:149} INFO - [2023-11-09T10:18:54.064-0300] {dagbag.py:541} INFO - Filling up the DagBag from /Users/lucasmorrone/Documents/airflow/env/lib/python3.11/site-packages/airflow/example_dags/example_trigger_controller_dag.py
[2023-11-09T10:18:54.112-0300] {processor.py:836} INFO - DAG(s) dict_keys(['example_trigger_controller_dag']) retrieved from /Users/lucasmorrone/Documents/airflow/env/lib/python3.11/site-packages/airflow/example_dags/example_trigger_controller_dag.py
[2023-11-09T10:18:55.697-0300] {logging_mixin.py:149} INFO - [2023-11-09T10:18:55.697-0300] {dag.py:2726} INFO - Sync 1 DAGs
[2023-11-09T10:18:55.880-0300] {logging_mixin.py:149} INFO - [2023-11-09T10:18:55.880-0300] {dag.py:3486} INFO - Setting next_dagrun for example_trigger_controller_dag to 2021-01-01T00:00:00+00:00, run_after=2021-01-01T00:00:00+00:00
[2023-11-09T10:18:55.984-0300] {processor.py:179} INFO - Processing /Users/lucasmorrone/Documents/airflow/env/lib/python3.11/site-packages/airflow/example_dags/example_trigger_controller_dag.py took 1.924 seconds
[2023-11-09T10:22:01.852-0300] {processor.py:157} INFO - Started process (PID=16744) to work on /Users/lucasmorrone/Documents/airflow/env/lib/python3.11/site-packages/airflow/example_dags/example_trigger_controller_dag.py
[2023-11-09T10:22:01.853-0300] {processor.py:826} INFO - Processing file /Users/lucasmorrone/Documents/airflow/env/lib/python3.11/site-packages/airflow/example_dags/example_trigger_controller_dag.py for tasks to queue
[2023-11-09T10:22:01.853-0300] {logging_mixin.py:149} INFO - [2023-11-09T10:22:01.853-0300] {dagbag.py:541} INFO - Filling up the DagBag from /Users/lucasmorrone/Documents/airflow/env/lib/python3.11/site-packages/airflow/example_dags/example_trigger_controller_dag.py
[2023-11-09T10:22:01.879-0300] {processor.py:836} INFO - DAG(s) dict_keys(['example_trigger_controller_dag']) retrieved from /Users/lucasmorrone/Documents/airflow/env/lib/python3.11/site-packages/airflow/example_dags/example_trigger_controller_dag.py
[2023-11-09T10:22:03.753-0300] {logging_mixin.py:149} INFO - [2023-11-09T10:22:03.752-0300] {dag.py:2726} INFO - Sync 1 DAGs
[2023-11-09T10:22:03.781-0300] {logging_mixin.py:149} INFO - [2023-11-09T10:22:03.781-0300] {dag.py:3486} INFO - Setting next_dagrun for example_trigger_controller_dag to 2021-01-01T00:00:00+00:00, run_after=2021-01-01T00:00:00+00:00
[2023-11-09T10:22:03.821-0300] {processor.py:179} INFO - Processing /Users/lucasmorrone/Documents/airflow/env/lib/python3.11/site-packages/airflow/example_dags/example_trigger_controller_dag.py took 1.969 seconds
[2023-11-09T10:25:08.569-0300] {processor.py:157} INFO - Started process (PID=17033) to work on /Users/lucasmorrone/Documents/airflow/env/lib/python3.11/site-packages/airflow/example_dags/example_trigger_controller_dag.py
[2023-11-09T10:25:08.571-0300] {processor.py:826} INFO - Processing file /Users/lucasmorrone/Documents/airflow/env/lib/python3.11/site-packages/airflow/example_dags/example_trigger_controller_dag.py for tasks to queue
[2023-11-09T10:25:08.572-0300] {logging_mixin.py:149} INFO - [2023-11-09T10:25:08.572-0300] {dagbag.py:541} INFO - Filling up the DagBag from /Users/lucasmorrone/Documents/airflow/env/lib/python3.11/site-packages/airflow/example_dags/example_trigger_controller_dag.py
[2023-11-09T10:25:08.619-0300] {processor.py:836} INFO - DAG(s) dict_keys(['example_trigger_controller_dag']) retrieved from /Users/lucasmorrone/Documents/airflow/env/lib/python3.11/site-packages/airflow/example_dags/example_trigger_controller_dag.py
[2023-11-09T10:25:09.698-0300] {logging_mixin.py:149} INFO - [2023-11-09T10:25:09.697-0300] {dag.py:2726} INFO - Sync 1 DAGs
[2023-11-09T10:25:09.722-0300] {logging_mixin.py:149} INFO - [2023-11-09T10:25:09.721-0300] {dag.py:3486} INFO - Setting next_dagrun for example_trigger_controller_dag to 2021-01-01T00:00:00+00:00, run_after=2021-01-01T00:00:00+00:00
[2023-11-09T10:25:09.749-0300] {processor.py:179} INFO - Processing /Users/lucasmorrone/Documents/airflow/env/lib/python3.11/site-packages/airflow/example_dags/example_trigger_controller_dag.py took 1.182 seconds
[2023-11-09T10:27:59.431-0300] {processor.py:157} INFO - Started process (PID=17335) to work on /Users/lucasmorrone/Documents/airflow/env/lib/python3.11/site-packages/airflow/example_dags/example_trigger_controller_dag.py
[2023-11-09T10:27:59.433-0300] {processor.py:826} INFO - Processing file /Users/lucasmorrone/Documents/airflow/env/lib/python3.11/site-packages/airflow/example_dags/example_trigger_controller_dag.py for tasks to queue
[2023-11-09T10:27:59.434-0300] {logging_mixin.py:149} INFO - [2023-11-09T10:27:59.434-0300] {dagbag.py:541} INFO - Filling up the DagBag from /Users/lucasmorrone/Documents/airflow/env/lib/python3.11/site-packages/airflow/example_dags/example_trigger_controller_dag.py
[2023-11-09T10:27:59.481-0300] {processor.py:836} INFO - DAG(s) dict_keys(['example_trigger_controller_dag']) retrieved from /Users/lucasmorrone/Documents/airflow/env/lib/python3.11/site-packages/airflow/example_dags/example_trigger_controller_dag.py
[2023-11-09T10:28:03.077-0300] {logging_mixin.py:149} INFO - [2023-11-09T10:28:03.077-0300] {dag.py:2726} INFO - Sync 1 DAGs
[2023-11-09T10:28:03.140-0300] {logging_mixin.py:149} INFO - [2023-11-09T10:28:03.139-0300] {dag.py:3486} INFO - Setting next_dagrun for example_trigger_controller_dag to 2021-01-01T00:00:00+00:00, run_after=2021-01-01T00:00:00+00:00
[2023-11-09T10:28:03.242-0300] {processor.py:179} INFO - Processing /Users/lucasmorrone/Documents/airflow/env/lib/python3.11/site-packages/airflow/example_dags/example_trigger_controller_dag.py took 3.813 seconds
[2023-11-09T10:31:54.514-0300] {processor.py:157} INFO - Started process (PID=17665) to work on /Users/lucasmorrone/Documents/airflow/env/lib/python3.11/site-packages/airflow/example_dags/example_trigger_controller_dag.py
[2023-11-09T10:31:54.516-0300] {processor.py:826} INFO - Processing file /Users/lucasmorrone/Documents/airflow/env/lib/python3.11/site-packages/airflow/example_dags/example_trigger_controller_dag.py for tasks to queue
[2023-11-09T10:31:54.517-0300] {logging_mixin.py:149} INFO - [2023-11-09T10:31:54.517-0300] {dagbag.py:541} INFO - Filling up the DagBag from /Users/lucasmorrone/Documents/airflow/env/lib/python3.11/site-packages/airflow/example_dags/example_trigger_controller_dag.py
[2023-11-09T10:31:54.552-0300] {processor.py:836} INFO - DAG(s) dict_keys(['example_trigger_controller_dag']) retrieved from /Users/lucasmorrone/Documents/airflow/env/lib/python3.11/site-packages/airflow/example_dags/example_trigger_controller_dag.py
[2023-11-09T10:31:56.902-0300] {logging_mixin.py:149} INFO - [2023-11-09T10:31:56.902-0300] {dag.py:2726} INFO - Sync 1 DAGs
[2023-11-09T10:31:56.937-0300] {logging_mixin.py:149} INFO - [2023-11-09T10:31:56.937-0300] {dag.py:3486} INFO - Setting next_dagrun for example_trigger_controller_dag to 2021-01-01T00:00:00+00:00, run_after=2021-01-01T00:00:00+00:00
[2023-11-09T10:31:56.971-0300] {processor.py:179} INFO - Processing /Users/lucasmorrone/Documents/airflow/env/lib/python3.11/site-packages/airflow/example_dags/example_trigger_controller_dag.py took 2.459 seconds
