[2023-11-09T10:15:24.312-0300] {processor.py:157} INFO - Started process (PID=16410) to work on /Users/lucasmorrone/Documents/airflow/env/lib/python3.11/site-packages/airflow/example_dags/example_time_delta_sensor_async.py
[2023-11-09T10:15:24.313-0300] {processor.py:826} INFO - Processing file /Users/lucasmorrone/Documents/airflow/env/lib/python3.11/site-packages/airflow/example_dags/example_time_delta_sensor_async.py for tasks to queue
[2023-11-09T10:15:24.315-0300] {logging_mixin.py:149} INFO - [2023-11-09T10:15:24.314-0300] {dagbag.py:541} INFO - Filling up the DagBag from /Users/lucasmorrone/Documents/airflow/env/lib/python3.11/site-packages/airflow/example_dags/example_time_delta_sensor_async.py
[2023-11-09T10:15:24.346-0300] {processor.py:836} INFO - DAG(s) dict_keys(['example_time_delta_sensor_async']) retrieved from /Users/lucasmorrone/Documents/airflow/env/lib/python3.11/site-packages/airflow/example_dags/example_time_delta_sensor_async.py
[2023-11-09T10:15:25.381-0300] {logging_mixin.py:149} INFO - [2023-11-09T10:15:25.381-0300] {manager.py:504} INFO - Created Permission View: can edit on DAG:example_time_delta_sensor_async
[2023-11-09T10:15:25.390-0300] {logging_mixin.py:149} INFO - [2023-11-09T10:15:25.390-0300] {manager.py:504} INFO - Created Permission View: can read on DAG:example_time_delta_sensor_async
[2023-11-09T10:15:25.399-0300] {logging_mixin.py:149} INFO - [2023-11-09T10:15:25.398-0300] {manager.py:504} INFO - Created Permission View: can delete on DAG:example_time_delta_sensor_async
[2023-11-09T10:15:25.399-0300] {logging_mixin.py:149} INFO - [2023-11-09T10:15:25.399-0300] {dag.py:2726} INFO - Sync 1 DAGs
[2023-11-09T10:15:25.490-0300] {logging_mixin.py:149} INFO - [2023-11-09T10:15:25.490-0300] {dag.py:2747} INFO - Creating ORM DAG for example_time_delta_sensor_async
[2023-11-09T10:15:25.499-0300] {logging_mixin.py:149} INFO - [2023-11-09T10:15:25.499-0300] {dag.py:3486} INFO - Setting next_dagrun for example_time_delta_sensor_async to None, run_after=None
[2023-11-09T10:15:25.520-0300] {processor.py:179} INFO - Processing /Users/lucasmorrone/Documents/airflow/env/lib/python3.11/site-packages/airflow/example_dags/example_time_delta_sensor_async.py took 1.210 seconds
[2023-11-09T10:19:01.201-0300] {processor.py:157} INFO - Started process (PID=16661) to work on /Users/lucasmorrone/Documents/airflow/env/lib/python3.11/site-packages/airflow/example_dags/example_time_delta_sensor_async.py
[2023-11-09T10:19:01.203-0300] {processor.py:826} INFO - Processing file /Users/lucasmorrone/Documents/airflow/env/lib/python3.11/site-packages/airflow/example_dags/example_time_delta_sensor_async.py for tasks to queue
[2023-11-09T10:19:01.204-0300] {logging_mixin.py:149} INFO - [2023-11-09T10:19:01.204-0300] {dagbag.py:541} INFO - Filling up the DagBag from /Users/lucasmorrone/Documents/airflow/env/lib/python3.11/site-packages/airflow/example_dags/example_time_delta_sensor_async.py
[2023-11-09T10:19:01.238-0300] {processor.py:836} INFO - DAG(s) dict_keys(['example_time_delta_sensor_async']) retrieved from /Users/lucasmorrone/Documents/airflow/env/lib/python3.11/site-packages/airflow/example_dags/example_time_delta_sensor_async.py
[2023-11-09T10:19:02.660-0300] {logging_mixin.py:149} INFO - [2023-11-09T10:19:02.659-0300] {dag.py:2726} INFO - Sync 1 DAGs
[2023-11-09T10:19:02.692-0300] {logging_mixin.py:149} INFO - [2023-11-09T10:19:02.692-0300] {dag.py:3486} INFO - Setting next_dagrun for example_time_delta_sensor_async to None, run_after=None
[2023-11-09T10:19:02.727-0300] {processor.py:179} INFO - Processing /Users/lucasmorrone/Documents/airflow/env/lib/python3.11/site-packages/airflow/example_dags/example_time_delta_sensor_async.py took 1.528 seconds
[2023-11-09T10:22:07.178-0300] {processor.py:157} INFO - Started process (PID=16747) to work on /Users/lucasmorrone/Documents/airflow/env/lib/python3.11/site-packages/airflow/example_dags/example_time_delta_sensor_async.py
[2023-11-09T10:22:07.180-0300] {processor.py:826} INFO - Processing file /Users/lucasmorrone/Documents/airflow/env/lib/python3.11/site-packages/airflow/example_dags/example_time_delta_sensor_async.py for tasks to queue
[2023-11-09T10:22:07.181-0300] {logging_mixin.py:149} INFO - [2023-11-09T10:22:07.181-0300] {dagbag.py:541} INFO - Filling up the DagBag from /Users/lucasmorrone/Documents/airflow/env/lib/python3.11/site-packages/airflow/example_dags/example_time_delta_sensor_async.py
[2023-11-09T10:22:07.218-0300] {processor.py:836} INFO - DAG(s) dict_keys(['example_time_delta_sensor_async']) retrieved from /Users/lucasmorrone/Documents/airflow/env/lib/python3.11/site-packages/airflow/example_dags/example_time_delta_sensor_async.py
[2023-11-09T10:22:08.567-0300] {logging_mixin.py:149} INFO - [2023-11-09T10:22:08.566-0300] {dag.py:2726} INFO - Sync 1 DAGs
[2023-11-09T10:22:08.606-0300] {logging_mixin.py:149} INFO - [2023-11-09T10:22:08.606-0300] {dag.py:3486} INFO - Setting next_dagrun for example_time_delta_sensor_async to None, run_after=None
[2023-11-09T10:22:08.644-0300] {processor.py:179} INFO - Processing /Users/lucasmorrone/Documents/airflow/env/lib/python3.11/site-packages/airflow/example_dags/example_time_delta_sensor_async.py took 1.468 seconds
[2023-11-09T10:25:12.586-0300] {processor.py:157} INFO - Started process (PID=17034) to work on /Users/lucasmorrone/Documents/airflow/env/lib/python3.11/site-packages/airflow/example_dags/example_time_delta_sensor_async.py
[2023-11-09T10:25:12.587-0300] {processor.py:826} INFO - Processing file /Users/lucasmorrone/Documents/airflow/env/lib/python3.11/site-packages/airflow/example_dags/example_time_delta_sensor_async.py for tasks to queue
[2023-11-09T10:25:12.588-0300] {logging_mixin.py:149} INFO - [2023-11-09T10:25:12.588-0300] {dagbag.py:541} INFO - Filling up the DagBag from /Users/lucasmorrone/Documents/airflow/env/lib/python3.11/site-packages/airflow/example_dags/example_time_delta_sensor_async.py
[2023-11-09T10:25:12.611-0300] {processor.py:836} INFO - DAG(s) dict_keys(['example_time_delta_sensor_async']) retrieved from /Users/lucasmorrone/Documents/airflow/env/lib/python3.11/site-packages/airflow/example_dags/example_time_delta_sensor_async.py
[2023-11-09T10:28:07.754-0300] {processor.py:157} INFO - Started process (PID=17345) to work on /Users/lucasmorrone/Documents/airflow/env/lib/python3.11/site-packages/airflow/example_dags/example_time_delta_sensor_async.py
[2023-11-09T10:28:07.755-0300] {processor.py:826} INFO - Processing file /Users/lucasmorrone/Documents/airflow/env/lib/python3.11/site-packages/airflow/example_dags/example_time_delta_sensor_async.py for tasks to queue
[2023-11-09T10:28:07.756-0300] {logging_mixin.py:149} INFO - [2023-11-09T10:28:07.756-0300] {dagbag.py:541} INFO - Filling up the DagBag from /Users/lucasmorrone/Documents/airflow/env/lib/python3.11/site-packages/airflow/example_dags/example_time_delta_sensor_async.py
[2023-11-09T10:28:07.787-0300] {processor.py:836} INFO - DAG(s) dict_keys(['example_time_delta_sensor_async']) retrieved from /Users/lucasmorrone/Documents/airflow/env/lib/python3.11/site-packages/airflow/example_dags/example_time_delta_sensor_async.py
[2023-11-09T10:28:09.186-0300] {logging_mixin.py:149} INFO - [2023-11-09T10:28:09.185-0300] {dag.py:2726} INFO - Sync 1 DAGs
[2023-11-09T10:28:09.230-0300] {logging_mixin.py:149} INFO - [2023-11-09T10:28:09.230-0300] {dag.py:3486} INFO - Setting next_dagrun for example_time_delta_sensor_async to None, run_after=None
[2023-11-09T10:28:09.271-0300] {processor.py:179} INFO - Processing /Users/lucasmorrone/Documents/airflow/env/lib/python3.11/site-packages/airflow/example_dags/example_time_delta_sensor_async.py took 1.519 seconds
[2023-11-09T10:32:00.815-0300] {processor.py:157} INFO - Started process (PID=17670) to work on /Users/lucasmorrone/Documents/airflow/env/lib/python3.11/site-packages/airflow/example_dags/example_time_delta_sensor_async.py
[2023-11-09T10:32:00.819-0300] {processor.py:826} INFO - Processing file /Users/lucasmorrone/Documents/airflow/env/lib/python3.11/site-packages/airflow/example_dags/example_time_delta_sensor_async.py for tasks to queue
[2023-11-09T10:32:00.819-0300] {logging_mixin.py:149} INFO - [2023-11-09T10:32:00.819-0300] {dagbag.py:541} INFO - Filling up the DagBag from /Users/lucasmorrone/Documents/airflow/env/lib/python3.11/site-packages/airflow/example_dags/example_time_delta_sensor_async.py
[2023-11-09T10:32:00.849-0300] {processor.py:836} INFO - DAG(s) dict_keys(['example_time_delta_sensor_async']) retrieved from /Users/lucasmorrone/Documents/airflow/env/lib/python3.11/site-packages/airflow/example_dags/example_time_delta_sensor_async.py
[2023-11-09T10:32:02.530-0300] {logging_mixin.py:149} INFO - [2023-11-09T10:32:02.530-0300] {dag.py:2726} INFO - Sync 1 DAGs
[2023-11-09T10:32:02.585-0300] {logging_mixin.py:149} INFO - [2023-11-09T10:32:02.585-0300] {dag.py:3486} INFO - Setting next_dagrun for example_time_delta_sensor_async to None, run_after=None
[2023-11-09T10:32:02.629-0300] {processor.py:179} INFO - Processing /Users/lucasmorrone/Documents/airflow/env/lib/python3.11/site-packages/airflow/example_dags/example_time_delta_sensor_async.py took 1.815 seconds
