[2023-11-09T10:16:00.831-0300] {processor.py:157} INFO - Started process (PID=16432) to work on /Users/lucasmorrone/Documents/airflow/env/lib/python3.11/site-packages/airflow/example_dags/example_setup_teardown.py
[2023-11-09T10:16:00.832-0300] {processor.py:826} INFO - Processing file /Users/lucasmorrone/Documents/airflow/env/lib/python3.11/site-packages/airflow/example_dags/example_setup_teardown.py for tasks to queue
[2023-11-09T10:16:00.833-0300] {logging_mixin.py:149} INFO - [2023-11-09T10:16:00.832-0300] {dagbag.py:541} INFO - Filling up the DagBag from /Users/lucasmorrone/Documents/airflow/env/lib/python3.11/site-packages/airflow/example_dags/example_setup_teardown.py
[2023-11-09T10:16:00.837-0300] {processor.py:838} WARNING - No viable dags retrieved from /Users/lucasmorrone/Documents/airflow/env/lib/python3.11/site-packages/airflow/example_dags/example_setup_teardown.py
[2023-11-09T10:16:01.848-0300] {processor.py:179} INFO - Processing /Users/lucasmorrone/Documents/airflow/env/lib/python3.11/site-packages/airflow/example_dags/example_setup_teardown.py took 1.019 seconds
[2023-11-09T10:19:44.064-0300] {processor.py:157} INFO - Started process (PID=16679) to work on /Users/lucasmorrone/Documents/airflow/env/lib/python3.11/site-packages/airflow/example_dags/example_setup_teardown.py
[2023-11-09T10:19:44.066-0300] {processor.py:826} INFO - Processing file /Users/lucasmorrone/Documents/airflow/env/lib/python3.11/site-packages/airflow/example_dags/example_setup_teardown.py for tasks to queue
[2023-11-09T10:19:44.066-0300] {logging_mixin.py:149} INFO - [2023-11-09T10:19:44.066-0300] {dagbag.py:541} INFO - Filling up the DagBag from /Users/lucasmorrone/Documents/airflow/env/lib/python3.11/site-packages/airflow/example_dags/example_setup_teardown.py
[2023-11-09T10:19:44.071-0300] {processor.py:838} WARNING - No viable dags retrieved from /Users/lucasmorrone/Documents/airflow/env/lib/python3.11/site-packages/airflow/example_dags/example_setup_teardown.py
[2023-11-09T10:19:45.480-0300] {processor.py:179} INFO - Processing /Users/lucasmorrone/Documents/airflow/env/lib/python3.11/site-packages/airflow/example_dags/example_setup_teardown.py took 1.418 seconds
[2023-11-09T10:22:49.643-0300] {processor.py:157} INFO - Started process (PID=16764) to work on /Users/lucasmorrone/Documents/airflow/env/lib/python3.11/site-packages/airflow/example_dags/example_setup_teardown.py
[2023-11-09T10:22:49.646-0300] {processor.py:826} INFO - Processing file /Users/lucasmorrone/Documents/airflow/env/lib/python3.11/site-packages/airflow/example_dags/example_setup_teardown.py for tasks to queue
[2023-11-09T10:22:49.647-0300] {logging_mixin.py:149} INFO - [2023-11-09T10:22:49.646-0300] {dagbag.py:541} INFO - Filling up the DagBag from /Users/lucasmorrone/Documents/airflow/env/lib/python3.11/site-packages/airflow/example_dags/example_setup_teardown.py
[2023-11-09T10:22:49.663-0300] {processor.py:838} WARNING - No viable dags retrieved from /Users/lucasmorrone/Documents/airflow/env/lib/python3.11/site-packages/airflow/example_dags/example_setup_teardown.py
[2023-11-09T10:22:52.857-0300] {processor.py:179} INFO - Processing /Users/lucasmorrone/Documents/airflow/env/lib/python3.11/site-packages/airflow/example_dags/example_setup_teardown.py took 3.216 seconds
[2023-11-09T10:29:00.250-0300] {processor.py:157} INFO - Started process (PID=17367) to work on /Users/lucasmorrone/Documents/airflow/env/lib/python3.11/site-packages/airflow/example_dags/example_setup_teardown.py
[2023-11-09T10:29:00.252-0300] {processor.py:826} INFO - Processing file /Users/lucasmorrone/Documents/airflow/env/lib/python3.11/site-packages/airflow/example_dags/example_setup_teardown.py for tasks to queue
[2023-11-09T10:29:00.254-0300] {logging_mixin.py:149} INFO - [2023-11-09T10:29:00.254-0300] {dagbag.py:541} INFO - Filling up the DagBag from /Users/lucasmorrone/Documents/airflow/env/lib/python3.11/site-packages/airflow/example_dags/example_setup_teardown.py
[2023-11-09T10:29:00.259-0300] {processor.py:838} WARNING - No viable dags retrieved from /Users/lucasmorrone/Documents/airflow/env/lib/python3.11/site-packages/airflow/example_dags/example_setup_teardown.py
[2023-11-09T10:29:01.847-0300] {processor.py:179} INFO - Processing /Users/lucasmorrone/Documents/airflow/env/lib/python3.11/site-packages/airflow/example_dags/example_setup_teardown.py took 1.600 seconds
[2023-11-09T10:32:48.580-0300] {processor.py:157} INFO - Started process (PID=17877) to work on /Users/lucasmorrone/Documents/airflow/env/lib/python3.11/site-packages/airflow/example_dags/example_setup_teardown.py
[2023-11-09T10:32:48.581-0300] {processor.py:826} INFO - Processing file /Users/lucasmorrone/Documents/airflow/env/lib/python3.11/site-packages/airflow/example_dags/example_setup_teardown.py for tasks to queue
[2023-11-09T10:32:48.582-0300] {logging_mixin.py:149} INFO - [2023-11-09T10:32:48.582-0300] {dagbag.py:541} INFO - Filling up the DagBag from /Users/lucasmorrone/Documents/airflow/env/lib/python3.11/site-packages/airflow/example_dags/example_setup_teardown.py
[2023-11-09T10:32:48.586-0300] {processor.py:838} WARNING - No viable dags retrieved from /Users/lucasmorrone/Documents/airflow/env/lib/python3.11/site-packages/airflow/example_dags/example_setup_teardown.py
[2023-11-09T10:32:51.808-0300] {processor.py:179} INFO - Processing /Users/lucasmorrone/Documents/airflow/env/lib/python3.11/site-packages/airflow/example_dags/example_setup_teardown.py took 3.229 seconds
