[2023-11-09T10:15:12.079-0300] {processor.py:157} INFO - Started process (PID=16405) to work on /Users/lucasmorrone/Documents/airflow/env/lib/python3.11/site-packages/airflow/example_dags/example_xcom.py
[2023-11-09T10:15:12.081-0300] {processor.py:826} INFO - Processing file /Users/lucasmorrone/Documents/airflow/env/lib/python3.11/site-packages/airflow/example_dags/example_xcom.py for tasks to queue
[2023-11-09T10:15:12.081-0300] {logging_mixin.py:149} INFO - [2023-11-09T10:15:12.081-0300] {dagbag.py:541} INFO - Filling up the DagBag from /Users/lucasmorrone/Documents/airflow/env/lib/python3.11/site-packages/airflow/example_dags/example_xcom.py
[2023-11-09T10:15:12.163-0300] {processor.py:836} INFO - DAG(s) dict_keys(['example_xcom']) retrieved from /Users/lucasmorrone/Documents/airflow/env/lib/python3.11/site-packages/airflow/example_dags/example_xcom.py
[2023-11-09T10:15:13.455-0300] {logging_mixin.py:149} INFO - [2023-11-09T10:15:13.454-0300] {manager.py:504} INFO - Created Permission View: can delete on DAG:example_xcom
[2023-11-09T10:15:13.466-0300] {logging_mixin.py:149} INFO - [2023-11-09T10:15:13.465-0300] {manager.py:504} INFO - Created Permission View: can edit on DAG:example_xcom
[2023-11-09T10:15:13.474-0300] {logging_mixin.py:149} INFO - [2023-11-09T10:15:13.474-0300] {manager.py:504} INFO - Created Permission View: can read on DAG:example_xcom
[2023-11-09T10:15:13.475-0300] {logging_mixin.py:149} INFO - [2023-11-09T10:15:13.474-0300] {dag.py:2726} INFO - Sync 1 DAGs
[2023-11-09T10:15:13.487-0300] {logging_mixin.py:149} INFO - [2023-11-09T10:15:13.487-0300] {dag.py:2747} INFO - Creating ORM DAG for example_xcom
[2023-11-09T10:15:13.497-0300] {logging_mixin.py:149} INFO - [2023-11-09T10:15:13.497-0300] {dag.py:3486} INFO - Setting next_dagrun for example_xcom to 2021-01-01T00:00:00+00:00, run_after=2021-01-01T00:00:00+00:00
[2023-11-09T10:15:13.519-0300] {processor.py:179} INFO - Processing /Users/lucasmorrone/Documents/airflow/env/lib/python3.11/site-packages/airflow/example_dags/example_xcom.py took 1.441 seconds
[2023-11-09T10:18:41.730-0300] {processor.py:157} INFO - Started process (PID=16639) to work on /Users/lucasmorrone/Documents/airflow/env/lib/python3.11/site-packages/airflow/example_dags/example_xcom.py
[2023-11-09T10:18:41.732-0300] {processor.py:826} INFO - Processing file /Users/lucasmorrone/Documents/airflow/env/lib/python3.11/site-packages/airflow/example_dags/example_xcom.py for tasks to queue
[2023-11-09T10:18:41.733-0300] {logging_mixin.py:149} INFO - [2023-11-09T10:18:41.733-0300] {dagbag.py:541} INFO - Filling up the DagBag from /Users/lucasmorrone/Documents/airflow/env/lib/python3.11/site-packages/airflow/example_dags/example_xcom.py
[2023-11-09T10:18:41.820-0300] {processor.py:836} INFO - DAG(s) dict_keys(['example_xcom']) retrieved from /Users/lucasmorrone/Documents/airflow/env/lib/python3.11/site-packages/airflow/example_dags/example_xcom.py
[2023-11-09T10:18:43.538-0300] {logging_mixin.py:149} INFO - [2023-11-09T10:18:43.537-0300] {dag.py:2726} INFO - Sync 1 DAGs
[2023-11-09T10:18:43.586-0300] {logging_mixin.py:149} INFO - [2023-11-09T10:18:43.586-0300] {dag.py:3486} INFO - Setting next_dagrun for example_xcom to 2021-01-01T00:00:00+00:00, run_after=2021-01-01T00:00:00+00:00
[2023-11-09T10:18:43.646-0300] {processor.py:179} INFO - Processing /Users/lucasmorrone/Documents/airflow/env/lib/python3.11/site-packages/airflow/example_dags/example_xcom.py took 1.917 seconds
[2023-11-09T10:21:53.666-0300] {processor.py:157} INFO - Started process (PID=16740) to work on /Users/lucasmorrone/Documents/airflow/env/lib/python3.11/site-packages/airflow/example_dags/example_xcom.py
[2023-11-09T10:21:53.668-0300] {processor.py:826} INFO - Processing file /Users/lucasmorrone/Documents/airflow/env/lib/python3.11/site-packages/airflow/example_dags/example_xcom.py for tasks to queue
[2023-11-09T10:21:53.669-0300] {logging_mixin.py:149} INFO - [2023-11-09T10:21:53.669-0300] {dagbag.py:541} INFO - Filling up the DagBag from /Users/lucasmorrone/Documents/airflow/env/lib/python3.11/site-packages/airflow/example_dags/example_xcom.py
[2023-11-09T10:21:53.792-0300] {processor.py:836} INFO - DAG(s) dict_keys(['example_xcom']) retrieved from /Users/lucasmorrone/Documents/airflow/env/lib/python3.11/site-packages/airflow/example_dags/example_xcom.py
[2023-11-09T10:21:55.316-0300] {logging_mixin.py:149} INFO - [2023-11-09T10:21:55.315-0300] {dag.py:2726} INFO - Sync 1 DAGs
[2023-11-09T10:21:55.342-0300] {logging_mixin.py:149} INFO - [2023-11-09T10:21:55.342-0300] {dag.py:3486} INFO - Setting next_dagrun for example_xcom to 2021-01-01T00:00:00+00:00, run_after=2021-01-01T00:00:00+00:00
[2023-11-09T10:21:55.374-0300] {processor.py:179} INFO - Processing /Users/lucasmorrone/Documents/airflow/env/lib/python3.11/site-packages/airflow/example_dags/example_xcom.py took 1.709 seconds
[2023-11-09T10:25:00.090-0300] {processor.py:157} INFO - Started process (PID=17019) to work on /Users/lucasmorrone/Documents/airflow/env/lib/python3.11/site-packages/airflow/example_dags/example_xcom.py
[2023-11-09T10:25:00.092-0300] {processor.py:826} INFO - Processing file /Users/lucasmorrone/Documents/airflow/env/lib/python3.11/site-packages/airflow/example_dags/example_xcom.py for tasks to queue
[2023-11-09T10:25:00.092-0300] {logging_mixin.py:149} INFO - [2023-11-09T10:25:00.092-0300] {dagbag.py:541} INFO - Filling up the DagBag from /Users/lucasmorrone/Documents/airflow/env/lib/python3.11/site-packages/airflow/example_dags/example_xcom.py
[2023-11-09T10:25:00.199-0300] {processor.py:836} INFO - DAG(s) dict_keys(['example_xcom']) retrieved from /Users/lucasmorrone/Documents/airflow/env/lib/python3.11/site-packages/airflow/example_dags/example_xcom.py
[2023-11-09T10:25:01.281-0300] {logging_mixin.py:149} INFO - [2023-11-09T10:25:01.280-0300] {dag.py:2726} INFO - Sync 1 DAGs
[2023-11-09T10:25:01.306-0300] {logging_mixin.py:149} INFO - [2023-11-09T10:25:01.306-0300] {dag.py:3486} INFO - Setting next_dagrun for example_xcom to 2021-01-01T00:00:00+00:00, run_after=2021-01-01T00:00:00+00:00
[2023-11-09T10:25:01.342-0300] {processor.py:179} INFO - Processing /Users/lucasmorrone/Documents/airflow/env/lib/python3.11/site-packages/airflow/example_dags/example_xcom.py took 1.253 seconds
[2023-11-09T10:27:44.006-0300] {processor.py:157} INFO - Started process (PID=17302) to work on /Users/lucasmorrone/Documents/airflow/env/lib/python3.11/site-packages/airflow/example_dags/example_xcom.py
[2023-11-09T10:27:44.012-0300] {processor.py:826} INFO - Processing file /Users/lucasmorrone/Documents/airflow/env/lib/python3.11/site-packages/airflow/example_dags/example_xcom.py for tasks to queue
[2023-11-09T10:27:44.013-0300] {logging_mixin.py:149} INFO - [2023-11-09T10:27:44.013-0300] {dagbag.py:541} INFO - Filling up the DagBag from /Users/lucasmorrone/Documents/airflow/env/lib/python3.11/site-packages/airflow/example_dags/example_xcom.py
[2023-11-09T10:27:44.362-0300] {processor.py:836} INFO - DAG(s) dict_keys(['example_xcom']) retrieved from /Users/lucasmorrone/Documents/airflow/env/lib/python3.11/site-packages/airflow/example_dags/example_xcom.py
[2023-11-09T10:27:47.119-0300] {logging_mixin.py:149} INFO - [2023-11-09T10:27:47.118-0300] {dag.py:2726} INFO - Sync 1 DAGs
[2023-11-09T10:27:47.154-0300] {logging_mixin.py:149} INFO - [2023-11-09T10:27:47.153-0300] {dag.py:3486} INFO - Setting next_dagrun for example_xcom to 2021-01-01T00:00:00+00:00, run_after=2021-01-01T00:00:00+00:00
[2023-11-09T10:27:47.188-0300] {processor.py:179} INFO - Processing /Users/lucasmorrone/Documents/airflow/env/lib/python3.11/site-packages/airflow/example_dags/example_xcom.py took 3.183 seconds
[2023-11-09T10:31:41.467-0300] {processor.py:157} INFO - Started process (PID=17646) to work on /Users/lucasmorrone/Documents/airflow/env/lib/python3.11/site-packages/airflow/example_dags/example_xcom.py
[2023-11-09T10:31:41.469-0300] {processor.py:826} INFO - Processing file /Users/lucasmorrone/Documents/airflow/env/lib/python3.11/site-packages/airflow/example_dags/example_xcom.py for tasks to queue
[2023-11-09T10:31:41.470-0300] {logging_mixin.py:149} INFO - [2023-11-09T10:31:41.470-0300] {dagbag.py:541} INFO - Filling up the DagBag from /Users/lucasmorrone/Documents/airflow/env/lib/python3.11/site-packages/airflow/example_dags/example_xcom.py
[2023-11-09T10:31:41.669-0300] {processor.py:836} INFO - DAG(s) dict_keys(['example_xcom']) retrieved from /Users/lucasmorrone/Documents/airflow/env/lib/python3.11/site-packages/airflow/example_dags/example_xcom.py
[2023-11-09T10:31:43.582-0300] {logging_mixin.py:149} INFO - [2023-11-09T10:31:43.582-0300] {dag.py:2726} INFO - Sync 1 DAGs
[2023-11-09T10:31:43.607-0300] {logging_mixin.py:149} INFO - [2023-11-09T10:31:43.607-0300] {dag.py:3486} INFO - Setting next_dagrun for example_xcom to 2021-01-01T00:00:00+00:00, run_after=2021-01-01T00:00:00+00:00
[2023-11-09T10:31:43.662-0300] {processor.py:179} INFO - Processing /Users/lucasmorrone/Documents/airflow/env/lib/python3.11/site-packages/airflow/example_dags/example_xcom.py took 2.197 seconds
