[2023-11-09T10:15:44.546-0300] {processor.py:157} INFO - Started process (PID=16416) to work on /Users/lucasmorrone/Documents/airflow/env/lib/python3.11/site-packages/airflow/example_dags/example_skip_dag.py
[2023-11-09T10:15:44.548-0300] {processor.py:826} INFO - Processing file /Users/lucasmorrone/Documents/airflow/env/lib/python3.11/site-packages/airflow/example_dags/example_skip_dag.py for tasks to queue
[2023-11-09T10:15:44.549-0300] {logging_mixin.py:149} INFO - [2023-11-09T10:15:44.549-0300] {dagbag.py:541} INFO - Filling up the DagBag from /Users/lucasmorrone/Documents/airflow/env/lib/python3.11/site-packages/airflow/example_dags/example_skip_dag.py
[2023-11-09T10:15:44.591-0300] {processor.py:836} INFO - DAG(s) dict_keys(['example_skip_dag']) retrieved from /Users/lucasmorrone/Documents/airflow/env/lib/python3.11/site-packages/airflow/example_dags/example_skip_dag.py
[2023-11-09T10:15:45.656-0300] {logging_mixin.py:149} INFO - [2023-11-09T10:15:45.655-0300] {manager.py:504} INFO - Created Permission View: can delete on DAG:example_skip_dag
[2023-11-09T10:15:45.670-0300] {logging_mixin.py:149} INFO - [2023-11-09T10:15:45.669-0300] {manager.py:504} INFO - Created Permission View: can read on DAG:example_skip_dag
[2023-11-09T10:15:45.678-0300] {logging_mixin.py:149} INFO - [2023-11-09T10:15:45.677-0300] {manager.py:504} INFO - Created Permission View: can edit on DAG:example_skip_dag
[2023-11-09T10:15:45.678-0300] {logging_mixin.py:149} INFO - [2023-11-09T10:15:45.678-0300] {dag.py:2726} INFO - Sync 1 DAGs
[2023-11-09T10:15:45.771-0300] {logging_mixin.py:149} INFO - [2023-11-09T10:15:45.770-0300] {dag.py:2747} INFO - Creating ORM DAG for example_skip_dag
[2023-11-09T10:15:45.781-0300] {logging_mixin.py:149} INFO - [2023-11-09T10:15:45.781-0300] {dag.py:3486} INFO - Setting next_dagrun for example_skip_dag to 2023-11-08T13:15:45.780947+00:00, run_after=2023-11-09T13:15:45.780947+00:00
[2023-11-09T10:15:45.806-0300] {processor.py:179} INFO - Processing /Users/lucasmorrone/Documents/airflow/env/lib/python3.11/site-packages/airflow/example_dags/example_skip_dag.py took 1.262 seconds
[2023-11-09T10:19:25.263-0300] {processor.py:157} INFO - Started process (PID=16672) to work on /Users/lucasmorrone/Documents/airflow/env/lib/python3.11/site-packages/airflow/example_dags/example_skip_dag.py
[2023-11-09T10:19:25.266-0300] {processor.py:826} INFO - Processing file /Users/lucasmorrone/Documents/airflow/env/lib/python3.11/site-packages/airflow/example_dags/example_skip_dag.py for tasks to queue
[2023-11-09T10:19:25.266-0300] {logging_mixin.py:149} INFO - [2023-11-09T10:19:25.266-0300] {dagbag.py:541} INFO - Filling up the DagBag from /Users/lucasmorrone/Documents/airflow/env/lib/python3.11/site-packages/airflow/example_dags/example_skip_dag.py
[2023-11-09T10:19:25.313-0300] {processor.py:836} INFO - DAG(s) dict_keys(['example_skip_dag']) retrieved from /Users/lucasmorrone/Documents/airflow/env/lib/python3.11/site-packages/airflow/example_dags/example_skip_dag.py
[2023-11-09T10:19:26.546-0300] {logging_mixin.py:149} INFO - [2023-11-09T10:19:26.545-0300] {dag.py:2726} INFO - Sync 1 DAGs
[2023-11-09T10:19:26.588-0300] {logging_mixin.py:149} INFO - [2023-11-09T10:19:26.587-0300] {dag.py:3486} INFO - Setting next_dagrun for example_skip_dag to 2023-11-08T13:19:26.587502+00:00, run_after=2023-11-09T13:19:26.587502+00:00
[2023-11-09T10:19:26.616-0300] {processor.py:179} INFO - Processing /Users/lucasmorrone/Documents/airflow/env/lib/python3.11/site-packages/airflow/example_dags/example_skip_dag.py took 1.355 seconds
[2023-11-09T10:22:32.373-0300] {processor.py:157} INFO - Started process (PID=16755) to work on /Users/lucasmorrone/Documents/airflow/env/lib/python3.11/site-packages/airflow/example_dags/example_skip_dag.py
[2023-11-09T10:22:32.374-0300] {processor.py:826} INFO - Processing file /Users/lucasmorrone/Documents/airflow/env/lib/python3.11/site-packages/airflow/example_dags/example_skip_dag.py for tasks to queue
[2023-11-09T10:22:32.375-0300] {logging_mixin.py:149} INFO - [2023-11-09T10:22:32.375-0300] {dagbag.py:541} INFO - Filling up the DagBag from /Users/lucasmorrone/Documents/airflow/env/lib/python3.11/site-packages/airflow/example_dags/example_skip_dag.py
[2023-11-09T10:22:32.411-0300] {processor.py:836} INFO - DAG(s) dict_keys(['example_skip_dag']) retrieved from /Users/lucasmorrone/Documents/airflow/env/lib/python3.11/site-packages/airflow/example_dags/example_skip_dag.py
[2023-11-09T10:22:33.601-0300] {logging_mixin.py:149} INFO - [2023-11-09T10:22:33.600-0300] {dag.py:2726} INFO - Sync 1 DAGs
[2023-11-09T10:22:33.646-0300] {logging_mixin.py:149} INFO - [2023-11-09T10:22:33.646-0300] {dag.py:3486} INFO - Setting next_dagrun for example_skip_dag to 2023-11-08T13:22:33.646146+00:00, run_after=2023-11-09T13:22:33.646146+00:00
[2023-11-09T10:22:33.694-0300] {processor.py:179} INFO - Processing /Users/lucasmorrone/Documents/airflow/env/lib/python3.11/site-packages/airflow/example_dags/example_skip_dag.py took 1.323 seconds
[2023-11-09T10:28:30.770-0300] {processor.py:157} INFO - Started process (PID=17352) to work on /Users/lucasmorrone/Documents/airflow/env/lib/python3.11/site-packages/airflow/example_dags/example_skip_dag.py
[2023-11-09T10:28:30.771-0300] {processor.py:826} INFO - Processing file /Users/lucasmorrone/Documents/airflow/env/lib/python3.11/site-packages/airflow/example_dags/example_skip_dag.py for tasks to queue
[2023-11-09T10:28:30.772-0300] {logging_mixin.py:149} INFO - [2023-11-09T10:28:30.772-0300] {dagbag.py:541} INFO - Filling up the DagBag from /Users/lucasmorrone/Documents/airflow/env/lib/python3.11/site-packages/airflow/example_dags/example_skip_dag.py
[2023-11-09T10:28:30.797-0300] {processor.py:836} INFO - DAG(s) dict_keys(['example_skip_dag']) retrieved from /Users/lucasmorrone/Documents/airflow/env/lib/python3.11/site-packages/airflow/example_dags/example_skip_dag.py
[2023-11-09T10:28:32.470-0300] {logging_mixin.py:149} INFO - [2023-11-09T10:28:32.468-0300] {dag.py:2726} INFO - Sync 1 DAGs
[2023-11-09T10:28:32.547-0300] {logging_mixin.py:149} INFO - [2023-11-09T10:28:32.546-0300] {dag.py:3486} INFO - Setting next_dagrun for example_skip_dag to 2023-11-08T13:28:32.546398+00:00, run_after=2023-11-09T13:28:32.546398+00:00
[2023-11-09T10:28:32.612-0300] {processor.py:179} INFO - Processing /Users/lucasmorrone/Documents/airflow/env/lib/python3.11/site-packages/airflow/example_dags/example_skip_dag.py took 1.844 seconds
[2023-11-09T10:32:30.431-0300] {processor.py:157} INFO - Started process (PID=17680) to work on /Users/lucasmorrone/Documents/airflow/env/lib/python3.11/site-packages/airflow/example_dags/example_skip_dag.py
[2023-11-09T10:32:30.434-0300] {processor.py:826} INFO - Processing file /Users/lucasmorrone/Documents/airflow/env/lib/python3.11/site-packages/airflow/example_dags/example_skip_dag.py for tasks to queue
[2023-11-09T10:32:30.435-0300] {logging_mixin.py:149} INFO - [2023-11-09T10:32:30.435-0300] {dagbag.py:541} INFO - Filling up the DagBag from /Users/lucasmorrone/Documents/airflow/env/lib/python3.11/site-packages/airflow/example_dags/example_skip_dag.py
[2023-11-09T10:32:30.458-0300] {processor.py:836} INFO - DAG(s) dict_keys(['example_skip_dag']) retrieved from /Users/lucasmorrone/Documents/airflow/env/lib/python3.11/site-packages/airflow/example_dags/example_skip_dag.py
[2023-11-09T10:32:31.973-0300] {logging_mixin.py:149} INFO - [2023-11-09T10:32:31.972-0300] {dag.py:2726} INFO - Sync 1 DAGs
[2023-11-09T10:32:32.015-0300] {logging_mixin.py:149} INFO - [2023-11-09T10:32:32.014-0300] {dag.py:3486} INFO - Setting next_dagrun for example_skip_dag to 2023-11-08T13:32:32.014418+00:00, run_after=2023-11-09T13:32:32.014418+00:00
[2023-11-09T10:32:32.083-0300] {processor.py:179} INFO - Processing /Users/lucasmorrone/Documents/airflow/env/lib/python3.11/site-packages/airflow/example_dags/example_skip_dag.py took 1.654 seconds
