[2023-11-09T10:17:15.358-0300] {processor.py:157} INFO - Started process (PID=16528) to work on /Users/lucasmorrone/Documents/airflow/env/lib/python3.11/site-packages/airflow/example_dags/example_dag_decorator.py
[2023-11-09T10:17:15.360-0300] {processor.py:826} INFO - Processing file /Users/lucasmorrone/Documents/airflow/env/lib/python3.11/site-packages/airflow/example_dags/example_dag_decorator.py for tasks to queue
[2023-11-09T10:17:15.361-0300] {logging_mixin.py:149} INFO - [2023-11-09T10:17:15.361-0300] {dagbag.py:541} INFO - Filling up the DagBag from /Users/lucasmorrone/Documents/airflow/env/lib/python3.11/site-packages/airflow/example_dags/example_dag_decorator.py
[2023-11-09T10:17:15.990-0300] {logging_mixin.py:149} INFO - [2023-11-09T10:17:15.989-0300] {taskmixin.py:211} WARNING - Dependency <Task(_PythonDecoratedOperator): prepare_email>, send_email already registered for DAG: example_dag_decorator
[2023-11-09T10:17:15.990-0300] {logging_mixin.py:149} INFO - [2023-11-09T10:17:15.990-0300] {taskmixin.py:211} WARNING - Dependency <Task(EmailOperator): send_email>, prepare_email already registered for DAG: example_dag_decorator
[2023-11-09T10:17:16.112-0300] {processor.py:836} INFO - DAG(s) dict_keys(['example_dag_decorator']) retrieved from /Users/lucasmorrone/Documents/airflow/env/lib/python3.11/site-packages/airflow/example_dags/example_dag_decorator.py
[2023-11-09T10:17:17.013-0300] {logging_mixin.py:149} INFO - [2023-11-09T10:17:17.012-0300] {manager.py:504} INFO - Created Permission View: can edit on DAG:example_dag_decorator
[2023-11-09T10:17:17.029-0300] {logging_mixin.py:149} INFO - [2023-11-09T10:17:17.029-0300] {manager.py:504} INFO - Created Permission View: can read on DAG:example_dag_decorator
[2023-11-09T10:17:17.041-0300] {logging_mixin.py:149} INFO - [2023-11-09T10:17:17.040-0300] {manager.py:504} INFO - Created Permission View: can delete on DAG:example_dag_decorator
[2023-11-09T10:17:17.041-0300] {logging_mixin.py:149} INFO - [2023-11-09T10:17:17.041-0300] {dag.py:2726} INFO - Sync 1 DAGs
[2023-11-09T10:17:17.059-0300] {logging_mixin.py:149} INFO - [2023-11-09T10:17:17.059-0300] {dag.py:2747} INFO - Creating ORM DAG for example_dag_decorator
[2023-11-09T10:17:17.076-0300] {logging_mixin.py:149} INFO - [2023-11-09T10:17:17.076-0300] {dag.py:3486} INFO - Setting next_dagrun for example_dag_decorator to None, run_after=None
[2023-11-09T10:17:17.101-0300] {processor.py:179} INFO - Processing /Users/lucasmorrone/Documents/airflow/env/lib/python3.11/site-packages/airflow/example_dags/example_dag_decorator.py took 1.745 seconds
[2023-11-09T10:20:59.933-0300] {processor.py:157} INFO - Started process (PID=16722) to work on /Users/lucasmorrone/Documents/airflow/env/lib/python3.11/site-packages/airflow/example_dags/example_dag_decorator.py
[2023-11-09T10:20:59.935-0300] {processor.py:826} INFO - Processing file /Users/lucasmorrone/Documents/airflow/env/lib/python3.11/site-packages/airflow/example_dags/example_dag_decorator.py for tasks to queue
[2023-11-09T10:20:59.937-0300] {logging_mixin.py:149} INFO - [2023-11-09T10:20:59.937-0300] {dagbag.py:541} INFO - Filling up the DagBag from /Users/lucasmorrone/Documents/airflow/env/lib/python3.11/site-packages/airflow/example_dags/example_dag_decorator.py
[2023-11-09T10:21:01.013-0300] {logging_mixin.py:149} INFO - [2023-11-09T10:21:01.012-0300] {taskmixin.py:211} WARNING - Dependency <Task(_PythonDecoratedOperator): prepare_email>, send_email already registered for DAG: example_dag_decorator
[2023-11-09T10:21:01.013-0300] {logging_mixin.py:149} INFO - [2023-11-09T10:21:01.013-0300] {taskmixin.py:211} WARNING - Dependency <Task(EmailOperator): send_email>, prepare_email already registered for DAG: example_dag_decorator
[2023-11-09T10:21:01.212-0300] {processor.py:836} INFO - DAG(s) dict_keys(['example_dag_decorator']) retrieved from /Users/lucasmorrone/Documents/airflow/env/lib/python3.11/site-packages/airflow/example_dags/example_dag_decorator.py
[2023-11-09T10:21:03.705-0300] {logging_mixin.py:149} INFO - [2023-11-09T10:21:03.705-0300] {dag.py:2726} INFO - Sync 1 DAGs
[2023-11-09T10:21:03.750-0300] {logging_mixin.py:149} INFO - [2023-11-09T10:21:03.749-0300] {dag.py:3486} INFO - Setting next_dagrun for example_dag_decorator to None, run_after=None
[2023-11-09T10:21:03.934-0300] {processor.py:179} INFO - Processing /Users/lucasmorrone/Documents/airflow/env/lib/python3.11/site-packages/airflow/example_dags/example_dag_decorator.py took 4.004 seconds
[2023-11-09T10:30:20.052-0300] {processor.py:157} INFO - Started process (PID=17412) to work on /Users/lucasmorrone/Documents/airflow/env/lib/python3.11/site-packages/airflow/example_dags/example_dag_decorator.py
[2023-11-09T10:30:20.054-0300] {processor.py:826} INFO - Processing file /Users/lucasmorrone/Documents/airflow/env/lib/python3.11/site-packages/airflow/example_dags/example_dag_decorator.py for tasks to queue
[2023-11-09T10:30:20.056-0300] {logging_mixin.py:149} INFO - [2023-11-09T10:30:20.055-0300] {dagbag.py:541} INFO - Filling up the DagBag from /Users/lucasmorrone/Documents/airflow/env/lib/python3.11/site-packages/airflow/example_dags/example_dag_decorator.py
[2023-11-09T10:30:20.558-0300] {logging_mixin.py:149} INFO - [2023-11-09T10:30:20.558-0300] {taskmixin.py:211} WARNING - Dependency <Task(_PythonDecoratedOperator): prepare_email>, send_email already registered for DAG: example_dag_decorator
[2023-11-09T10:30:20.559-0300] {logging_mixin.py:149} INFO - [2023-11-09T10:30:20.559-0300] {taskmixin.py:211} WARNING - Dependency <Task(EmailOperator): send_email>, prepare_email already registered for DAG: example_dag_decorator
[2023-11-09T10:30:20.648-0300] {processor.py:836} INFO - DAG(s) dict_keys(['example_dag_decorator']) retrieved from /Users/lucasmorrone/Documents/airflow/env/lib/python3.11/site-packages/airflow/example_dags/example_dag_decorator.py
[2023-11-09T10:30:21.808-0300] {logging_mixin.py:149} INFO - [2023-11-09T10:30:21.808-0300] {dag.py:2726} INFO - Sync 1 DAGs
[2023-11-09T10:30:21.835-0300] {logging_mixin.py:149} INFO - [2023-11-09T10:30:21.835-0300] {dag.py:3486} INFO - Setting next_dagrun for example_dag_decorator to None, run_after=None
[2023-11-09T10:30:21.966-0300] {processor.py:179} INFO - Processing /Users/lucasmorrone/Documents/airflow/env/lib/python3.11/site-packages/airflow/example_dags/example_dag_decorator.py took 1.916 seconds
[2023-11-09T10:34:13.800-0300] {processor.py:157} INFO - Started process (PID=17901) to work on /Users/lucasmorrone/Documents/airflow/env/lib/python3.11/site-packages/airflow/example_dags/example_dag_decorator.py
[2023-11-09T10:34:13.803-0300] {processor.py:826} INFO - Processing file /Users/lucasmorrone/Documents/airflow/env/lib/python3.11/site-packages/airflow/example_dags/example_dag_decorator.py for tasks to queue
[2023-11-09T10:34:13.804-0300] {logging_mixin.py:149} INFO - [2023-11-09T10:34:13.804-0300] {dagbag.py:541} INFO - Filling up the DagBag from /Users/lucasmorrone/Documents/airflow/env/lib/python3.11/site-packages/airflow/example_dags/example_dag_decorator.py
[2023-11-09T10:34:14.119-0300] {logging_mixin.py:149} INFO - [2023-11-09T10:34:14.119-0300] {taskmixin.py:211} WARNING - Dependency <Task(_PythonDecoratedOperator): prepare_email>, send_email already registered for DAG: example_dag_decorator
[2023-11-09T10:34:14.119-0300] {logging_mixin.py:149} INFO - [2023-11-09T10:34:14.119-0300] {taskmixin.py:211} WARNING - Dependency <Task(EmailOperator): send_email>, prepare_email already registered for DAG: example_dag_decorator
[2023-11-09T10:34:14.187-0300] {processor.py:836} INFO - DAG(s) dict_keys(['example_dag_decorator']) retrieved from /Users/lucasmorrone/Documents/airflow/env/lib/python3.11/site-packages/airflow/example_dags/example_dag_decorator.py
[2023-11-09T10:34:14.971-0300] {logging_mixin.py:149} INFO - [2023-11-09T10:34:14.970-0300] {dag.py:2726} INFO - Sync 1 DAGs
[2023-11-09T10:34:14.991-0300] {logging_mixin.py:149} INFO - [2023-11-09T10:34:14.991-0300] {dag.py:3486} INFO - Setting next_dagrun for example_dag_decorator to None, run_after=None
[2023-11-09T10:34:15.096-0300] {processor.py:179} INFO - Processing /Users/lucasmorrone/Documents/airflow/env/lib/python3.11/site-packages/airflow/example_dags/example_dag_decorator.py took 1.297 seconds
