[2023-11-09T10:17:19.357-0300] {processor.py:157} INFO - Started process (PID=16537) to work on /Users/lucasmorrone/Documents/airflow/env/lib/python3.11/site-packages/airflow/example_dags/example_complex.py
[2023-11-09T10:17:19.358-0300] {processor.py:826} INFO - Processing file /Users/lucasmorrone/Documents/airflow/env/lib/python3.11/site-packages/airflow/example_dags/example_complex.py for tasks to queue
[2023-11-09T10:17:19.359-0300] {logging_mixin.py:149} INFO - [2023-11-09T10:17:19.359-0300] {dagbag.py:541} INFO - Filling up the DagBag from /Users/lucasmorrone/Documents/airflow/env/lib/python3.11/site-packages/airflow/example_dags/example_complex.py
[2023-11-09T10:17:19.385-0300] {logging_mixin.py:149} INFO - [2023-11-09T10:17:19.385-0300] {taskmixin.py:211} WARNING - Dependency <Task(BashOperator): create_entry_group>, delete_entry_group already registered for DAG: example_complex
[2023-11-09T10:17:19.386-0300] {logging_mixin.py:149} INFO - [2023-11-09T10:17:19.386-0300] {taskmixin.py:211} WARNING - Dependency <Task(BashOperator): delete_entry_group>, create_entry_group already registered for DAG: example_complex
[2023-11-09T10:17:19.387-0300] {logging_mixin.py:149} INFO - [2023-11-09T10:17:19.386-0300] {taskmixin.py:211} WARNING - Dependency <Task(BashOperator): create_entry_gcs>, delete_entry already registered for DAG: example_complex
[2023-11-09T10:17:19.387-0300] {logging_mixin.py:149} INFO - [2023-11-09T10:17:19.387-0300] {taskmixin.py:211} WARNING - Dependency <Task(BashOperator): delete_entry>, create_entry_gcs already registered for DAG: example_complex
[2023-11-09T10:17:19.388-0300] {logging_mixin.py:149} INFO - [2023-11-09T10:17:19.387-0300] {taskmixin.py:211} WARNING - Dependency <Task(BashOperator): create_tag>, delete_tag already registered for DAG: example_complex
[2023-11-09T10:17:19.388-0300] {logging_mixin.py:149} INFO - [2023-11-09T10:17:19.388-0300] {taskmixin.py:211} WARNING - Dependency <Task(BashOperator): delete_tag>, create_tag already registered for DAG: example_complex
[2023-11-09T10:17:19.424-0300] {processor.py:836} INFO - DAG(s) dict_keys(['example_complex']) retrieved from /Users/lucasmorrone/Documents/airflow/env/lib/python3.11/site-packages/airflow/example_dags/example_complex.py
[2023-11-09T10:17:20.761-0300] {logging_mixin.py:149} INFO - [2023-11-09T10:17:20.760-0300] {manager.py:504} INFO - Created Permission View: can edit on DAG:example_complex
[2023-11-09T10:17:20.771-0300] {logging_mixin.py:149} INFO - [2023-11-09T10:17:20.771-0300] {manager.py:504} INFO - Created Permission View: can read on DAG:example_complex
[2023-11-09T10:17:20.782-0300] {logging_mixin.py:149} INFO - [2023-11-09T10:17:20.782-0300] {manager.py:504} INFO - Created Permission View: can delete on DAG:example_complex
[2023-11-09T10:17:20.783-0300] {logging_mixin.py:149} INFO - [2023-11-09T10:17:20.782-0300] {dag.py:2726} INFO - Sync 1 DAGs
[2023-11-09T10:17:20.901-0300] {logging_mixin.py:149} INFO - [2023-11-09T10:17:20.900-0300] {dag.py:2747} INFO - Creating ORM DAG for example_complex
[2023-11-09T10:17:20.915-0300] {logging_mixin.py:149} INFO - [2023-11-09T10:17:20.915-0300] {dag.py:3486} INFO - Setting next_dagrun for example_complex to None, run_after=None
[2023-11-09T10:17:20.945-0300] {processor.py:179} INFO - Processing /Users/lucasmorrone/Documents/airflow/env/lib/python3.11/site-packages/airflow/example_dags/example_complex.py took 1.590 seconds
[2023-11-09T10:21:08.007-0300] {processor.py:157} INFO - Started process (PID=16725) to work on /Users/lucasmorrone/Documents/airflow/env/lib/python3.11/site-packages/airflow/example_dags/example_complex.py
[2023-11-09T10:21:08.009-0300] {processor.py:826} INFO - Processing file /Users/lucasmorrone/Documents/airflow/env/lib/python3.11/site-packages/airflow/example_dags/example_complex.py for tasks to queue
[2023-11-09T10:21:08.010-0300] {logging_mixin.py:149} INFO - [2023-11-09T10:21:08.010-0300] {dagbag.py:541} INFO - Filling up the DagBag from /Users/lucasmorrone/Documents/airflow/env/lib/python3.11/site-packages/airflow/example_dags/example_complex.py
[2023-11-09T10:21:08.029-0300] {logging_mixin.py:149} INFO - [2023-11-09T10:21:08.029-0300] {taskmixin.py:211} WARNING - Dependency <Task(BashOperator): create_entry_group>, delete_entry_group already registered for DAG: example_complex
[2023-11-09T10:21:08.030-0300] {logging_mixin.py:149} INFO - [2023-11-09T10:21:08.029-0300] {taskmixin.py:211} WARNING - Dependency <Task(BashOperator): delete_entry_group>, create_entry_group already registered for DAG: example_complex
[2023-11-09T10:21:08.030-0300] {logging_mixin.py:149} INFO - [2023-11-09T10:21:08.030-0300] {taskmixin.py:211} WARNING - Dependency <Task(BashOperator): create_entry_gcs>, delete_entry already registered for DAG: example_complex
[2023-11-09T10:21:08.031-0300] {logging_mixin.py:149} INFO - [2023-11-09T10:21:08.031-0300] {taskmixin.py:211} WARNING - Dependency <Task(BashOperator): delete_entry>, create_entry_gcs already registered for DAG: example_complex
[2023-11-09T10:21:08.031-0300] {logging_mixin.py:149} INFO - [2023-11-09T10:21:08.031-0300] {taskmixin.py:211} WARNING - Dependency <Task(BashOperator): create_tag>, delete_tag already registered for DAG: example_complex
[2023-11-09T10:21:08.032-0300] {logging_mixin.py:149} INFO - [2023-11-09T10:21:08.031-0300] {taskmixin.py:211} WARNING - Dependency <Task(BashOperator): delete_tag>, create_tag already registered for DAG: example_complex
[2023-11-09T10:21:08.069-0300] {processor.py:836} INFO - DAG(s) dict_keys(['example_complex']) retrieved from /Users/lucasmorrone/Documents/airflow/env/lib/python3.11/site-packages/airflow/example_dags/example_complex.py
[2023-11-09T10:21:09.275-0300] {logging_mixin.py:149} INFO - [2023-11-09T10:21:09.275-0300] {dag.py:2726} INFO - Sync 1 DAGs
[2023-11-09T10:21:09.319-0300] {logging_mixin.py:149} INFO - [2023-11-09T10:21:09.319-0300] {dag.py:3486} INFO - Setting next_dagrun for example_complex to None, run_after=None
[2023-11-09T10:21:09.356-0300] {processor.py:179} INFO - Processing /Users/lucasmorrone/Documents/airflow/env/lib/python3.11/site-packages/airflow/example_dags/example_complex.py took 1.351 seconds
[2023-11-09T10:30:25.086-0300] {processor.py:157} INFO - Started process (PID=17413) to work on /Users/lucasmorrone/Documents/airflow/env/lib/python3.11/site-packages/airflow/example_dags/example_complex.py
[2023-11-09T10:30:25.088-0300] {processor.py:826} INFO - Processing file /Users/lucasmorrone/Documents/airflow/env/lib/python3.11/site-packages/airflow/example_dags/example_complex.py for tasks to queue
[2023-11-09T10:30:25.089-0300] {logging_mixin.py:149} INFO - [2023-11-09T10:30:25.088-0300] {dagbag.py:541} INFO - Filling up the DagBag from /Users/lucasmorrone/Documents/airflow/env/lib/python3.11/site-packages/airflow/example_dags/example_complex.py
[2023-11-09T10:30:25.105-0300] {logging_mixin.py:149} INFO - [2023-11-09T10:30:25.105-0300] {taskmixin.py:211} WARNING - Dependency <Task(BashOperator): create_entry_group>, delete_entry_group already registered for DAG: example_complex
[2023-11-09T10:30:25.106-0300] {logging_mixin.py:149} INFO - [2023-11-09T10:30:25.106-0300] {taskmixin.py:211} WARNING - Dependency <Task(BashOperator): delete_entry_group>, create_entry_group already registered for DAG: example_complex
[2023-11-09T10:30:25.107-0300] {logging_mixin.py:149} INFO - [2023-11-09T10:30:25.107-0300] {taskmixin.py:211} WARNING - Dependency <Task(BashOperator): create_entry_gcs>, delete_entry already registered for DAG: example_complex
[2023-11-09T10:30:25.107-0300] {logging_mixin.py:149} INFO - [2023-11-09T10:30:25.107-0300] {taskmixin.py:211} WARNING - Dependency <Task(BashOperator): delete_entry>, create_entry_gcs already registered for DAG: example_complex
[2023-11-09T10:30:25.108-0300] {logging_mixin.py:149} INFO - [2023-11-09T10:30:25.108-0300] {taskmixin.py:211} WARNING - Dependency <Task(BashOperator): create_tag>, delete_tag already registered for DAG: example_complex
[2023-11-09T10:30:25.108-0300] {logging_mixin.py:149} INFO - [2023-11-09T10:30:25.108-0300] {taskmixin.py:211} WARNING - Dependency <Task(BashOperator): delete_tag>, create_tag already registered for DAG: example_complex
[2023-11-09T10:30:25.132-0300] {processor.py:836} INFO - DAG(s) dict_keys(['example_complex']) retrieved from /Users/lucasmorrone/Documents/airflow/env/lib/python3.11/site-packages/airflow/example_dags/example_complex.py
[2023-11-09T10:30:26.550-0300] {logging_mixin.py:149} INFO - [2023-11-09T10:30:26.549-0300] {dag.py:2726} INFO - Sync 1 DAGs
[2023-11-09T10:30:26.583-0300] {logging_mixin.py:149} INFO - [2023-11-09T10:30:26.583-0300] {dag.py:3486} INFO - Setting next_dagrun for example_complex to None, run_after=None
[2023-11-09T10:30:26.624-0300] {processor.py:179} INFO - Processing /Users/lucasmorrone/Documents/airflow/env/lib/python3.11/site-packages/airflow/example_dags/example_complex.py took 1.539 seconds
[2023-11-09T10:34:17.985-0300] {processor.py:157} INFO - Started process (PID=17902) to work on /Users/lucasmorrone/Documents/airflow/env/lib/python3.11/site-packages/airflow/example_dags/example_complex.py
[2023-11-09T10:34:17.989-0300] {processor.py:826} INFO - Processing file /Users/lucasmorrone/Documents/airflow/env/lib/python3.11/site-packages/airflow/example_dags/example_complex.py for tasks to queue
[2023-11-09T10:34:17.990-0300] {logging_mixin.py:149} INFO - [2023-11-09T10:34:17.990-0300] {dagbag.py:541} INFO - Filling up the DagBag from /Users/lucasmorrone/Documents/airflow/env/lib/python3.11/site-packages/airflow/example_dags/example_complex.py
[2023-11-09T10:34:18.014-0300] {logging_mixin.py:149} INFO - [2023-11-09T10:34:18.014-0300] {taskmixin.py:211} WARNING - Dependency <Task(BashOperator): create_entry_group>, delete_entry_group already registered for DAG: example_complex
[2023-11-09T10:34:18.015-0300] {logging_mixin.py:149} INFO - [2023-11-09T10:34:18.014-0300] {taskmixin.py:211} WARNING - Dependency <Task(BashOperator): delete_entry_group>, create_entry_group already registered for DAG: example_complex
[2023-11-09T10:34:18.015-0300] {logging_mixin.py:149} INFO - [2023-11-09T10:34:18.015-0300] {taskmixin.py:211} WARNING - Dependency <Task(BashOperator): create_entry_gcs>, delete_entry already registered for DAG: example_complex
[2023-11-09T10:34:18.015-0300] {logging_mixin.py:149} INFO - [2023-11-09T10:34:18.015-0300] {taskmixin.py:211} WARNING - Dependency <Task(BashOperator): delete_entry>, create_entry_gcs already registered for DAG: example_complex
[2023-11-09T10:34:18.016-0300] {logging_mixin.py:149} INFO - [2023-11-09T10:34:18.016-0300] {taskmixin.py:211} WARNING - Dependency <Task(BashOperator): create_tag>, delete_tag already registered for DAG: example_complex
[2023-11-09T10:34:18.016-0300] {logging_mixin.py:149} INFO - [2023-11-09T10:34:18.016-0300] {taskmixin.py:211} WARNING - Dependency <Task(BashOperator): delete_tag>, create_tag already registered for DAG: example_complex
[2023-11-09T10:34:18.039-0300] {processor.py:836} INFO - DAG(s) dict_keys(['example_complex']) retrieved from /Users/lucasmorrone/Documents/airflow/env/lib/python3.11/site-packages/airflow/example_dags/example_complex.py
[2023-11-09T10:34:19.959-0300] {logging_mixin.py:149} INFO - [2023-11-09T10:34:19.958-0300] {dag.py:2726} INFO - Sync 1 DAGs
[2023-11-09T10:34:20.001-0300] {logging_mixin.py:149} INFO - [2023-11-09T10:34:20.001-0300] {dag.py:3486} INFO - Setting next_dagrun for example_complex to None, run_after=None
[2023-11-09T10:34:20.036-0300] {processor.py:179} INFO - Processing /Users/lucasmorrone/Documents/airflow/env/lib/python3.11/site-packages/airflow/example_dags/example_complex.py took 2.053 seconds
