[2023-11-09T10:15:52.569-0300] {processor.py:157} INFO - Started process (PID=16421) to work on /Users/lucasmorrone/Documents/airflow/env/lib/python3.11/site-packages/airflow/example_dags/example_short_circuit_decorator.py
[2023-11-09T10:15:52.570-0300] {processor.py:826} INFO - Processing file /Users/lucasmorrone/Documents/airflow/env/lib/python3.11/site-packages/airflow/example_dags/example_short_circuit_decorator.py for tasks to queue
[2023-11-09T10:15:52.571-0300] {logging_mixin.py:149} INFO - [2023-11-09T10:15:52.571-0300] {dagbag.py:541} INFO - Filling up the DagBag from /Users/lucasmorrone/Documents/airflow/env/lib/python3.11/site-packages/airflow/example_dags/example_short_circuit_decorator.py
[2023-11-09T10:15:52.636-0300] {processor.py:836} INFO - DAG(s) dict_keys(['example_short_circuit_decorator']) retrieved from /Users/lucasmorrone/Documents/airflow/env/lib/python3.11/site-packages/airflow/example_dags/example_short_circuit_decorator.py
[2023-11-09T10:15:53.904-0300] {logging_mixin.py:149} INFO - [2023-11-09T10:15:53.904-0300] {manager.py:504} INFO - Created Permission View: can edit on DAG:example_short_circuit_decorator
[2023-11-09T10:15:53.926-0300] {logging_mixin.py:149} INFO - [2023-11-09T10:15:53.926-0300] {manager.py:504} INFO - Created Permission View: can read on DAG:example_short_circuit_decorator
[2023-11-09T10:15:53.937-0300] {logging_mixin.py:149} INFO - [2023-11-09T10:15:53.937-0300] {manager.py:504} INFO - Created Permission View: can delete on DAG:example_short_circuit_decorator
[2023-11-09T10:15:53.938-0300] {logging_mixin.py:149} INFO - [2023-11-09T10:15:53.937-0300] {dag.py:2726} INFO - Sync 1 DAGs
[2023-11-09T10:15:53.952-0300] {logging_mixin.py:149} INFO - [2023-11-09T10:15:53.951-0300] {dag.py:2747} INFO - Creating ORM DAG for example_short_circuit_decorator
[2023-11-09T10:15:53.963-0300] {logging_mixin.py:149} INFO - [2023-11-09T10:15:53.963-0300] {dag.py:3486} INFO - Setting next_dagrun for example_short_circuit_decorator to 2023-11-08T13:15:53.962929+00:00, run_after=2023-11-09T13:15:53.962929+00:00
[2023-11-09T10:15:53.989-0300] {processor.py:179} INFO - Processing /Users/lucasmorrone/Documents/airflow/env/lib/python3.11/site-packages/airflow/example_dags/example_short_circuit_decorator.py took 1.422 seconds
[2023-11-09T10:19:34.318-0300] {processor.py:157} INFO - Started process (PID=16676) to work on /Users/lucasmorrone/Documents/airflow/env/lib/python3.11/site-packages/airflow/example_dags/example_short_circuit_decorator.py
[2023-11-09T10:19:34.320-0300] {processor.py:826} INFO - Processing file /Users/lucasmorrone/Documents/airflow/env/lib/python3.11/site-packages/airflow/example_dags/example_short_circuit_decorator.py for tasks to queue
[2023-11-09T10:19:34.322-0300] {logging_mixin.py:149} INFO - [2023-11-09T10:19:34.321-0300] {dagbag.py:541} INFO - Filling up the DagBag from /Users/lucasmorrone/Documents/airflow/env/lib/python3.11/site-packages/airflow/example_dags/example_short_circuit_decorator.py
[2023-11-09T10:19:34.465-0300] {processor.py:836} INFO - DAG(s) dict_keys(['example_short_circuit_decorator']) retrieved from /Users/lucasmorrone/Documents/airflow/env/lib/python3.11/site-packages/airflow/example_dags/example_short_circuit_decorator.py
[2023-11-09T10:19:35.649-0300] {logging_mixin.py:149} INFO - [2023-11-09T10:19:35.649-0300] {dag.py:2726} INFO - Sync 1 DAGs
[2023-11-09T10:19:35.670-0300] {logging_mixin.py:149} INFO - [2023-11-09T10:19:35.670-0300] {dag.py:3486} INFO - Setting next_dagrun for example_short_circuit_decorator to 2023-11-08T13:19:35.669975+00:00, run_after=2023-11-09T13:19:35.669975+00:00
[2023-11-09T10:19:35.694-0300] {processor.py:179} INFO - Processing /Users/lucasmorrone/Documents/airflow/env/lib/python3.11/site-packages/airflow/example_dags/example_short_circuit_decorator.py took 1.379 seconds
[2023-11-09T10:22:40.530-0300] {processor.py:157} INFO - Started process (PID=16761) to work on /Users/lucasmorrone/Documents/airflow/env/lib/python3.11/site-packages/airflow/example_dags/example_short_circuit_decorator.py
[2023-11-09T10:22:40.532-0300] {processor.py:826} INFO - Processing file /Users/lucasmorrone/Documents/airflow/env/lib/python3.11/site-packages/airflow/example_dags/example_short_circuit_decorator.py for tasks to queue
[2023-11-09T10:22:40.533-0300] {logging_mixin.py:149} INFO - [2023-11-09T10:22:40.533-0300] {dagbag.py:541} INFO - Filling up the DagBag from /Users/lucasmorrone/Documents/airflow/env/lib/python3.11/site-packages/airflow/example_dags/example_short_circuit_decorator.py
[2023-11-09T10:22:40.650-0300] {processor.py:836} INFO - DAG(s) dict_keys(['example_short_circuit_decorator']) retrieved from /Users/lucasmorrone/Documents/airflow/env/lib/python3.11/site-packages/airflow/example_dags/example_short_circuit_decorator.py
[2023-11-09T10:22:41.732-0300] {logging_mixin.py:149} INFO - [2023-11-09T10:22:41.731-0300] {dag.py:2726} INFO - Sync 1 DAGs
[2023-11-09T10:22:41.753-0300] {logging_mixin.py:149} INFO - [2023-11-09T10:22:41.753-0300] {dag.py:3486} INFO - Setting next_dagrun for example_short_circuit_decorator to 2023-11-08T13:22:41.753434+00:00, run_after=2023-11-09T13:22:41.753434+00:00
[2023-11-09T10:22:41.788-0300] {processor.py:179} INFO - Processing /Users/lucasmorrone/Documents/airflow/env/lib/python3.11/site-packages/airflow/example_dags/example_short_circuit_decorator.py took 1.259 seconds
[2023-11-09T10:28:47.175-0300] {processor.py:157} INFO - Started process (PID=17356) to work on /Users/lucasmorrone/Documents/airflow/env/lib/python3.11/site-packages/airflow/example_dags/example_short_circuit_decorator.py
[2023-11-09T10:28:47.177-0300] {processor.py:826} INFO - Processing file /Users/lucasmorrone/Documents/airflow/env/lib/python3.11/site-packages/airflow/example_dags/example_short_circuit_decorator.py for tasks to queue
[2023-11-09T10:28:47.177-0300] {logging_mixin.py:149} INFO - [2023-11-09T10:28:47.177-0300] {dagbag.py:541} INFO - Filling up the DagBag from /Users/lucasmorrone/Documents/airflow/env/lib/python3.11/site-packages/airflow/example_dags/example_short_circuit_decorator.py
[2023-11-09T10:28:47.376-0300] {processor.py:836} INFO - DAG(s) dict_keys(['example_short_circuit_decorator']) retrieved from /Users/lucasmorrone/Documents/airflow/env/lib/python3.11/site-packages/airflow/example_dags/example_short_circuit_decorator.py
[2023-11-09T10:28:50.733-0300] {logging_mixin.py:149} INFO - [2023-11-09T10:28:50.732-0300] {dag.py:2726} INFO - Sync 1 DAGs
[2023-11-09T10:28:50.828-0300] {logging_mixin.py:149} INFO - [2023-11-09T10:28:50.826-0300] {dag.py:3486} INFO - Setting next_dagrun for example_short_circuit_decorator to 2023-11-08T13:28:50.825998+00:00, run_after=2023-11-09T13:28:50.825998+00:00
[2023-11-09T10:28:50.911-0300] {processor.py:179} INFO - Processing /Users/lucasmorrone/Documents/airflow/env/lib/python3.11/site-packages/airflow/example_dags/example_short_circuit_decorator.py took 3.738 seconds
[2023-11-09T10:32:39.609-0300] {processor.py:157} INFO - Started process (PID=17873) to work on /Users/lucasmorrone/Documents/airflow/env/lib/python3.11/site-packages/airflow/example_dags/example_short_circuit_decorator.py
[2023-11-09T10:32:39.611-0300] {processor.py:826} INFO - Processing file /Users/lucasmorrone/Documents/airflow/env/lib/python3.11/site-packages/airflow/example_dags/example_short_circuit_decorator.py for tasks to queue
[2023-11-09T10:32:39.612-0300] {logging_mixin.py:149} INFO - [2023-11-09T10:32:39.612-0300] {dagbag.py:541} INFO - Filling up the DagBag from /Users/lucasmorrone/Documents/airflow/env/lib/python3.11/site-packages/airflow/example_dags/example_short_circuit_decorator.py
[2023-11-09T10:32:39.743-0300] {processor.py:836} INFO - DAG(s) dict_keys(['example_short_circuit_decorator']) retrieved from /Users/lucasmorrone/Documents/airflow/env/lib/python3.11/site-packages/airflow/example_dags/example_short_circuit_decorator.py
[2023-11-09T10:32:41.042-0300] {logging_mixin.py:149} INFO - [2023-11-09T10:32:41.041-0300] {dag.py:2726} INFO - Sync 1 DAGs
[2023-11-09T10:32:41.079-0300] {logging_mixin.py:149} INFO - [2023-11-09T10:32:41.079-0300] {dag.py:3486} INFO - Setting next_dagrun for example_short_circuit_decorator to 2023-11-08T13:32:41.079122+00:00, run_after=2023-11-09T13:32:41.079122+00:00
[2023-11-09T10:32:41.125-0300] {processor.py:179} INFO - Processing /Users/lucasmorrone/Documents/airflow/env/lib/python3.11/site-packages/airflow/example_dags/example_short_circuit_decorator.py took 1.518 seconds
