[2023-11-09T10:15:32.479-0300] {processor.py:157} INFO - Started process (PID=16412) to work on /Users/lucasmorrone/Documents/airflow/env/lib/python3.11/site-packages/airflow/example_dags/example_task_group.py
[2023-11-09T10:15:32.480-0300] {processor.py:826} INFO - Processing file /Users/lucasmorrone/Documents/airflow/env/lib/python3.11/site-packages/airflow/example_dags/example_task_group.py for tasks to queue
[2023-11-09T10:15:32.481-0300] {logging_mixin.py:149} INFO - [2023-11-09T10:15:32.481-0300] {dagbag.py:541} INFO - Filling up the DagBag from /Users/lucasmorrone/Documents/airflow/env/lib/python3.11/site-packages/airflow/example_dags/example_task_group.py
[2023-11-09T10:15:32.511-0300] {processor.py:836} INFO - DAG(s) dict_keys(['example_task_group']) retrieved from /Users/lucasmorrone/Documents/airflow/env/lib/python3.11/site-packages/airflow/example_dags/example_task_group.py
[2023-11-09T10:15:33.666-0300] {logging_mixin.py:149} INFO - [2023-11-09T10:15:33.666-0300] {manager.py:504} INFO - Created Permission View: can delete on DAG:example_task_group
[2023-11-09T10:15:33.682-0300] {logging_mixin.py:149} INFO - [2023-11-09T10:15:33.680-0300] {manager.py:504} INFO - Created Permission View: can read on DAG:example_task_group
[2023-11-09T10:15:33.694-0300] {logging_mixin.py:149} INFO - [2023-11-09T10:15:33.693-0300] {manager.py:504} INFO - Created Permission View: can edit on DAG:example_task_group
[2023-11-09T10:15:33.694-0300] {logging_mixin.py:149} INFO - [2023-11-09T10:15:33.694-0300] {dag.py:2726} INFO - Sync 1 DAGs
[2023-11-09T10:15:33.787-0300] {logging_mixin.py:149} INFO - [2023-11-09T10:15:33.787-0300] {dag.py:2747} INFO - Creating ORM DAG for example_task_group
[2023-11-09T10:15:33.797-0300] {logging_mixin.py:149} INFO - [2023-11-09T10:15:33.797-0300] {dag.py:3486} INFO - Setting next_dagrun for example_task_group to 2023-11-08T13:15:33.797402+00:00, run_after=2023-11-09T13:15:33.797402+00:00
[2023-11-09T10:15:33.820-0300] {processor.py:179} INFO - Processing /Users/lucasmorrone/Documents/airflow/env/lib/python3.11/site-packages/airflow/example_dags/example_task_group.py took 1.342 seconds
[2023-11-09T10:19:12.306-0300] {processor.py:157} INFO - Started process (PID=16668) to work on /Users/lucasmorrone/Documents/airflow/env/lib/python3.11/site-packages/airflow/example_dags/example_task_group.py
[2023-11-09T10:19:12.308-0300] {processor.py:826} INFO - Processing file /Users/lucasmorrone/Documents/airflow/env/lib/python3.11/site-packages/airflow/example_dags/example_task_group.py for tasks to queue
[2023-11-09T10:19:12.309-0300] {logging_mixin.py:149} INFO - [2023-11-09T10:19:12.309-0300] {dagbag.py:541} INFO - Filling up the DagBag from /Users/lucasmorrone/Documents/airflow/env/lib/python3.11/site-packages/airflow/example_dags/example_task_group.py
[2023-11-09T10:19:12.361-0300] {processor.py:836} INFO - DAG(s) dict_keys(['example_task_group']) retrieved from /Users/lucasmorrone/Documents/airflow/env/lib/python3.11/site-packages/airflow/example_dags/example_task_group.py
[2023-11-09T10:19:13.723-0300] {logging_mixin.py:149} INFO - [2023-11-09T10:19:13.723-0300] {dag.py:2726} INFO - Sync 1 DAGs
[2023-11-09T10:19:13.762-0300] {logging_mixin.py:149} INFO - [2023-11-09T10:19:13.762-0300] {dag.py:3486} INFO - Setting next_dagrun for example_task_group to 2023-11-08T13:19:13.761935+00:00, run_after=2023-11-09T13:19:13.761935+00:00
[2023-11-09T10:19:13.801-0300] {processor.py:179} INFO - Processing /Users/lucasmorrone/Documents/airflow/env/lib/python3.11/site-packages/airflow/example_dags/example_task_group.py took 1.497 seconds
[2023-11-09T10:22:16.703-0300] {processor.py:157} INFO - Started process (PID=16749) to work on /Users/lucasmorrone/Documents/airflow/env/lib/python3.11/site-packages/airflow/example_dags/example_task_group.py
[2023-11-09T10:22:16.708-0300] {processor.py:826} INFO - Processing file /Users/lucasmorrone/Documents/airflow/env/lib/python3.11/site-packages/airflow/example_dags/example_task_group.py for tasks to queue
[2023-11-09T10:22:16.709-0300] {logging_mixin.py:149} INFO - [2023-11-09T10:22:16.709-0300] {dagbag.py:541} INFO - Filling up the DagBag from /Users/lucasmorrone/Documents/airflow/env/lib/python3.11/site-packages/airflow/example_dags/example_task_group.py
[2023-11-09T10:22:17.115-0300] {processor.py:836} INFO - DAG(s) dict_keys(['example_task_group']) retrieved from /Users/lucasmorrone/Documents/airflow/env/lib/python3.11/site-packages/airflow/example_dags/example_task_group.py
[2023-11-09T10:22:18.990-0300] {logging_mixin.py:149} INFO - [2023-11-09T10:22:18.990-0300] {dag.py:2726} INFO - Sync 1 DAGs
[2023-11-09T10:22:19.035-0300] {logging_mixin.py:149} INFO - [2023-11-09T10:22:19.035-0300] {dag.py:3486} INFO - Setting next_dagrun for example_task_group to 2023-11-08T13:22:19.035196+00:00, run_after=2023-11-09T13:22:19.035196+00:00
[2023-11-09T10:22:19.073-0300] {processor.py:179} INFO - Processing /Users/lucasmorrone/Documents/airflow/env/lib/python3.11/site-packages/airflow/example_dags/example_task_group.py took 2.401 seconds
[2023-11-09T10:28:16.170-0300] {processor.py:157} INFO - Started process (PID=17347) to work on /Users/lucasmorrone/Documents/airflow/env/lib/python3.11/site-packages/airflow/example_dags/example_task_group.py
[2023-11-09T10:28:16.172-0300] {processor.py:826} INFO - Processing file /Users/lucasmorrone/Documents/airflow/env/lib/python3.11/site-packages/airflow/example_dags/example_task_group.py for tasks to queue
[2023-11-09T10:28:16.173-0300] {logging_mixin.py:149} INFO - [2023-11-09T10:28:16.173-0300] {dagbag.py:541} INFO - Filling up the DagBag from /Users/lucasmorrone/Documents/airflow/env/lib/python3.11/site-packages/airflow/example_dags/example_task_group.py
[2023-11-09T10:28:16.225-0300] {processor.py:836} INFO - DAG(s) dict_keys(['example_task_group']) retrieved from /Users/lucasmorrone/Documents/airflow/env/lib/python3.11/site-packages/airflow/example_dags/example_task_group.py
[2023-11-09T10:28:18.009-0300] {logging_mixin.py:149} INFO - [2023-11-09T10:28:18.009-0300] {dag.py:2726} INFO - Sync 1 DAGs
[2023-11-09T10:28:18.070-0300] {logging_mixin.py:149} INFO - [2023-11-09T10:28:18.069-0300] {dag.py:3486} INFO - Setting next_dagrun for example_task_group to 2023-11-08T13:28:18.069502+00:00, run_after=2023-11-09T13:28:18.069502+00:00
[2023-11-09T10:28:18.316-0300] {processor.py:179} INFO - Processing /Users/lucasmorrone/Documents/airflow/env/lib/python3.11/site-packages/airflow/example_dags/example_task_group.py took 2.148 seconds
[2023-11-09T10:32:11.634-0300] {processor.py:157} INFO - Started process (PID=17673) to work on /Users/lucasmorrone/Documents/airflow/env/lib/python3.11/site-packages/airflow/example_dags/example_task_group.py
[2023-11-09T10:32:11.637-0300] {processor.py:826} INFO - Processing file /Users/lucasmorrone/Documents/airflow/env/lib/python3.11/site-packages/airflow/example_dags/example_task_group.py for tasks to queue
[2023-11-09T10:32:11.638-0300] {logging_mixin.py:149} INFO - [2023-11-09T10:32:11.637-0300] {dagbag.py:541} INFO - Filling up the DagBag from /Users/lucasmorrone/Documents/airflow/env/lib/python3.11/site-packages/airflow/example_dags/example_task_group.py
[2023-11-09T10:32:11.676-0300] {processor.py:836} INFO - DAG(s) dict_keys(['example_task_group']) retrieved from /Users/lucasmorrone/Documents/airflow/env/lib/python3.11/site-packages/airflow/example_dags/example_task_group.py
[2023-11-09T10:32:13.643-0300] {logging_mixin.py:149} INFO - [2023-11-09T10:32:13.642-0300] {dag.py:2726} INFO - Sync 1 DAGs
[2023-11-09T10:32:13.728-0300] {logging_mixin.py:149} INFO - [2023-11-09T10:32:13.728-0300] {dag.py:3486} INFO - Setting next_dagrun for example_task_group to 2023-11-08T13:32:13.727644+00:00, run_after=2023-11-09T13:32:13.727644+00:00
[2023-11-09T10:32:13.779-0300] {processor.py:179} INFO - Processing /Users/lucasmorrone/Documents/airflow/env/lib/python3.11/site-packages/airflow/example_dags/example_task_group.py took 2.147 seconds
