[2023-11-09T10:15:08.284-0300] {processor.py:157} INFO - Started process (PID=16404) to work on /Users/lucasmorrone/Documents/airflow/env/lib/python3.11/site-packages/airflow/example_dags/example_xcomargs.py
[2023-11-09T10:15:08.285-0300] {processor.py:826} INFO - Processing file /Users/lucasmorrone/Documents/airflow/env/lib/python3.11/site-packages/airflow/example_dags/example_xcomargs.py for tasks to queue
[2023-11-09T10:15:08.286-0300] {logging_mixin.py:149} INFO - [2023-11-09T10:15:08.286-0300] {dagbag.py:541} INFO - Filling up the DagBag from /Users/lucasmorrone/Documents/airflow/env/lib/python3.11/site-packages/airflow/example_dags/example_xcomargs.py
[2023-11-09T10:15:08.355-0300] {processor.py:836} INFO - DAG(s) dict_keys(['example_xcom_args', 'example_xcom_args_with_operators']) retrieved from /Users/lucasmorrone/Documents/airflow/env/lib/python3.11/site-packages/airflow/example_dags/example_xcomargs.py
[2023-11-09T10:15:09.541-0300] {logging_mixin.py:149} INFO - [2023-11-09T10:15:09.540-0300] {manager.py:504} INFO - Created Permission View: can delete on DAG:example_xcom_args
[2023-11-09T10:15:09.554-0300] {logging_mixin.py:149} INFO - [2023-11-09T10:15:09.554-0300] {manager.py:504} INFO - Created Permission View: can edit on DAG:example_xcom_args
[2023-11-09T10:15:09.563-0300] {logging_mixin.py:149} INFO - [2023-11-09T10:15:09.563-0300] {manager.py:504} INFO - Created Permission View: can read on DAG:example_xcom_args
[2023-11-09T10:15:09.584-0300] {logging_mixin.py:149} INFO - [2023-11-09T10:15:09.584-0300] {manager.py:504} INFO - Created Permission View: can delete on DAG:example_xcom_args_with_operators
[2023-11-09T10:15:09.592-0300] {logging_mixin.py:149} INFO - [2023-11-09T10:15:09.592-0300] {manager.py:504} INFO - Created Permission View: can edit on DAG:example_xcom_args_with_operators
[2023-11-09T10:15:09.599-0300] {logging_mixin.py:149} INFO - [2023-11-09T10:15:09.599-0300] {manager.py:504} INFO - Created Permission View: can read on DAG:example_xcom_args_with_operators
[2023-11-09T10:15:09.600-0300] {logging_mixin.py:149} INFO - [2023-11-09T10:15:09.599-0300] {dag.py:2726} INFO - Sync 2 DAGs
[2023-11-09T10:15:09.613-0300] {logging_mixin.py:149} INFO - [2023-11-09T10:15:09.613-0300] {dag.py:2747} INFO - Creating ORM DAG for example_xcom_args_with_operators
[2023-11-09T10:15:09.614-0300] {logging_mixin.py:149} INFO - [2023-11-09T10:15:09.614-0300] {dag.py:2747} INFO - Creating ORM DAG for example_xcom_args
[2023-11-09T10:15:09.624-0300] {logging_mixin.py:149} INFO - [2023-11-09T10:15:09.624-0300] {dag.py:3486} INFO - Setting next_dagrun for example_xcom_args to None, run_after=None
[2023-11-09T10:15:09.625-0300] {logging_mixin.py:149} INFO - [2023-11-09T10:15:09.625-0300] {dag.py:3486} INFO - Setting next_dagrun for example_xcom_args_with_operators to None, run_after=None
[2023-11-09T10:15:09.647-0300] {processor.py:179} INFO - Processing /Users/lucasmorrone/Documents/airflow/env/lib/python3.11/site-packages/airflow/example_dags/example_xcomargs.py took 1.364 seconds
[2023-11-09T10:18:34.781-0300] {processor.py:157} INFO - Started process (PID=16621) to work on /Users/lucasmorrone/Documents/airflow/env/lib/python3.11/site-packages/airflow/example_dags/example_xcomargs.py
[2023-11-09T10:18:34.783-0300] {processor.py:826} INFO - Processing file /Users/lucasmorrone/Documents/airflow/env/lib/python3.11/site-packages/airflow/example_dags/example_xcomargs.py for tasks to queue
[2023-11-09T10:18:34.785-0300] {logging_mixin.py:149} INFO - [2023-11-09T10:18:34.785-0300] {dagbag.py:541} INFO - Filling up the DagBag from /Users/lucasmorrone/Documents/airflow/env/lib/python3.11/site-packages/airflow/example_dags/example_xcomargs.py
[2023-11-09T10:18:34.941-0300] {processor.py:836} INFO - DAG(s) dict_keys(['example_xcom_args', 'example_xcom_args_with_operators']) retrieved from /Users/lucasmorrone/Documents/airflow/env/lib/python3.11/site-packages/airflow/example_dags/example_xcomargs.py
[2023-11-09T10:18:37.497-0300] {logging_mixin.py:149} INFO - [2023-11-09T10:18:37.495-0300] {dag.py:2726} INFO - Sync 2 DAGs
[2023-11-09T10:18:37.693-0300] {logging_mixin.py:149} INFO - [2023-11-09T10:18:37.692-0300] {dag.py:3486} INFO - Setting next_dagrun for example_xcom_args to None, run_after=None
[2023-11-09T10:18:37.708-0300] {logging_mixin.py:149} INFO - [2023-11-09T10:18:37.708-0300] {dag.py:3486} INFO - Setting next_dagrun for example_xcom_args_with_operators to None, run_after=None
[2023-11-09T10:18:37.852-0300] {processor.py:179} INFO - Processing /Users/lucasmorrone/Documents/airflow/env/lib/python3.11/site-packages/airflow/example_dags/example_xcomargs.py took 3.073 seconds
[2023-11-09T10:21:48.372-0300] {processor.py:157} INFO - Started process (PID=16739) to work on /Users/lucasmorrone/Documents/airflow/env/lib/python3.11/site-packages/airflow/example_dags/example_xcomargs.py
[2023-11-09T10:21:48.374-0300] {processor.py:826} INFO - Processing file /Users/lucasmorrone/Documents/airflow/env/lib/python3.11/site-packages/airflow/example_dags/example_xcomargs.py for tasks to queue
[2023-11-09T10:21:48.376-0300] {logging_mixin.py:149} INFO - [2023-11-09T10:21:48.375-0300] {dagbag.py:541} INFO - Filling up the DagBag from /Users/lucasmorrone/Documents/airflow/env/lib/python3.11/site-packages/airflow/example_dags/example_xcomargs.py
[2023-11-09T10:21:48.475-0300] {processor.py:836} INFO - DAG(s) dict_keys(['example_xcom_args', 'example_xcom_args_with_operators']) retrieved from /Users/lucasmorrone/Documents/airflow/env/lib/python3.11/site-packages/airflow/example_dags/example_xcomargs.py
[2023-11-09T10:21:49.714-0300] {logging_mixin.py:149} INFO - [2023-11-09T10:21:49.714-0300] {dag.py:2726} INFO - Sync 2 DAGs
[2023-11-09T10:21:49.743-0300] {logging_mixin.py:149} INFO - [2023-11-09T10:21:49.742-0300] {dag.py:3486} INFO - Setting next_dagrun for example_xcom_args to None, run_after=None
[2023-11-09T10:21:49.748-0300] {logging_mixin.py:149} INFO - [2023-11-09T10:21:49.748-0300] {dag.py:3486} INFO - Setting next_dagrun for example_xcom_args_with_operators to None, run_after=None
[2023-11-09T10:21:49.772-0300] {processor.py:179} INFO - Processing /Users/lucasmorrone/Documents/airflow/env/lib/python3.11/site-packages/airflow/example_dags/example_xcomargs.py took 1.401 seconds
[2023-11-09T10:24:55.638-0300] {processor.py:157} INFO - Started process (PID=17017) to work on /Users/lucasmorrone/Documents/airflow/env/lib/python3.11/site-packages/airflow/example_dags/example_xcomargs.py
[2023-11-09T10:24:55.639-0300] {processor.py:826} INFO - Processing file /Users/lucasmorrone/Documents/airflow/env/lib/python3.11/site-packages/airflow/example_dags/example_xcomargs.py for tasks to queue
[2023-11-09T10:24:55.639-0300] {logging_mixin.py:149} INFO - [2023-11-09T10:24:55.639-0300] {dagbag.py:541} INFO - Filling up the DagBag from /Users/lucasmorrone/Documents/airflow/env/lib/python3.11/site-packages/airflow/example_dags/example_xcomargs.py
[2023-11-09T10:24:55.750-0300] {processor.py:836} INFO - DAG(s) dict_keys(['example_xcom_args_with_operators', 'example_xcom_args']) retrieved from /Users/lucasmorrone/Documents/airflow/env/lib/python3.11/site-packages/airflow/example_dags/example_xcomargs.py
[2023-11-09T10:24:56.890-0300] {logging_mixin.py:149} INFO - [2023-11-09T10:24:56.889-0300] {dag.py:2726} INFO - Sync 2 DAGs
[2023-11-09T10:24:56.915-0300] {logging_mixin.py:149} INFO - [2023-11-09T10:24:56.915-0300] {dag.py:3486} INFO - Setting next_dagrun for example_xcom_args to None, run_after=None
[2023-11-09T10:24:56.921-0300] {logging_mixin.py:149} INFO - [2023-11-09T10:24:56.921-0300] {dag.py:3486} INFO - Setting next_dagrun for example_xcom_args_with_operators to None, run_after=None
[2023-11-09T10:24:56.946-0300] {processor.py:179} INFO - Processing /Users/lucasmorrone/Documents/airflow/env/lib/python3.11/site-packages/airflow/example_dags/example_xcomargs.py took 1.309 seconds
[2023-11-09T10:27:37.319-0300] {processor.py:157} INFO - Started process (PID=17285) to work on /Users/lucasmorrone/Documents/airflow/env/lib/python3.11/site-packages/airflow/example_dags/example_xcomargs.py
[2023-11-09T10:27:37.325-0300] {processor.py:826} INFO - Processing file /Users/lucasmorrone/Documents/airflow/env/lib/python3.11/site-packages/airflow/example_dags/example_xcomargs.py for tasks to queue
[2023-11-09T10:27:37.326-0300] {logging_mixin.py:149} INFO - [2023-11-09T10:27:37.326-0300] {dagbag.py:541} INFO - Filling up the DagBag from /Users/lucasmorrone/Documents/airflow/env/lib/python3.11/site-packages/airflow/example_dags/example_xcomargs.py
[2023-11-09T10:27:37.492-0300] {processor.py:836} INFO - DAG(s) dict_keys(['example_xcom_args', 'example_xcom_args_with_operators']) retrieved from /Users/lucasmorrone/Documents/airflow/env/lib/python3.11/site-packages/airflow/example_dags/example_xcomargs.py
[2023-11-09T10:27:39.134-0300] {logging_mixin.py:149} INFO - [2023-11-09T10:27:39.134-0300] {dag.py:2726} INFO - Sync 2 DAGs
[2023-11-09T10:27:39.178-0300] {logging_mixin.py:149} INFO - [2023-11-09T10:27:39.178-0300] {dag.py:3486} INFO - Setting next_dagrun for example_xcom_args to None, run_after=None
[2023-11-09T10:27:39.186-0300] {logging_mixin.py:149} INFO - [2023-11-09T10:27:39.185-0300] {dag.py:3486} INFO - Setting next_dagrun for example_xcom_args_with_operators to None, run_after=None
[2023-11-09T10:27:39.226-0300] {processor.py:179} INFO - Processing /Users/lucasmorrone/Documents/airflow/env/lib/python3.11/site-packages/airflow/example_dags/example_xcomargs.py took 1.909 seconds
[2023-11-09T10:31:36.382-0300] {processor.py:157} INFO - Started process (PID=17644) to work on /Users/lucasmorrone/Documents/airflow/env/lib/python3.11/site-packages/airflow/example_dags/example_xcomargs.py
[2023-11-09T10:31:36.383-0300] {processor.py:826} INFO - Processing file /Users/lucasmorrone/Documents/airflow/env/lib/python3.11/site-packages/airflow/example_dags/example_xcomargs.py for tasks to queue
[2023-11-09T10:31:36.384-0300] {logging_mixin.py:149} INFO - [2023-11-09T10:31:36.384-0300] {dagbag.py:541} INFO - Filling up the DagBag from /Users/lucasmorrone/Documents/airflow/env/lib/python3.11/site-packages/airflow/example_dags/example_xcomargs.py
[2023-11-09T10:31:36.474-0300] {processor.py:836} INFO - DAG(s) dict_keys(['example_xcom_args_with_operators', 'example_xcom_args']) retrieved from /Users/lucasmorrone/Documents/airflow/env/lib/python3.11/site-packages/airflow/example_dags/example_xcomargs.py
[2023-11-09T10:31:38.024-0300] {logging_mixin.py:149} INFO - [2023-11-09T10:31:38.023-0300] {dag.py:2726} INFO - Sync 2 DAGs
[2023-11-09T10:31:38.049-0300] {logging_mixin.py:149} INFO - [2023-11-09T10:31:38.049-0300] {dag.py:3486} INFO - Setting next_dagrun for example_xcom_args to None, run_after=None
[2023-11-09T10:31:38.054-0300] {logging_mixin.py:149} INFO - [2023-11-09T10:31:38.053-0300] {dag.py:3486} INFO - Setting next_dagrun for example_xcom_args_with_operators to None, run_after=None
[2023-11-09T10:31:38.168-0300] {processor.py:179} INFO - Processing /Users/lucasmorrone/Documents/airflow/env/lib/python3.11/site-packages/airflow/example_dags/example_xcomargs.py took 1.787 seconds
