[2023-11-09T10:15:16.293-0300] {processor.py:157} INFO - Started process (PID=16407) to work on /Users/lucasmorrone/Documents/airflow/env/lib/python3.11/site-packages/airflow/example_dags/example_trigger_target_dag.py
[2023-11-09T10:15:16.294-0300] {processor.py:826} INFO - Processing file /Users/lucasmorrone/Documents/airflow/env/lib/python3.11/site-packages/airflow/example_dags/example_trigger_target_dag.py for tasks to queue
[2023-11-09T10:15:16.295-0300] {logging_mixin.py:149} INFO - [2023-11-09T10:15:16.295-0300] {dagbag.py:541} INFO - Filling up the DagBag from /Users/lucasmorrone/Documents/airflow/env/lib/python3.11/site-packages/airflow/example_dags/example_trigger_target_dag.py
[2023-11-09T10:15:16.360-0300] {processor.py:836} INFO - DAG(s) dict_keys(['example_trigger_target_dag']) retrieved from /Users/lucasmorrone/Documents/airflow/env/lib/python3.11/site-packages/airflow/example_dags/example_trigger_target_dag.py
[2023-11-09T10:15:17.505-0300] {logging_mixin.py:149} INFO - [2023-11-09T10:15:17.505-0300] {manager.py:504} INFO - Created Permission View: can read on DAG:example_trigger_target_dag
[2023-11-09T10:15:17.515-0300] {logging_mixin.py:149} INFO - [2023-11-09T10:15:17.515-0300] {manager.py:504} INFO - Created Permission View: can delete on DAG:example_trigger_target_dag
[2023-11-09T10:15:17.523-0300] {logging_mixin.py:149} INFO - [2023-11-09T10:15:17.523-0300] {manager.py:504} INFO - Created Permission View: can edit on DAG:example_trigger_target_dag
[2023-11-09T10:15:17.523-0300] {logging_mixin.py:149} INFO - [2023-11-09T10:15:17.523-0300] {dag.py:2726} INFO - Sync 1 DAGs
[2023-11-09T10:15:17.536-0300] {logging_mixin.py:149} INFO - [2023-11-09T10:15:17.536-0300] {dag.py:2747} INFO - Creating ORM DAG for example_trigger_target_dag
[2023-11-09T10:15:17.546-0300] {logging_mixin.py:149} INFO - [2023-11-09T10:15:17.546-0300] {dag.py:3486} INFO - Setting next_dagrun for example_trigger_target_dag to None, run_after=None
[2023-11-09T10:15:17.568-0300] {processor.py:179} INFO - Processing /Users/lucasmorrone/Documents/airflow/env/lib/python3.11/site-packages/airflow/example_dags/example_trigger_target_dag.py took 1.277 seconds
[2023-11-09T10:18:48.163-0300] {processor.py:157} INFO - Started process (PID=16645) to work on /Users/lucasmorrone/Documents/airflow/env/lib/python3.11/site-packages/airflow/example_dags/example_trigger_target_dag.py
[2023-11-09T10:18:48.165-0300] {processor.py:826} INFO - Processing file /Users/lucasmorrone/Documents/airflow/env/lib/python3.11/site-packages/airflow/example_dags/example_trigger_target_dag.py for tasks to queue
[2023-11-09T10:18:48.166-0300] {logging_mixin.py:149} INFO - [2023-11-09T10:18:48.165-0300] {dagbag.py:541} INFO - Filling up the DagBag from /Users/lucasmorrone/Documents/airflow/env/lib/python3.11/site-packages/airflow/example_dags/example_trigger_target_dag.py
[2023-11-09T10:18:48.328-0300] {processor.py:836} INFO - DAG(s) dict_keys(['example_trigger_target_dag']) retrieved from /Users/lucasmorrone/Documents/airflow/env/lib/python3.11/site-packages/airflow/example_dags/example_trigger_target_dag.py
[2023-11-09T10:18:50.547-0300] {logging_mixin.py:149} INFO - [2023-11-09T10:18:50.547-0300] {dag.py:2726} INFO - Sync 1 DAGs
[2023-11-09T10:18:50.582-0300] {logging_mixin.py:149} INFO - [2023-11-09T10:18:50.582-0300] {dag.py:3486} INFO - Setting next_dagrun for example_trigger_target_dag to None, run_after=None
[2023-11-09T10:18:50.623-0300] {processor.py:179} INFO - Processing /Users/lucasmorrone/Documents/airflow/env/lib/python3.11/site-packages/airflow/example_dags/example_trigger_target_dag.py took 2.462 seconds
[2023-11-09T10:21:58.185-0300] {processor.py:157} INFO - Started process (PID=16743) to work on /Users/lucasmorrone/Documents/airflow/env/lib/python3.11/site-packages/airflow/example_dags/example_trigger_target_dag.py
[2023-11-09T10:21:58.187-0300] {processor.py:826} INFO - Processing file /Users/lucasmorrone/Documents/airflow/env/lib/python3.11/site-packages/airflow/example_dags/example_trigger_target_dag.py for tasks to queue
[2023-11-09T10:21:58.187-0300] {logging_mixin.py:149} INFO - [2023-11-09T10:21:58.187-0300] {dagbag.py:541} INFO - Filling up the DagBag from /Users/lucasmorrone/Documents/airflow/env/lib/python3.11/site-packages/airflow/example_dags/example_trigger_target_dag.py
[2023-11-09T10:21:58.286-0300] {processor.py:836} INFO - DAG(s) dict_keys(['example_trigger_target_dag']) retrieved from /Users/lucasmorrone/Documents/airflow/env/lib/python3.11/site-packages/airflow/example_dags/example_trigger_target_dag.py
[2023-11-09T10:21:59.401-0300] {logging_mixin.py:149} INFO - [2023-11-09T10:21:59.400-0300] {dag.py:2726} INFO - Sync 1 DAGs
[2023-11-09T10:21:59.446-0300] {logging_mixin.py:149} INFO - [2023-11-09T10:21:59.445-0300] {dag.py:3486} INFO - Setting next_dagrun for example_trigger_target_dag to None, run_after=None
[2023-11-09T10:21:59.491-0300] {processor.py:179} INFO - Processing /Users/lucasmorrone/Documents/airflow/env/lib/python3.11/site-packages/airflow/example_dags/example_trigger_target_dag.py took 1.306 seconds
[2023-11-09T10:25:04.376-0300] {processor.py:157} INFO - Started process (PID=17023) to work on /Users/lucasmorrone/Documents/airflow/env/lib/python3.11/site-packages/airflow/example_dags/example_trigger_target_dag.py
[2023-11-09T10:25:04.377-0300] {processor.py:826} INFO - Processing file /Users/lucasmorrone/Documents/airflow/env/lib/python3.11/site-packages/airflow/example_dags/example_trigger_target_dag.py for tasks to queue
[2023-11-09T10:25:04.378-0300] {logging_mixin.py:149} INFO - [2023-11-09T10:25:04.378-0300] {dagbag.py:541} INFO - Filling up the DagBag from /Users/lucasmorrone/Documents/airflow/env/lib/python3.11/site-packages/airflow/example_dags/example_trigger_target_dag.py
[2023-11-09T10:25:04.440-0300] {processor.py:836} INFO - DAG(s) dict_keys(['example_trigger_target_dag']) retrieved from /Users/lucasmorrone/Documents/airflow/env/lib/python3.11/site-packages/airflow/example_dags/example_trigger_target_dag.py
[2023-11-09T10:25:05.404-0300] {logging_mixin.py:149} INFO - [2023-11-09T10:25:05.404-0300] {dag.py:2726} INFO - Sync 1 DAGs
[2023-11-09T10:25:05.440-0300] {logging_mixin.py:149} INFO - [2023-11-09T10:25:05.440-0300] {dag.py:3486} INFO - Setting next_dagrun for example_trigger_target_dag to None, run_after=None
[2023-11-09T10:25:05.482-0300] {processor.py:179} INFO - Processing /Users/lucasmorrone/Documents/airflow/env/lib/python3.11/site-packages/airflow/example_dags/example_trigger_target_dag.py took 1.107 seconds
[2023-11-09T10:27:51.438-0300] {processor.py:157} INFO - Started process (PID=17322) to work on /Users/lucasmorrone/Documents/airflow/env/lib/python3.11/site-packages/airflow/example_dags/example_trigger_target_dag.py
[2023-11-09T10:27:51.439-0300] {processor.py:826} INFO - Processing file /Users/lucasmorrone/Documents/airflow/env/lib/python3.11/site-packages/airflow/example_dags/example_trigger_target_dag.py for tasks to queue
[2023-11-09T10:27:51.440-0300] {logging_mixin.py:149} INFO - [2023-11-09T10:27:51.440-0300] {dagbag.py:541} INFO - Filling up the DagBag from /Users/lucasmorrone/Documents/airflow/env/lib/python3.11/site-packages/airflow/example_dags/example_trigger_target_dag.py
[2023-11-09T10:27:51.638-0300] {processor.py:836} INFO - DAG(s) dict_keys(['example_trigger_target_dag']) retrieved from /Users/lucasmorrone/Documents/airflow/env/lib/python3.11/site-packages/airflow/example_dags/example_trigger_target_dag.py
[2023-11-09T10:27:53.337-0300] {logging_mixin.py:149} INFO - [2023-11-09T10:27:53.336-0300] {dag.py:2726} INFO - Sync 1 DAGs
[2023-11-09T10:27:53.364-0300] {logging_mixin.py:149} INFO - [2023-11-09T10:27:53.364-0300] {dag.py:3486} INFO - Setting next_dagrun for example_trigger_target_dag to None, run_after=None
[2023-11-09T10:27:53.393-0300] {processor.py:179} INFO - Processing /Users/lucasmorrone/Documents/airflow/env/lib/python3.11/site-packages/airflow/example_dags/example_trigger_target_dag.py took 1.956 seconds
[2023-11-09T10:31:48.733-0300] {processor.py:157} INFO - Started process (PID=17663) to work on /Users/lucasmorrone/Documents/airflow/env/lib/python3.11/site-packages/airflow/example_dags/example_trigger_target_dag.py
[2023-11-09T10:31:48.735-0300] {processor.py:826} INFO - Processing file /Users/lucasmorrone/Documents/airflow/env/lib/python3.11/site-packages/airflow/example_dags/example_trigger_target_dag.py for tasks to queue
[2023-11-09T10:31:48.736-0300] {logging_mixin.py:149} INFO - [2023-11-09T10:31:48.736-0300] {dagbag.py:541} INFO - Filling up the DagBag from /Users/lucasmorrone/Documents/airflow/env/lib/python3.11/site-packages/airflow/example_dags/example_trigger_target_dag.py
[2023-11-09T10:31:49.097-0300] {processor.py:836} INFO - DAG(s) dict_keys(['example_trigger_target_dag']) retrieved from /Users/lucasmorrone/Documents/airflow/env/lib/python3.11/site-packages/airflow/example_dags/example_trigger_target_dag.py
[2023-11-09T10:31:51.118-0300] {logging_mixin.py:149} INFO - [2023-11-09T10:31:51.117-0300] {dag.py:2726} INFO - Sync 1 DAGs
[2023-11-09T10:31:51.146-0300] {logging_mixin.py:149} INFO - [2023-11-09T10:31:51.145-0300] {dag.py:3486} INFO - Setting next_dagrun for example_trigger_target_dag to None, run_after=None
[2023-11-09T10:31:51.177-0300] {processor.py:179} INFO - Processing /Users/lucasmorrone/Documents/airflow/env/lib/python3.11/site-packages/airflow/example_dags/example_trigger_target_dag.py took 2.448 seconds
