[2023-11-09T10:16:31.718-0300] {processor.py:157} INFO - Started process (PID=16462) to work on /Users/lucasmorrone/Documents/airflow/env/lib/python3.11/site-packages/airflow/example_dags/example_params_trigger_ui.py
[2023-11-09T10:16:31.721-0300] {processor.py:826} INFO - Processing file /Users/lucasmorrone/Documents/airflow/env/lib/python3.11/site-packages/airflow/example_dags/example_params_trigger_ui.py for tasks to queue
[2023-11-09T10:16:31.722-0300] {logging_mixin.py:149} INFO - [2023-11-09T10:16:31.721-0300] {dagbag.py:541} INFO - Filling up the DagBag from /Users/lucasmorrone/Documents/airflow/env/lib/python3.11/site-packages/airflow/example_dags/example_params_trigger_ui.py
[2023-11-09T10:16:32.002-0300] {processor.py:836} INFO - DAG(s) dict_keys(['example_params_trigger_ui']) retrieved from /Users/lucasmorrone/Documents/airflow/env/lib/python3.11/site-packages/airflow/example_dags/example_params_trigger_ui.py
[2023-11-09T10:16:33.699-0300] {logging_mixin.py:149} INFO - [2023-11-09T10:16:33.699-0300] {manager.py:504} INFO - Created Permission View: can edit on DAG:example_params_trigger_ui
[2023-11-09T10:16:33.717-0300] {logging_mixin.py:149} INFO - [2023-11-09T10:16:33.717-0300] {manager.py:504} INFO - Created Permission View: can read on DAG:example_params_trigger_ui
[2023-11-09T10:16:33.727-0300] {logging_mixin.py:149} INFO - [2023-11-09T10:16:33.727-0300] {manager.py:504} INFO - Created Permission View: can delete on DAG:example_params_trigger_ui
[2023-11-09T10:16:33.730-0300] {logging_mixin.py:149} INFO - [2023-11-09T10:16:33.728-0300] {dag.py:2726} INFO - Sync 1 DAGs
[2023-11-09T10:16:33.750-0300] {logging_mixin.py:149} INFO - [2023-11-09T10:16:33.750-0300] {dag.py:2747} INFO - Creating ORM DAG for example_params_trigger_ui
[2023-11-09T10:16:33.768-0300] {logging_mixin.py:149} INFO - [2023-11-09T10:16:33.768-0300] {dag.py:3486} INFO - Setting next_dagrun for example_params_trigger_ui to None, run_after=None
[2023-11-09T10:16:33.802-0300] {processor.py:179} INFO - Processing /Users/lucasmorrone/Documents/airflow/env/lib/python3.11/site-packages/airflow/example_dags/example_params_trigger_ui.py took 2.087 seconds
[2023-11-09T10:20:13.504-0300] {processor.py:157} INFO - Started process (PID=16703) to work on /Users/lucasmorrone/Documents/airflow/env/lib/python3.11/site-packages/airflow/example_dags/example_params_trigger_ui.py
[2023-11-09T10:20:13.506-0300] {processor.py:826} INFO - Processing file /Users/lucasmorrone/Documents/airflow/env/lib/python3.11/site-packages/airflow/example_dags/example_params_trigger_ui.py for tasks to queue
[2023-11-09T10:20:13.508-0300] {logging_mixin.py:149} INFO - [2023-11-09T10:20:13.508-0300] {dagbag.py:541} INFO - Filling up the DagBag from /Users/lucasmorrone/Documents/airflow/env/lib/python3.11/site-packages/airflow/example_dags/example_params_trigger_ui.py
[2023-11-09T10:20:13.852-0300] {processor.py:836} INFO - DAG(s) dict_keys(['example_params_trigger_ui']) retrieved from /Users/lucasmorrone/Documents/airflow/env/lib/python3.11/site-packages/airflow/example_dags/example_params_trigger_ui.py
[2023-11-09T10:20:15.469-0300] {logging_mixin.py:149} INFO - [2023-11-09T10:20:15.468-0300] {dag.py:2726} INFO - Sync 1 DAGs
[2023-11-09T10:20:15.501-0300] {logging_mixin.py:149} INFO - [2023-11-09T10:20:15.501-0300] {dag.py:3486} INFO - Setting next_dagrun for example_params_trigger_ui to None, run_after=None
[2023-11-09T10:20:15.532-0300] {processor.py:179} INFO - Processing /Users/lucasmorrone/Documents/airflow/env/lib/python3.11/site-packages/airflow/example_dags/example_params_trigger_ui.py took 2.030 seconds
[2023-11-09T10:23:22.368-0300] {processor.py:157} INFO - Started process (PID=16971) to work on /Users/lucasmorrone/Documents/airflow/env/lib/python3.11/site-packages/airflow/example_dags/example_params_trigger_ui.py
[2023-11-09T10:23:22.369-0300] {processor.py:826} INFO - Processing file /Users/lucasmorrone/Documents/airflow/env/lib/python3.11/site-packages/airflow/example_dags/example_params_trigger_ui.py for tasks to queue
[2023-11-09T10:23:22.370-0300] {logging_mixin.py:149} INFO - [2023-11-09T10:23:22.370-0300] {dagbag.py:541} INFO - Filling up the DagBag from /Users/lucasmorrone/Documents/airflow/env/lib/python3.11/site-packages/airflow/example_dags/example_params_trigger_ui.py
[2023-11-09T10:23:22.535-0300] {processor.py:836} INFO - DAG(s) dict_keys(['example_params_trigger_ui']) retrieved from /Users/lucasmorrone/Documents/airflow/env/lib/python3.11/site-packages/airflow/example_dags/example_params_trigger_ui.py
[2023-11-09T10:23:23.528-0300] {logging_mixin.py:149} INFO - [2023-11-09T10:23:23.527-0300] {dag.py:2726} INFO - Sync 1 DAGs
[2023-11-09T10:23:23.548-0300] {logging_mixin.py:149} INFO - [2023-11-09T10:23:23.547-0300] {dag.py:3486} INFO - Setting next_dagrun for example_params_trigger_ui to None, run_after=None
[2023-11-09T10:23:23.573-0300] {processor.py:179} INFO - Processing /Users/lucasmorrone/Documents/airflow/env/lib/python3.11/site-packages/airflow/example_dags/example_params_trigger_ui.py took 1.207 seconds
[2023-11-09T10:29:32.924-0300] {processor.py:157} INFO - Started process (PID=17384) to work on /Users/lucasmorrone/Documents/airflow/env/lib/python3.11/site-packages/airflow/example_dags/example_params_trigger_ui.py
[2023-11-09T10:29:32.925-0300] {processor.py:826} INFO - Processing file /Users/lucasmorrone/Documents/airflow/env/lib/python3.11/site-packages/airflow/example_dags/example_params_trigger_ui.py for tasks to queue
[2023-11-09T10:29:32.925-0300] {logging_mixin.py:149} INFO - [2023-11-09T10:29:32.925-0300] {dagbag.py:541} INFO - Filling up the DagBag from /Users/lucasmorrone/Documents/airflow/env/lib/python3.11/site-packages/airflow/example_dags/example_params_trigger_ui.py
[2023-11-09T10:29:33.146-0300] {processor.py:836} INFO - DAG(s) dict_keys(['example_params_trigger_ui']) retrieved from /Users/lucasmorrone/Documents/airflow/env/lib/python3.11/site-packages/airflow/example_dags/example_params_trigger_ui.py
[2023-11-09T10:29:35.332-0300] {logging_mixin.py:149} INFO - [2023-11-09T10:29:35.332-0300] {dag.py:2726} INFO - Sync 1 DAGs
[2023-11-09T10:29:35.366-0300] {logging_mixin.py:149} INFO - [2023-11-09T10:29:35.366-0300] {dag.py:3486} INFO - Setting next_dagrun for example_params_trigger_ui to None, run_after=None
[2023-11-09T10:29:35.433-0300] {processor.py:179} INFO - Processing /Users/lucasmorrone/Documents/airflow/env/lib/python3.11/site-packages/airflow/example_dags/example_params_trigger_ui.py took 2.512 seconds
[2023-11-09T10:33:28.119-0300] {processor.py:157} INFO - Started process (PID=17887) to work on /Users/lucasmorrone/Documents/airflow/env/lib/python3.11/site-packages/airflow/example_dags/example_params_trigger_ui.py
[2023-11-09T10:33:28.127-0300] {processor.py:826} INFO - Processing file /Users/lucasmorrone/Documents/airflow/env/lib/python3.11/site-packages/airflow/example_dags/example_params_trigger_ui.py for tasks to queue
[2023-11-09T10:33:28.128-0300] {logging_mixin.py:149} INFO - [2023-11-09T10:33:28.128-0300] {dagbag.py:541} INFO - Filling up the DagBag from /Users/lucasmorrone/Documents/airflow/env/lib/python3.11/site-packages/airflow/example_dags/example_params_trigger_ui.py
[2023-11-09T10:33:28.498-0300] {processor.py:836} INFO - DAG(s) dict_keys(['example_params_trigger_ui']) retrieved from /Users/lucasmorrone/Documents/airflow/env/lib/python3.11/site-packages/airflow/example_dags/example_params_trigger_ui.py
[2023-11-09T10:33:31.205-0300] {logging_mixin.py:149} INFO - [2023-11-09T10:33:31.205-0300] {dag.py:2726} INFO - Sync 1 DAGs
[2023-11-09T10:33:31.319-0300] {logging_mixin.py:149} INFO - [2023-11-09T10:33:31.318-0300] {dag.py:3486} INFO - Setting next_dagrun for example_params_trigger_ui to None, run_after=None
[2023-11-09T10:33:31.371-0300] {processor.py:179} INFO - Processing /Users/lucasmorrone/Documents/airflow/env/lib/python3.11/site-packages/airflow/example_dags/example_params_trigger_ui.py took 3.254 seconds
