[2023-11-09T10:17:36.474-0300] {processor.py:157} INFO - Started process (PID=16558) to work on /Users/lucasmorrone/Documents/airflow/env/lib/python3.11/site-packages/airflow/example_dags/example_branch_labels.py
[2023-11-09T10:17:36.476-0300] {processor.py:826} INFO - Processing file /Users/lucasmorrone/Documents/airflow/env/lib/python3.11/site-packages/airflow/example_dags/example_branch_labels.py for tasks to queue
[2023-11-09T10:17:36.476-0300] {logging_mixin.py:149} INFO - [2023-11-09T10:17:36.476-0300] {dagbag.py:541} INFO - Filling up the DagBag from /Users/lucasmorrone/Documents/airflow/env/lib/python3.11/site-packages/airflow/example_dags/example_branch_labels.py
[2023-11-09T10:17:36.506-0300] {processor.py:836} INFO - DAG(s) dict_keys(['example_branch_labels']) retrieved from /Users/lucasmorrone/Documents/airflow/env/lib/python3.11/site-packages/airflow/example_dags/example_branch_labels.py
[2023-11-09T10:17:37.887-0300] {logging_mixin.py:149} INFO - [2023-11-09T10:17:37.887-0300] {manager.py:504} INFO - Created Permission View: can read on DAG:example_branch_labels
[2023-11-09T10:17:37.898-0300] {logging_mixin.py:149} INFO - [2023-11-09T10:17:37.898-0300] {manager.py:504} INFO - Created Permission View: can delete on DAG:example_branch_labels
[2023-11-09T10:17:37.905-0300] {logging_mixin.py:149} INFO - [2023-11-09T10:17:37.905-0300] {manager.py:504} INFO - Created Permission View: can edit on DAG:example_branch_labels
[2023-11-09T10:17:37.906-0300] {logging_mixin.py:149} INFO - [2023-11-09T10:17:37.905-0300] {dag.py:2726} INFO - Sync 1 DAGs
[2023-11-09T10:17:37.995-0300] {logging_mixin.py:149} INFO - [2023-11-09T10:17:37.995-0300] {dag.py:2747} INFO - Creating ORM DAG for example_branch_labels
[2023-11-09T10:17:38.009-0300] {logging_mixin.py:149} INFO - [2023-11-09T10:17:38.009-0300] {dag.py:3486} INFO - Setting next_dagrun for example_branch_labels to 2023-11-08T00:00:00+00:00, run_after=2023-11-09T00:00:00+00:00
[2023-11-09T10:17:38.029-0300] {processor.py:179} INFO - Processing /Users/lucasmorrone/Documents/airflow/env/lib/python3.11/site-packages/airflow/example_dags/example_branch_labels.py took 1.556 seconds
[2023-11-09T10:24:03.062-0300] {processor.py:157} INFO - Started process (PID=16987) to work on /Users/lucasmorrone/Documents/airflow/env/lib/python3.11/site-packages/airflow/example_dags/example_branch_labels.py
[2023-11-09T10:24:03.064-0300] {processor.py:826} INFO - Processing file /Users/lucasmorrone/Documents/airflow/env/lib/python3.11/site-packages/airflow/example_dags/example_branch_labels.py for tasks to queue
[2023-11-09T10:24:03.064-0300] {logging_mixin.py:149} INFO - [2023-11-09T10:24:03.064-0300] {dagbag.py:541} INFO - Filling up the DagBag from /Users/lucasmorrone/Documents/airflow/env/lib/python3.11/site-packages/airflow/example_dags/example_branch_labels.py
[2023-11-09T10:24:03.088-0300] {processor.py:836} INFO - DAG(s) dict_keys(['example_branch_labels']) retrieved from /Users/lucasmorrone/Documents/airflow/env/lib/python3.11/site-packages/airflow/example_dags/example_branch_labels.py
[2023-11-09T10:24:04.216-0300] {logging_mixin.py:149} INFO - [2023-11-09T10:24:04.215-0300] {dag.py:2726} INFO - Sync 1 DAGs
[2023-11-09T10:24:04.244-0300] {logging_mixin.py:149} INFO - [2023-11-09T10:24:04.244-0300] {dag.py:3486} INFO - Setting next_dagrun for example_branch_labels to 2023-11-08T00:00:00+00:00, run_after=2023-11-09T00:00:00+00:00
[2023-11-09T10:24:04.270-0300] {processor.py:179} INFO - Processing /Users/lucasmorrone/Documents/airflow/env/lib/python3.11/site-packages/airflow/example_dags/example_branch_labels.py took 1.208 seconds
[2023-11-09T10:30:44.127-0300] {processor.py:157} INFO - Started process (PID=17419) to work on /Users/lucasmorrone/Documents/airflow/env/lib/python3.11/site-packages/airflow/example_dags/example_branch_labels.py
[2023-11-09T10:30:44.129-0300] {processor.py:826} INFO - Processing file /Users/lucasmorrone/Documents/airflow/env/lib/python3.11/site-packages/airflow/example_dags/example_branch_labels.py for tasks to queue
[2023-11-09T10:30:44.130-0300] {logging_mixin.py:149} INFO - [2023-11-09T10:30:44.130-0300] {dagbag.py:541} INFO - Filling up the DagBag from /Users/lucasmorrone/Documents/airflow/env/lib/python3.11/site-packages/airflow/example_dags/example_branch_labels.py
[2023-11-09T10:30:44.164-0300] {processor.py:836} INFO - DAG(s) dict_keys(['example_branch_labels']) retrieved from /Users/lucasmorrone/Documents/airflow/env/lib/python3.11/site-packages/airflow/example_dags/example_branch_labels.py
[2023-11-09T10:30:45.178-0300] {logging_mixin.py:149} INFO - [2023-11-09T10:30:45.177-0300] {dag.py:2726} INFO - Sync 1 DAGs
[2023-11-09T10:30:45.203-0300] {logging_mixin.py:149} INFO - [2023-11-09T10:30:45.203-0300] {dag.py:3486} INFO - Setting next_dagrun for example_branch_labels to 2023-11-08T00:00:00+00:00, run_after=2023-11-09T00:00:00+00:00
[2023-11-09T10:30:45.227-0300] {processor.py:179} INFO - Processing /Users/lucasmorrone/Documents/airflow/env/lib/python3.11/site-packages/airflow/example_dags/example_branch_labels.py took 1.102 seconds
