[2023-11-09T10:16:39.004-0300] {processor.py:157} INFO - Started process (PID=16467) to work on /Users/lucasmorrone/Documents/airflow/env/lib/python3.11/site-packages/airflow/example_dags/example_nested_branch_dag.py
[2023-11-09T10:16:39.006-0300] {processor.py:826} INFO - Processing file /Users/lucasmorrone/Documents/airflow/env/lib/python3.11/site-packages/airflow/example_dags/example_nested_branch_dag.py for tasks to queue
[2023-11-09T10:16:39.006-0300] {logging_mixin.py:149} INFO - [2023-11-09T10:16:39.006-0300] {dagbag.py:541} INFO - Filling up the DagBag from /Users/lucasmorrone/Documents/airflow/env/lib/python3.11/site-packages/airflow/example_dags/example_nested_branch_dag.py
[2023-11-09T10:16:39.082-0300] {processor.py:836} INFO - DAG(s) dict_keys(['example_nested_branch_dag']) retrieved from /Users/lucasmorrone/Documents/airflow/env/lib/python3.11/site-packages/airflow/example_dags/example_nested_branch_dag.py
[2023-11-09T10:16:40.610-0300] {logging_mixin.py:149} INFO - [2023-11-09T10:16:40.609-0300] {manager.py:504} INFO - Created Permission View: can delete on DAG:example_nested_branch_dag
[2023-11-09T10:16:40.620-0300] {logging_mixin.py:149} INFO - [2023-11-09T10:16:40.620-0300] {manager.py:504} INFO - Created Permission View: can edit on DAG:example_nested_branch_dag
[2023-11-09T10:16:40.632-0300] {logging_mixin.py:149} INFO - [2023-11-09T10:16:40.632-0300] {manager.py:504} INFO - Created Permission View: can read on DAG:example_nested_branch_dag
[2023-11-09T10:16:40.632-0300] {logging_mixin.py:149} INFO - [2023-11-09T10:16:40.632-0300] {dag.py:2726} INFO - Sync 1 DAGs
[2023-11-09T10:16:40.652-0300] {logging_mixin.py:149} INFO - [2023-11-09T10:16:40.652-0300] {dag.py:2747} INFO - Creating ORM DAG for example_nested_branch_dag
[2023-11-09T10:16:40.678-0300] {logging_mixin.py:149} INFO - [2023-11-09T10:16:40.678-0300] {dag.py:3486} INFO - Setting next_dagrun for example_nested_branch_dag to 2023-11-08T00:00:00+00:00, run_after=2023-11-09T00:00:00+00:00
[2023-11-09T10:16:40.752-0300] {processor.py:179} INFO - Processing /Users/lucasmorrone/Documents/airflow/env/lib/python3.11/site-packages/airflow/example_dags/example_nested_branch_dag.py took 1.749 seconds
[2023-11-09T10:20:19.395-0300] {processor.py:157} INFO - Started process (PID=16704) to work on /Users/lucasmorrone/Documents/airflow/env/lib/python3.11/site-packages/airflow/example_dags/example_nested_branch_dag.py
[2023-11-09T10:20:19.397-0300] {processor.py:826} INFO - Processing file /Users/lucasmorrone/Documents/airflow/env/lib/python3.11/site-packages/airflow/example_dags/example_nested_branch_dag.py for tasks to queue
[2023-11-09T10:20:19.398-0300] {logging_mixin.py:149} INFO - [2023-11-09T10:20:19.398-0300] {dagbag.py:541} INFO - Filling up the DagBag from /Users/lucasmorrone/Documents/airflow/env/lib/python3.11/site-packages/airflow/example_dags/example_nested_branch_dag.py
[2023-11-09T10:20:19.532-0300] {processor.py:836} INFO - DAG(s) dict_keys(['example_nested_branch_dag']) retrieved from /Users/lucasmorrone/Documents/airflow/env/lib/python3.11/site-packages/airflow/example_dags/example_nested_branch_dag.py
[2023-11-09T10:20:21.866-0300] {logging_mixin.py:149} INFO - [2023-11-09T10:20:21.866-0300] {dag.py:2726} INFO - Sync 1 DAGs
[2023-11-09T10:20:21.991-0300] {logging_mixin.py:149} INFO - [2023-11-09T10:20:21.991-0300] {dag.py:3486} INFO - Setting next_dagrun for example_nested_branch_dag to 2023-11-08T00:00:00+00:00, run_after=2023-11-09T00:00:00+00:00
[2023-11-09T10:20:22.046-0300] {processor.py:179} INFO - Processing /Users/lucasmorrone/Documents/airflow/env/lib/python3.11/site-packages/airflow/example_dags/example_nested_branch_dag.py took 2.653 seconds
[2023-11-09T10:23:26.274-0300] {processor.py:157} INFO - Started process (PID=16972) to work on /Users/lucasmorrone/Documents/airflow/env/lib/python3.11/site-packages/airflow/example_dags/example_nested_branch_dag.py
[2023-11-09T10:23:26.275-0300] {processor.py:826} INFO - Processing file /Users/lucasmorrone/Documents/airflow/env/lib/python3.11/site-packages/airflow/example_dags/example_nested_branch_dag.py for tasks to queue
[2023-11-09T10:23:26.276-0300] {logging_mixin.py:149} INFO - [2023-11-09T10:23:26.276-0300] {dagbag.py:541} INFO - Filling up the DagBag from /Users/lucasmorrone/Documents/airflow/env/lib/python3.11/site-packages/airflow/example_dags/example_nested_branch_dag.py
[2023-11-09T10:23:26.388-0300] {processor.py:836} INFO - DAG(s) dict_keys(['example_nested_branch_dag']) retrieved from /Users/lucasmorrone/Documents/airflow/env/lib/python3.11/site-packages/airflow/example_dags/example_nested_branch_dag.py
[2023-11-09T10:23:27.308-0300] {logging_mixin.py:149} INFO - [2023-11-09T10:23:27.308-0300] {dag.py:2726} INFO - Sync 1 DAGs
[2023-11-09T10:23:27.348-0300] {logging_mixin.py:149} INFO - [2023-11-09T10:23:27.348-0300] {dag.py:3486} INFO - Setting next_dagrun for example_nested_branch_dag to 2023-11-08T00:00:00+00:00, run_after=2023-11-09T00:00:00+00:00
[2023-11-09T10:23:27.388-0300] {processor.py:179} INFO - Processing /Users/lucasmorrone/Documents/airflow/env/lib/python3.11/site-packages/airflow/example_dags/example_nested_branch_dag.py took 1.115 seconds
[2023-11-09T10:29:40.124-0300] {processor.py:157} INFO - Started process (PID=17385) to work on /Users/lucasmorrone/Documents/airflow/env/lib/python3.11/site-packages/airflow/example_dags/example_nested_branch_dag.py
[2023-11-09T10:29:40.126-0300] {processor.py:826} INFO - Processing file /Users/lucasmorrone/Documents/airflow/env/lib/python3.11/site-packages/airflow/example_dags/example_nested_branch_dag.py for tasks to queue
[2023-11-09T10:29:40.128-0300] {logging_mixin.py:149} INFO - [2023-11-09T10:29:40.128-0300] {dagbag.py:541} INFO - Filling up the DagBag from /Users/lucasmorrone/Documents/airflow/env/lib/python3.11/site-packages/airflow/example_dags/example_nested_branch_dag.py
[2023-11-09T10:29:40.220-0300] {processor.py:836} INFO - DAG(s) dict_keys(['example_nested_branch_dag']) retrieved from /Users/lucasmorrone/Documents/airflow/env/lib/python3.11/site-packages/airflow/example_dags/example_nested_branch_dag.py
[2023-11-09T10:29:41.985-0300] {logging_mixin.py:149} INFO - [2023-11-09T10:29:41.984-0300] {dag.py:2726} INFO - Sync 1 DAGs
[2023-11-09T10:29:42.038-0300] {logging_mixin.py:149} INFO - [2023-11-09T10:29:42.037-0300] {dag.py:3486} INFO - Setting next_dagrun for example_nested_branch_dag to 2023-11-08T00:00:00+00:00, run_after=2023-11-09T00:00:00+00:00
[2023-11-09T10:29:42.083-0300] {processor.py:179} INFO - Processing /Users/lucasmorrone/Documents/airflow/env/lib/python3.11/site-packages/airflow/example_dags/example_nested_branch_dag.py took 1.960 seconds
[2023-11-09T10:33:36.013-0300] {processor.py:157} INFO - Started process (PID=17889) to work on /Users/lucasmorrone/Documents/airflow/env/lib/python3.11/site-packages/airflow/example_dags/example_nested_branch_dag.py
[2023-11-09T10:33:36.026-0300] {processor.py:826} INFO - Processing file /Users/lucasmorrone/Documents/airflow/env/lib/python3.11/site-packages/airflow/example_dags/example_nested_branch_dag.py for tasks to queue
[2023-11-09T10:33:36.028-0300] {logging_mixin.py:149} INFO - [2023-11-09T10:33:36.028-0300] {dagbag.py:541} INFO - Filling up the DagBag from /Users/lucasmorrone/Documents/airflow/env/lib/python3.11/site-packages/airflow/example_dags/example_nested_branch_dag.py
[2023-11-09T10:33:36.348-0300] {processor.py:836} INFO - DAG(s) dict_keys(['example_nested_branch_dag']) retrieved from /Users/lucasmorrone/Documents/airflow/env/lib/python3.11/site-packages/airflow/example_dags/example_nested_branch_dag.py
[2023-11-09T10:33:39.045-0300] {logging_mixin.py:149} INFO - [2023-11-09T10:33:39.044-0300] {dag.py:2726} INFO - Sync 1 DAGs
[2023-11-09T10:33:39.077-0300] {logging_mixin.py:149} INFO - [2023-11-09T10:33:39.076-0300] {dag.py:3486} INFO - Setting next_dagrun for example_nested_branch_dag to 2023-11-08T00:00:00+00:00, run_after=2023-11-09T00:00:00+00:00
[2023-11-09T10:33:39.123-0300] {processor.py:179} INFO - Processing /Users/lucasmorrone/Documents/airflow/env/lib/python3.11/site-packages/airflow/example_dags/example_nested_branch_dag.py took 3.112 seconds
