[2023-11-09T10:14:46.545-0300] {processor.py:157} INFO - Started process (PID=16387) to work on /Users/lucasmorrone/Documents/airflow/env/lib/python3.11/site-packages/airflow/example_dags/tutorial_taskflow_api_virtualenv.py
[2023-11-09T10:14:46.547-0300] {processor.py:826} INFO - Processing file /Users/lucasmorrone/Documents/airflow/env/lib/python3.11/site-packages/airflow/example_dags/tutorial_taskflow_api_virtualenv.py for tasks to queue
[2023-11-09T10:14:46.549-0300] {logging_mixin.py:149} INFO - [2023-11-09T10:14:46.549-0300] {dagbag.py:541} INFO - Filling up the DagBag from /Users/lucasmorrone/Documents/airflow/env/lib/python3.11/site-packages/airflow/example_dags/tutorial_taskflow_api_virtualenv.py
[2023-11-09T10:14:46.688-0300] {processor.py:836} INFO - DAG(s) dict_keys(['tutorial_taskflow_api_virtualenv']) retrieved from /Users/lucasmorrone/Documents/airflow/env/lib/python3.11/site-packages/airflow/example_dags/tutorial_taskflow_api_virtualenv.py
[2023-11-09T10:14:48.686-0300] {logging_mixin.py:149} INFO - [2023-11-09T10:14:48.686-0300] {manager.py:504} INFO - Created Permission View: can read on DAG:tutorial_taskflow_api_virtualenv
[2023-11-09T10:14:48.709-0300] {logging_mixin.py:149} INFO - [2023-11-09T10:14:48.708-0300] {manager.py:504} INFO - Created Permission View: can delete on DAG:tutorial_taskflow_api_virtualenv
[2023-11-09T10:14:48.722-0300] {logging_mixin.py:149} INFO - [2023-11-09T10:14:48.722-0300] {manager.py:504} INFO - Created Permission View: can edit on DAG:tutorial_taskflow_api_virtualenv
[2023-11-09T10:14:48.724-0300] {logging_mixin.py:149} INFO - [2023-11-09T10:14:48.723-0300] {dag.py:2726} INFO - Sync 1 DAGs
[2023-11-09T10:14:48.739-0300] {logging_mixin.py:149} INFO - [2023-11-09T10:14:48.739-0300] {dag.py:2747} INFO - Creating ORM DAG for tutorial_taskflow_api_virtualenv
[2023-11-09T10:14:48.788-0300] {logging_mixin.py:149} INFO - [2023-11-09T10:14:48.787-0300] {dag.py:3486} INFO - Setting next_dagrun for tutorial_taskflow_api_virtualenv to None, run_after=None
[2023-11-09T10:14:48.834-0300] {processor.py:179} INFO - Processing /Users/lucasmorrone/Documents/airflow/env/lib/python3.11/site-packages/airflow/example_dags/tutorial_taskflow_api_virtualenv.py took 2.292 seconds
[2023-11-09T10:18:15.956-0300] {processor.py:157} INFO - Started process (PID=16607) to work on /Users/lucasmorrone/Documents/airflow/env/lib/python3.11/site-packages/airflow/example_dags/tutorial_taskflow_api_virtualenv.py
[2023-11-09T10:18:15.958-0300] {processor.py:826} INFO - Processing file /Users/lucasmorrone/Documents/airflow/env/lib/python3.11/site-packages/airflow/example_dags/tutorial_taskflow_api_virtualenv.py for tasks to queue
[2023-11-09T10:18:15.959-0300] {logging_mixin.py:149} INFO - [2023-11-09T10:18:15.959-0300] {dagbag.py:541} INFO - Filling up the DagBag from /Users/lucasmorrone/Documents/airflow/env/lib/python3.11/site-packages/airflow/example_dags/tutorial_taskflow_api_virtualenv.py
[2023-11-09T10:18:16.067-0300] {processor.py:836} INFO - DAG(s) dict_keys(['tutorial_taskflow_api_virtualenv']) retrieved from /Users/lucasmorrone/Documents/airflow/env/lib/python3.11/site-packages/airflow/example_dags/tutorial_taskflow_api_virtualenv.py
[2023-11-09T10:18:17.292-0300] {logging_mixin.py:149} INFO - [2023-11-09T10:18:17.291-0300] {dag.py:2726} INFO - Sync 1 DAGs
[2023-11-09T10:18:17.337-0300] {logging_mixin.py:149} INFO - [2023-11-09T10:18:17.336-0300] {dag.py:3486} INFO - Setting next_dagrun for tutorial_taskflow_api_virtualenv to None, run_after=None
[2023-11-09T10:18:17.407-0300] {processor.py:179} INFO - Processing /Users/lucasmorrone/Documents/airflow/env/lib/python3.11/site-packages/airflow/example_dags/tutorial_taskflow_api_virtualenv.py took 1.453 seconds
[2023-11-09T10:21:30.866-0300] {processor.py:157} INFO - Started process (PID=16733) to work on /Users/lucasmorrone/Documents/airflow/env/lib/python3.11/site-packages/airflow/example_dags/tutorial_taskflow_api_virtualenv.py
[2023-11-09T10:21:30.867-0300] {processor.py:826} INFO - Processing file /Users/lucasmorrone/Documents/airflow/env/lib/python3.11/site-packages/airflow/example_dags/tutorial_taskflow_api_virtualenv.py for tasks to queue
[2023-11-09T10:21:30.868-0300] {logging_mixin.py:149} INFO - [2023-11-09T10:21:30.867-0300] {dagbag.py:541} INFO - Filling up the DagBag from /Users/lucasmorrone/Documents/airflow/env/lib/python3.11/site-packages/airflow/example_dags/tutorial_taskflow_api_virtualenv.py
[2023-11-09T10:21:30.936-0300] {processor.py:836} INFO - DAG(s) dict_keys(['tutorial_taskflow_api_virtualenv']) retrieved from /Users/lucasmorrone/Documents/airflow/env/lib/python3.11/site-packages/airflow/example_dags/tutorial_taskflow_api_virtualenv.py
[2023-11-09T10:21:32.940-0300] {logging_mixin.py:149} INFO - [2023-11-09T10:21:32.939-0300] {dag.py:2726} INFO - Sync 1 DAGs
[2023-11-09T10:21:32.998-0300] {logging_mixin.py:149} INFO - [2023-11-09T10:21:32.997-0300] {dag.py:3486} INFO - Setting next_dagrun for tutorial_taskflow_api_virtualenv to None, run_after=None
[2023-11-09T10:21:33.086-0300] {processor.py:179} INFO - Processing /Users/lucasmorrone/Documents/airflow/env/lib/python3.11/site-packages/airflow/example_dags/tutorial_taskflow_api_virtualenv.py took 2.222 seconds
[2023-11-09T10:24:36.805-0300] {processor.py:157} INFO - Started process (PID=17010) to work on /Users/lucasmorrone/Documents/airflow/env/lib/python3.11/site-packages/airflow/example_dags/tutorial_taskflow_api_virtualenv.py
[2023-11-09T10:24:36.807-0300] {processor.py:826} INFO - Processing file /Users/lucasmorrone/Documents/airflow/env/lib/python3.11/site-packages/airflow/example_dags/tutorial_taskflow_api_virtualenv.py for tasks to queue
[2023-11-09T10:24:36.809-0300] {logging_mixin.py:149} INFO - [2023-11-09T10:24:36.808-0300] {dagbag.py:541} INFO - Filling up the DagBag from /Users/lucasmorrone/Documents/airflow/env/lib/python3.11/site-packages/airflow/example_dags/tutorial_taskflow_api_virtualenv.py
[2023-11-09T10:24:36.944-0300] {processor.py:836} INFO - DAG(s) dict_keys(['tutorial_taskflow_api_virtualenv']) retrieved from /Users/lucasmorrone/Documents/airflow/env/lib/python3.11/site-packages/airflow/example_dags/tutorial_taskflow_api_virtualenv.py
[2023-11-09T10:24:38.314-0300] {logging_mixin.py:149} INFO - [2023-11-09T10:24:38.313-0300] {dag.py:2726} INFO - Sync 1 DAGs
[2023-11-09T10:24:38.347-0300] {logging_mixin.py:149} INFO - [2023-11-09T10:24:38.347-0300] {dag.py:3486} INFO - Setting next_dagrun for tutorial_taskflow_api_virtualenv to None, run_after=None
[2023-11-09T10:24:38.375-0300] {processor.py:179} INFO - Processing /Users/lucasmorrone/Documents/airflow/env/lib/python3.11/site-packages/airflow/example_dags/tutorial_taskflow_api_virtualenv.py took 1.572 seconds
[2023-11-09T10:27:06.718-0300] {processor.py:157} INFO - Started process (PID=17247) to work on /Users/lucasmorrone/Documents/airflow/env/lib/python3.11/site-packages/airflow/example_dags/tutorial_taskflow_api_virtualenv.py
[2023-11-09T10:27:06.720-0300] {processor.py:826} INFO - Processing file /Users/lucasmorrone/Documents/airflow/env/lib/python3.11/site-packages/airflow/example_dags/tutorial_taskflow_api_virtualenv.py for tasks to queue
[2023-11-09T10:27:06.721-0300] {logging_mixin.py:149} INFO - [2023-11-09T10:27:06.721-0300] {dagbag.py:541} INFO - Filling up the DagBag from /Users/lucasmorrone/Documents/airflow/env/lib/python3.11/site-packages/airflow/example_dags/tutorial_taskflow_api_virtualenv.py
[2023-11-09T10:27:06.853-0300] {processor.py:836} INFO - DAG(s) dict_keys(['tutorial_taskflow_api_virtualenv']) retrieved from /Users/lucasmorrone/Documents/airflow/env/lib/python3.11/site-packages/airflow/example_dags/tutorial_taskflow_api_virtualenv.py
[2023-11-09T10:27:08.489-0300] {logging_mixin.py:149} INFO - [2023-11-09T10:27:08.488-0300] {dag.py:2726} INFO - Sync 1 DAGs
[2023-11-09T10:27:08.540-0300] {logging_mixin.py:149} INFO - [2023-11-09T10:27:08.540-0300] {dag.py:3486} INFO - Setting next_dagrun for tutorial_taskflow_api_virtualenv to None, run_after=None
[2023-11-09T10:27:08.609-0300] {processor.py:179} INFO - Processing /Users/lucasmorrone/Documents/airflow/env/lib/python3.11/site-packages/airflow/example_dags/tutorial_taskflow_api_virtualenv.py took 1.894 seconds
[2023-11-09T10:31:17.988-0300] {processor.py:157} INFO - Started process (PID=17629) to work on /Users/lucasmorrone/Documents/airflow/env/lib/python3.11/site-packages/airflow/example_dags/tutorial_taskflow_api_virtualenv.py
[2023-11-09T10:31:17.990-0300] {processor.py:826} INFO - Processing file /Users/lucasmorrone/Documents/airflow/env/lib/python3.11/site-packages/airflow/example_dags/tutorial_taskflow_api_virtualenv.py for tasks to queue
[2023-11-09T10:31:17.991-0300] {logging_mixin.py:149} INFO - [2023-11-09T10:31:17.991-0300] {dagbag.py:541} INFO - Filling up the DagBag from /Users/lucasmorrone/Documents/airflow/env/lib/python3.11/site-packages/airflow/example_dags/tutorial_taskflow_api_virtualenv.py
[2023-11-09T10:31:18.059-0300] {processor.py:836} INFO - DAG(s) dict_keys(['tutorial_taskflow_api_virtualenv']) retrieved from /Users/lucasmorrone/Documents/airflow/env/lib/python3.11/site-packages/airflow/example_dags/tutorial_taskflow_api_virtualenv.py
[2023-11-09T10:31:19.405-0300] {logging_mixin.py:149} INFO - [2023-11-09T10:31:19.404-0300] {dag.py:2726} INFO - Sync 1 DAGs
[2023-11-09T10:31:19.428-0300] {logging_mixin.py:149} INFO - [2023-11-09T10:31:19.427-0300] {dag.py:3486} INFO - Setting next_dagrun for tutorial_taskflow_api_virtualenv to None, run_after=None
[2023-11-09T10:31:19.455-0300] {processor.py:179} INFO - Processing /Users/lucasmorrone/Documents/airflow/env/lib/python3.11/site-packages/airflow/example_dags/tutorial_taskflow_api_virtualenv.py took 1.468 seconds
[2023-11-09T10:34:41.864-0300] {processor.py:157} INFO - Started process (PID=17911) to work on /Users/lucasmorrone/Documents/airflow/env/lib/python3.11/site-packages/airflow/example_dags/tutorial_taskflow_api_virtualenv.py
[2023-11-09T10:34:41.865-0300] {processor.py:826} INFO - Processing file /Users/lucasmorrone/Documents/airflow/env/lib/python3.11/site-packages/airflow/example_dags/tutorial_taskflow_api_virtualenv.py for tasks to queue
[2023-11-09T10:34:41.866-0300] {logging_mixin.py:149} INFO - [2023-11-09T10:34:41.866-0300] {dagbag.py:541} INFO - Filling up the DagBag from /Users/lucasmorrone/Documents/airflow/env/lib/python3.11/site-packages/airflow/example_dags/tutorial_taskflow_api_virtualenv.py
[2023-11-09T10:34:41.963-0300] {processor.py:836} INFO - DAG(s) dict_keys(['tutorial_taskflow_api_virtualenv']) retrieved from /Users/lucasmorrone/Documents/airflow/env/lib/python3.11/site-packages/airflow/example_dags/tutorial_taskflow_api_virtualenv.py
[2023-11-09T10:34:43.676-0300] {logging_mixin.py:149} INFO - [2023-11-09T10:34:43.675-0300] {dag.py:2726} INFO - Sync 1 DAGs
[2023-11-09T10:34:43.706-0300] {logging_mixin.py:149} INFO - [2023-11-09T10:34:43.705-0300] {dag.py:3486} INFO - Setting next_dagrun for tutorial_taskflow_api_virtualenv to None, run_after=None
[2023-11-09T10:34:43.738-0300] {processor.py:179} INFO - Processing /Users/lucasmorrone/Documents/airflow/env/lib/python3.11/site-packages/airflow/example_dags/tutorial_taskflow_api_virtualenv.py took 1.876 seconds
