[2023-11-09T10:15:03.823-0300] {processor.py:157} INFO - Started process (PID=16393) to work on /Users/lucasmorrone/Documents/airflow/env/lib/python3.11/site-packages/airflow/example_dags/tutorial.py
[2023-11-09T10:15:03.824-0300] {processor.py:826} INFO - Processing file /Users/lucasmorrone/Documents/airflow/env/lib/python3.11/site-packages/airflow/example_dags/tutorial.py for tasks to queue
[2023-11-09T10:15:03.825-0300] {logging_mixin.py:149} INFO - [2023-11-09T10:15:03.825-0300] {dagbag.py:541} INFO - Filling up the DagBag from /Users/lucasmorrone/Documents/airflow/env/lib/python3.11/site-packages/airflow/example_dags/tutorial.py
[2023-11-09T10:15:03.849-0300] {processor.py:836} INFO - DAG(s) dict_keys(['tutorial']) retrieved from /Users/lucasmorrone/Documents/airflow/env/lib/python3.11/site-packages/airflow/example_dags/tutorial.py
[2023-11-09T10:15:04.917-0300] {logging_mixin.py:149} INFO - [2023-11-09T10:15:04.916-0300] {manager.py:504} INFO - Created Permission View: can read on DAG:tutorial
[2023-11-09T10:15:04.931-0300] {logging_mixin.py:149} INFO - [2023-11-09T10:15:04.930-0300] {manager.py:504} INFO - Created Permission View: can delete on DAG:tutorial
[2023-11-09T10:15:04.942-0300] {logging_mixin.py:149} INFO - [2023-11-09T10:15:04.942-0300] {manager.py:504} INFO - Created Permission View: can edit on DAG:tutorial
[2023-11-09T10:15:04.943-0300] {logging_mixin.py:149} INFO - [2023-11-09T10:15:04.942-0300] {dag.py:2726} INFO - Sync 1 DAGs
[2023-11-09T10:15:05.052-0300] {logging_mixin.py:149} INFO - [2023-11-09T10:15:05.051-0300] {dag.py:2747} INFO - Creating ORM DAG for tutorial
[2023-11-09T10:15:05.064-0300] {logging_mixin.py:149} INFO - [2023-11-09T10:15:05.063-0300] {dag.py:3486} INFO - Setting next_dagrun for tutorial to 2023-11-08T13:15:05.063706+00:00, run_after=2023-11-09T13:15:05.063706+00:00
[2023-11-09T10:15:05.092-0300] {processor.py:179} INFO - Processing /Users/lucasmorrone/Documents/airflow/env/lib/python3.11/site-packages/airflow/example_dags/tutorial.py took 1.270 seconds
[2023-11-09T10:18:29.895-0300] {processor.py:157} INFO - Started process (PID=16615) to work on /Users/lucasmorrone/Documents/airflow/env/lib/python3.11/site-packages/airflow/example_dags/tutorial.py
[2023-11-09T10:18:29.897-0300] {processor.py:826} INFO - Processing file /Users/lucasmorrone/Documents/airflow/env/lib/python3.11/site-packages/airflow/example_dags/tutorial.py for tasks to queue
[2023-11-09T10:18:29.898-0300] {logging_mixin.py:149} INFO - [2023-11-09T10:18:29.898-0300] {dagbag.py:541} INFO - Filling up the DagBag from /Users/lucasmorrone/Documents/airflow/env/lib/python3.11/site-packages/airflow/example_dags/tutorial.py
[2023-11-09T10:18:30.074-0300] {processor.py:836} INFO - DAG(s) dict_keys(['tutorial']) retrieved from /Users/lucasmorrone/Documents/airflow/env/lib/python3.11/site-packages/airflow/example_dags/tutorial.py
[2023-11-09T10:18:31.638-0300] {logging_mixin.py:149} INFO - [2023-11-09T10:18:31.637-0300] {dag.py:2726} INFO - Sync 1 DAGs
[2023-11-09T10:18:31.672-0300] {logging_mixin.py:149} INFO - [2023-11-09T10:18:31.672-0300] {dag.py:3486} INFO - Setting next_dagrun for tutorial to 2023-11-08T13:18:31.672288+00:00, run_after=2023-11-09T13:18:31.672288+00:00
[2023-11-09T10:18:31.710-0300] {processor.py:179} INFO - Processing /Users/lucasmorrone/Documents/airflow/env/lib/python3.11/site-packages/airflow/example_dags/tutorial.py took 1.817 seconds
[2023-11-09T10:21:44.598-0300] {processor.py:157} INFO - Started process (PID=16737) to work on /Users/lucasmorrone/Documents/airflow/env/lib/python3.11/site-packages/airflow/example_dags/tutorial.py
[2023-11-09T10:21:44.600-0300] {processor.py:826} INFO - Processing file /Users/lucasmorrone/Documents/airflow/env/lib/python3.11/site-packages/airflow/example_dags/tutorial.py for tasks to queue
[2023-11-09T10:21:44.600-0300] {logging_mixin.py:149} INFO - [2023-11-09T10:21:44.600-0300] {dagbag.py:541} INFO - Filling up the DagBag from /Users/lucasmorrone/Documents/airflow/env/lib/python3.11/site-packages/airflow/example_dags/tutorial.py
[2023-11-09T10:21:44.628-0300] {processor.py:836} INFO - DAG(s) dict_keys(['tutorial']) retrieved from /Users/lucasmorrone/Documents/airflow/env/lib/python3.11/site-packages/airflow/example_dags/tutorial.py
[2023-11-09T10:21:46.102-0300] {logging_mixin.py:149} INFO - [2023-11-09T10:21:46.102-0300] {dag.py:2726} INFO - Sync 1 DAGs
[2023-11-09T10:21:46.145-0300] {logging_mixin.py:149} INFO - [2023-11-09T10:21:46.144-0300] {dag.py:3486} INFO - Setting next_dagrun for tutorial to 2023-11-08T13:21:46.144661+00:00, run_after=2023-11-09T13:21:46.144661+00:00
[2023-11-09T10:21:46.184-0300] {processor.py:179} INFO - Processing /Users/lucasmorrone/Documents/airflow/env/lib/python3.11/site-packages/airflow/example_dags/tutorial.py took 1.587 seconds
[2023-11-09T10:24:52.438-0300] {processor.py:157} INFO - Started process (PID=17016) to work on /Users/lucasmorrone/Documents/airflow/env/lib/python3.11/site-packages/airflow/example_dags/tutorial.py
[2023-11-09T10:24:52.441-0300] {processor.py:826} INFO - Processing file /Users/lucasmorrone/Documents/airflow/env/lib/python3.11/site-packages/airflow/example_dags/tutorial.py for tasks to queue
[2023-11-09T10:24:52.442-0300] {logging_mixin.py:149} INFO - [2023-11-09T10:24:52.442-0300] {dagbag.py:541} INFO - Filling up the DagBag from /Users/lucasmorrone/Documents/airflow/env/lib/python3.11/site-packages/airflow/example_dags/tutorial.py
[2023-11-09T10:24:52.490-0300] {processor.py:836} INFO - DAG(s) dict_keys(['tutorial']) retrieved from /Users/lucasmorrone/Documents/airflow/env/lib/python3.11/site-packages/airflow/example_dags/tutorial.py
[2023-11-09T10:24:53.584-0300] {logging_mixin.py:149} INFO - [2023-11-09T10:24:53.584-0300] {dag.py:2726} INFO - Sync 1 DAGs
[2023-11-09T10:24:53.613-0300] {logging_mixin.py:149} INFO - [2023-11-09T10:24:53.613-0300] {dag.py:3486} INFO - Setting next_dagrun for tutorial to 2023-11-08T13:24:53.612824+00:00, run_after=2023-11-09T13:24:53.612824+00:00
[2023-11-09T10:24:53.652-0300] {processor.py:179} INFO - Processing /Users/lucasmorrone/Documents/airflow/env/lib/python3.11/site-packages/airflow/example_dags/tutorial.py took 1.216 seconds
[2023-11-09T10:27:26.181-0300] {processor.py:157} INFO - Started process (PID=17268) to work on /Users/lucasmorrone/Documents/airflow/env/lib/python3.11/site-packages/airflow/example_dags/tutorial.py
[2023-11-09T10:27:26.182-0300] {processor.py:826} INFO - Processing file /Users/lucasmorrone/Documents/airflow/env/lib/python3.11/site-packages/airflow/example_dags/tutorial.py for tasks to queue
[2023-11-09T10:27:26.183-0300] {logging_mixin.py:149} INFO - [2023-11-09T10:27:26.183-0300] {dagbag.py:541} INFO - Filling up the DagBag from /Users/lucasmorrone/Documents/airflow/env/lib/python3.11/site-packages/airflow/example_dags/tutorial.py
[2023-11-09T10:27:26.213-0300] {processor.py:836} INFO - DAG(s) dict_keys(['tutorial']) retrieved from /Users/lucasmorrone/Documents/airflow/env/lib/python3.11/site-packages/airflow/example_dags/tutorial.py
[2023-11-09T10:27:30.125-0300] {logging_mixin.py:149} INFO - [2023-11-09T10:27:30.124-0300] {dag.py:2726} INFO - Sync 1 DAGs
[2023-11-09T10:27:30.160-0300] {logging_mixin.py:149} INFO - [2023-11-09T10:27:30.159-0300] {dag.py:3486} INFO - Setting next_dagrun for tutorial to 2023-11-08T13:27:30.159421+00:00, run_after=2023-11-09T13:27:30.159421+00:00
[2023-11-09T10:27:30.205-0300] {processor.py:179} INFO - Processing /Users/lucasmorrone/Documents/airflow/env/lib/python3.11/site-packages/airflow/example_dags/tutorial.py took 4.025 seconds
[2023-11-09T10:31:31.624-0300] {processor.py:157} INFO - Started process (PID=17643) to work on /Users/lucasmorrone/Documents/airflow/env/lib/python3.11/site-packages/airflow/example_dags/tutorial.py
[2023-11-09T10:31:31.627-0300] {processor.py:826} INFO - Processing file /Users/lucasmorrone/Documents/airflow/env/lib/python3.11/site-packages/airflow/example_dags/tutorial.py for tasks to queue
[2023-11-09T10:31:31.628-0300] {logging_mixin.py:149} INFO - [2023-11-09T10:31:31.628-0300] {dagbag.py:541} INFO - Filling up the DagBag from /Users/lucasmorrone/Documents/airflow/env/lib/python3.11/site-packages/airflow/example_dags/tutorial.py
[2023-11-09T10:31:31.656-0300] {processor.py:836} INFO - DAG(s) dict_keys(['tutorial']) retrieved from /Users/lucasmorrone/Documents/airflow/env/lib/python3.11/site-packages/airflow/example_dags/tutorial.py
[2023-11-09T10:31:33.051-0300] {logging_mixin.py:149} INFO - [2023-11-09T10:31:33.051-0300] {dag.py:2726} INFO - Sync 1 DAGs
[2023-11-09T10:31:33.079-0300] {logging_mixin.py:149} INFO - [2023-11-09T10:31:33.079-0300] {dag.py:3486} INFO - Setting next_dagrun for tutorial to 2023-11-08T13:31:33.078915+00:00, run_after=2023-11-09T13:31:33.078915+00:00
[2023-11-09T10:31:33.106-0300] {processor.py:179} INFO - Processing /Users/lucasmorrone/Documents/airflow/env/lib/python3.11/site-packages/airflow/example_dags/tutorial.py took 1.484 seconds
