[2023-11-09T10:14:29.356-0300] {processor.py:157} INFO - Started process (PID=16381) to work on /Users/lucasmorrone/Documents/airflow/env/lib/python3.11/site-packages/airflow/example_dags/subdags/subdag.py
[2023-11-09T10:14:29.358-0300] {processor.py:826} INFO - Processing file /Users/lucasmorrone/Documents/airflow/env/lib/python3.11/site-packages/airflow/example_dags/subdags/subdag.py for tasks to queue
[2023-11-09T10:14:29.359-0300] {logging_mixin.py:149} INFO - [2023-11-09T10:14:29.359-0300] {dagbag.py:541} INFO - Filling up the DagBag from /Users/lucasmorrone/Documents/airflow/env/lib/python3.11/site-packages/airflow/example_dags/subdags/subdag.py
[2023-11-09T10:14:29.362-0300] {processor.py:838} WARNING - No viable dags retrieved from /Users/lucasmorrone/Documents/airflow/env/lib/python3.11/site-packages/airflow/example_dags/subdags/subdag.py
[2023-11-09T10:14:30.747-0300] {processor.py:179} INFO - Processing /Users/lucasmorrone/Documents/airflow/env/lib/python3.11/site-packages/airflow/example_dags/subdags/subdag.py took 1.393 seconds
[2023-11-09T10:17:56.278-0300] {processor.py:157} INFO - Started process (PID=16582) to work on /Users/lucasmorrone/Documents/airflow/env/lib/python3.11/site-packages/airflow/example_dags/subdags/subdag.py
[2023-11-09T10:17:56.280-0300] {processor.py:826} INFO - Processing file /Users/lucasmorrone/Documents/airflow/env/lib/python3.11/site-packages/airflow/example_dags/subdags/subdag.py for tasks to queue
[2023-11-09T10:17:56.280-0300] {logging_mixin.py:149} INFO - [2023-11-09T10:17:56.280-0300] {dagbag.py:541} INFO - Filling up the DagBag from /Users/lucasmorrone/Documents/airflow/env/lib/python3.11/site-packages/airflow/example_dags/subdags/subdag.py
[2023-11-09T10:17:56.283-0300] {processor.py:838} WARNING - No viable dags retrieved from /Users/lucasmorrone/Documents/airflow/env/lib/python3.11/site-packages/airflow/example_dags/subdags/subdag.py
[2023-11-09T10:17:57.643-0300] {processor.py:179} INFO - Processing /Users/lucasmorrone/Documents/airflow/env/lib/python3.11/site-packages/airflow/example_dags/subdags/subdag.py took 1.367 seconds
[2023-11-09T10:21:12.386-0300] {processor.py:157} INFO - Started process (PID=16726) to work on /Users/lucasmorrone/Documents/airflow/env/lib/python3.11/site-packages/airflow/example_dags/subdags/subdag.py
[2023-11-09T10:21:12.388-0300] {processor.py:826} INFO - Processing file /Users/lucasmorrone/Documents/airflow/env/lib/python3.11/site-packages/airflow/example_dags/subdags/subdag.py for tasks to queue
[2023-11-09T10:21:12.390-0300] {logging_mixin.py:149} INFO - [2023-11-09T10:21:12.389-0300] {dagbag.py:541} INFO - Filling up the DagBag from /Users/lucasmorrone/Documents/airflow/env/lib/python3.11/site-packages/airflow/example_dags/subdags/subdag.py
[2023-11-09T10:21:12.394-0300] {processor.py:838} WARNING - No viable dags retrieved from /Users/lucasmorrone/Documents/airflow/env/lib/python3.11/site-packages/airflow/example_dags/subdags/subdag.py
[2023-11-09T10:21:13.690-0300] {processor.py:179} INFO - Processing /Users/lucasmorrone/Documents/airflow/env/lib/python3.11/site-packages/airflow/example_dags/subdags/subdag.py took 1.305 seconds
[2023-11-09T10:24:19.747-0300] {processor.py:157} INFO - Started process (PID=17002) to work on /Users/lucasmorrone/Documents/airflow/env/lib/python3.11/site-packages/airflow/example_dags/subdags/subdag.py
[2023-11-09T10:24:19.750-0300] {processor.py:826} INFO - Processing file /Users/lucasmorrone/Documents/airflow/env/lib/python3.11/site-packages/airflow/example_dags/subdags/subdag.py for tasks to queue
[2023-11-09T10:24:19.751-0300] {logging_mixin.py:149} INFO - [2023-11-09T10:24:19.751-0300] {dagbag.py:541} INFO - Filling up the DagBag from /Users/lucasmorrone/Documents/airflow/env/lib/python3.11/site-packages/airflow/example_dags/subdags/subdag.py
[2023-11-09T10:24:19.756-0300] {processor.py:838} WARNING - No viable dags retrieved from /Users/lucasmorrone/Documents/airflow/env/lib/python3.11/site-packages/airflow/example_dags/subdags/subdag.py
[2023-11-09T10:24:21.143-0300] {processor.py:179} INFO - Processing /Users/lucasmorrone/Documents/airflow/env/lib/python3.11/site-packages/airflow/example_dags/subdags/subdag.py took 1.397 seconds
[2023-11-09T10:26:45.141-0300] {processor.py:157} INFO - Started process (PID=17182) to work on /Users/lucasmorrone/Documents/airflow/env/lib/python3.11/site-packages/airflow/example_dags/subdags/subdag.py
[2023-11-09T10:26:45.143-0300] {processor.py:826} INFO - Processing file /Users/lucasmorrone/Documents/airflow/env/lib/python3.11/site-packages/airflow/example_dags/subdags/subdag.py for tasks to queue
[2023-11-09T10:26:45.145-0300] {logging_mixin.py:149} INFO - [2023-11-09T10:26:45.145-0300] {dagbag.py:541} INFO - Filling up the DagBag from /Users/lucasmorrone/Documents/airflow/env/lib/python3.11/site-packages/airflow/example_dags/subdags/subdag.py
[2023-11-09T10:26:45.149-0300] {processor.py:838} WARNING - No viable dags retrieved from /Users/lucasmorrone/Documents/airflow/env/lib/python3.11/site-packages/airflow/example_dags/subdags/subdag.py
[2023-11-09T10:26:47.884-0300] {processor.py:179} INFO - Processing /Users/lucasmorrone/Documents/airflow/env/lib/python3.11/site-packages/airflow/example_dags/subdags/subdag.py took 2.745 seconds
[2023-11-09T10:31:00.919-0300] {processor.py:157} INFO - Started process (PID=17614) to work on /Users/lucasmorrone/Documents/airflow/env/lib/python3.11/site-packages/airflow/example_dags/subdags/subdag.py
[2023-11-09T10:31:00.920-0300] {processor.py:826} INFO - Processing file /Users/lucasmorrone/Documents/airflow/env/lib/python3.11/site-packages/airflow/example_dags/subdags/subdag.py for tasks to queue
[2023-11-09T10:31:00.921-0300] {logging_mixin.py:149} INFO - [2023-11-09T10:31:00.921-0300] {dagbag.py:541} INFO - Filling up the DagBag from /Users/lucasmorrone/Documents/airflow/env/lib/python3.11/site-packages/airflow/example_dags/subdags/subdag.py
[2023-11-09T10:31:00.924-0300] {processor.py:838} WARNING - No viable dags retrieved from /Users/lucasmorrone/Documents/airflow/env/lib/python3.11/site-packages/airflow/example_dags/subdags/subdag.py
[2023-11-09T10:31:01.948-0300] {processor.py:179} INFO - Processing /Users/lucasmorrone/Documents/airflow/env/lib/python3.11/site-packages/airflow/example_dags/subdags/subdag.py took 1.031 seconds
[2023-11-09T10:34:23.020-0300] {processor.py:157} INFO - Started process (PID=17905) to work on /Users/lucasmorrone/Documents/airflow/env/lib/python3.11/site-packages/airflow/example_dags/subdags/subdag.py
[2023-11-09T10:34:23.023-0300] {processor.py:826} INFO - Processing file /Users/lucasmorrone/Documents/airflow/env/lib/python3.11/site-packages/airflow/example_dags/subdags/subdag.py for tasks to queue
[2023-11-09T10:34:23.024-0300] {logging_mixin.py:149} INFO - [2023-11-09T10:34:23.024-0300] {dagbag.py:541} INFO - Filling up the DagBag from /Users/lucasmorrone/Documents/airflow/env/lib/python3.11/site-packages/airflow/example_dags/subdags/subdag.py
[2023-11-09T10:34:23.028-0300] {processor.py:838} WARNING - No viable dags retrieved from /Users/lucasmorrone/Documents/airflow/env/lib/python3.11/site-packages/airflow/example_dags/subdags/subdag.py
[2023-11-09T10:34:24.269-0300] {processor.py:179} INFO - Processing /Users/lucasmorrone/Documents/airflow/env/lib/python3.11/site-packages/airflow/example_dags/subdags/subdag.py took 1.251 seconds
